                         The SAS System                        1
                               12:02 Saturday, February 16, 2013

                      The Mixed Procedure

                       Model Information

     Data Set                     WORK.INPUTDATA           
     Dependent Variable           y                        
     Covariance Structure         Variance Components      
     Subject Effect               subject                  
     Estimation Method            ML                       
     Residual Variance Method     Profile                  
     Fixed Effects SE Method      Model-Based              
     Degrees of Freedom Method    Containment              
                         The SAS System                        2
                               12:02 Saturday, February 16, 2013

                      The Mixed Procedure

                    Class Level Information
 
      Class      Levels    Values

      subject        30    1 10 11 12 13 14 15 16 17 18  
                           19 2 20 21 22 23 24 25 26 27  
                           28 29 3 30 4 5 6 7 8 9        
                         The SAS System                        3
                               12:02 Saturday, February 16, 2013

                      The Mixed Procedure

                          Dimensions

              Covariance Parameters            11
              Columns in X                     10
              Columns in Z Per Subject         10
              Subjects                         30
              Max Obs Per Subject              10
                         The SAS System                        4
                               12:02 Saturday, February 16, 2013

                      The Mixed Procedure

                    Number of Observations

          Number of Observations Read             300
          Number of Observations Used             300
          Number of Observations Not Used           0


                         The SAS System                        5
                               12:02 Saturday, February 16, 2013

                      The Mixed Procedure

                       Iteration History
 
  Iteration    Evaluations        -2 Log Like       Criterion

          0              1       497.30143430                
          1              4       481.83999560      6.34753177
          2              3       481.03911630      0.25677815
          3              3       479.15812132      0.20417470
          4              1       469.86600030      0.06059172
                         The SAS System                        6
                               12:02 Saturday, February 16, 2013

                      The Mixed Procedure

                       Iteration History
 
  Iteration    Evaluations        -2 Log Like       Criterion

          5              1       466.88063308       .        
          6              1       465.97335170       .        
          7              1       465.65764851      0.00028385
          8              1       465.64507724      0.00000081
          9              1       465.64504251      0.00000000
                         The SAS System                        7
                               12:02 Saturday, February 16, 2013

                      The Mixed Procedure

                   Convergence criteria met.                    


                 Covariance Parameter Estimates
 
                Cov Parm     Subject    Estimate

                X_1          subject      0.1129
                X_2          subject     0.02694
                X_3          subject      0.2299
                         The SAS System                        8
                               12:02 Saturday, February 16, 2013

                      The Mixed Procedure

                 Covariance Parameter Estimates
 
                Cov Parm     Subject    Estimate

                X_4          subject      0.2582
                X_5          subject     0.04605
                X_6          subject     0.08695
                X_7          subject      0.2955
                X_8          subject    9.27E-19
                X_9          subject      0.1961
                         The SAS System                        9
                               12:02 Saturday, February 16, 2013

                      The Mixed Procedure

                 Covariance Parameter Estimates
 
                Cov Parm     Subject    Estimate

                X_10         subject      0.4833
                Residual                  0.1336
                         The SAS System                       10
                               12:02 Saturday, February 16, 2013

                      The Mixed Procedure

                        Fit Statistics

             -2 Log Likelihood               465.6
             AIC (smaller is better)         505.6
             AICC (smaller is better)        508.7
             BIC (smaller is better)         533.7
                         The SAS System                       11
                               12:02 Saturday, February 16, 2013

                      The Mixed Procedure

                  Solution for Fixed Effects
 
                       Standard
 Effect    Estimate       Error      DF    t Value    Pr > |t|

 X_1         0.3685     0.09065      29       4.07      0.0003
 X_2         0.3813     0.07316      29       5.21      <.0001
 X_3       -0.00512      0.1101      29      -0.05      0.9632
 X_4        -0.2743      0.1143      29      -2.40      0.0230
 X_5        -0.1373     0.07739      29      -1.77      0.0866
                         The SAS System                       12
                               12:02 Saturday, February 16, 2013

                      The Mixed Procedure

                  Solution for Fixed Effects
 
                       Standard
 Effect    Estimate       Error      DF    t Value    Pr > |t|

 X_6         0.1582     0.08575      29       1.85      0.0753
 X_7         0.1327      0.1196      29       1.11      0.2764
 X_8       -0.07259     0.06674      29      -1.09      0.2857
 X_9        -0.1805      0.1048      29      -1.72      0.0958
 X_10       0.02286      0.1434      29       0.16      0.8744
                         The SAS System                       13
                               12:02 Saturday, February 16, 2013

                      The Mixed Procedure

                  Solution for Random Effects
 
                              Std Err
  Effect  subject  Estimate      Pred    DF  t Value  Pr > |t|

  X_1     1         -0.1369    0.2508     0    -0.55     .    
  X_2     1         0.07245    0.1502     0     0.48     .    
  X_3     1          0.4414    0.2989     0     1.48     .    
  X_4     1         0.08544    0.3062     0     0.28     .    
  X_5     1         -0.1109    0.1861     0    -0.60     .    
                         The SAS System                       14
                               12:02 Saturday, February 16, 2013

                      The Mixed Procedure

                  Solution for Random Effects
 
                              Std Err
  Effect  subject  Estimate      Pred    DF  t Value  Pr > |t|

  X_6     1         -0.2267    0.2320     0    -0.98     .    
  X_7     1         -0.1051    0.3143     0    -0.33     .    
  X_8     1               0         .     .      .       .    
  X_9     1        0.002632    0.2887     0     0.01     .    
  X_10    1         -0.1077    0.3425     0    -0.31     .    
                         The SAS System                       15
                               12:02 Saturday, February 16, 2013

                      The Mixed Procedure

                  Solution for Random Effects
 
                              Std Err
  Effect  subject  Estimate      Pred    DF  t Value  Pr > |t|

  X_1     10       -0.07460    0.2508     0    -0.30     .    
  X_2     10        0.06636    0.1502     0     0.44     .    
  X_3     10         0.3643    0.2989     0     1.22     .    
  X_4     10         0.1255    0.3062     0     0.41     .    
  X_5     10       -0.04208    0.1861     0    -0.23     .    
                         The SAS System                       16
                               12:02 Saturday, February 16, 2013

                      The Mixed Procedure

                  Solution for Random Effects
 
                              Std Err
  Effect  subject  Estimate      Pred    DF  t Value  Pr > |t|

  X_6     10       -0.09495    0.2320     0    -0.41     .    
  X_7     10        0.01863    0.3143     0     0.06     .    
  X_8     10              0         .     .      .       .    
  X_9     10         0.1865    0.2887     0     0.65     .    
  X_10    10        0.07480    0.3425     0     0.22     .    
                         The SAS System                       17
                               12:02 Saturday, February 16, 2013

                      The Mixed Procedure

                  Solution for Random Effects
 
                              Std Err
  Effect  subject  Estimate      Pred    DF  t Value  Pr > |t|

  X_1     11        -0.1705    0.2508     0    -0.68     .    
  X_2     11       -0.08975    0.1502     0    -0.60     .    
  X_3     11       0.007526    0.2989     0     0.03     .    
  X_4     11         0.5006    0.3062     0     1.64     .    
  X_5     11         0.1506    0.1861     0     0.81     .    
                         The SAS System                       18
                               12:02 Saturday, February 16, 2013

                      The Mixed Procedure

                  Solution for Random Effects
 
                              Std Err
  Effect  subject  Estimate      Pred    DF  t Value  Pr > |t|

  X_6     11        -0.1742    0.2320     0    -0.75     .    
  X_7     11        -0.5827    0.3143     0    -1.85     .    
  X_8     11              0         .     .      .       .    
  X_9     11         0.5417    0.2887     0     1.88     .    
  X_10    11         1.0963    0.3425     0     3.20     .    
                         The SAS System                       19
                               12:02 Saturday, February 16, 2013

                      The Mixed Procedure

                  Solution for Random Effects
 
                              Std Err
  Effect  subject  Estimate      Pred    DF  t Value  Pr > |t|

  X_1     12        -0.1824    0.2508     0    -0.73     .    
  X_2     12       -0.09980    0.1502     0    -0.66     .    
  X_3     12       -0.00309    0.2989     0    -0.01     .    
  X_4     12         0.1616    0.3062     0     0.53     .    
  X_5     12        0.08760    0.1861     0     0.47     .    
                         The SAS System                       20
                               12:02 Saturday, February 16, 2013

                      The Mixed Procedure

                  Solution for Random Effects
 
                              Std Err
  Effect  subject  Estimate      Pred    DF  t Value  Pr > |t|

  X_6     12        -0.1103    0.2320     0    -0.48     .    
  X_7     12        -0.4112    0.3143     0    -1.31     .    
  X_8     12              0         .     .      .       .    
  X_9     12        0.09457    0.2887     0     0.33     .    
  X_10    12         0.5370    0.3425     0     1.57     .    
                         The SAS System                       21
                               12:02 Saturday, February 16, 2013

                      The Mixed Procedure

                  Solution for Random Effects
 
                              Std Err
  Effect  subject  Estimate      Pred    DF  t Value  Pr > |t|

  X_1     13       -0.06565    0.2508     0    -0.26     .    
  X_2     13       -0.04413    0.1502     0    -0.29     .    
  X_3     13         0.1460    0.2989     0     0.49     .    
  X_4     13         0.4614    0.3062     0     1.51     .    
  X_5     13         0.1757    0.1861     0     0.94     .    
                         The SAS System                       22
                               12:02 Saturday, February 16, 2013

                      The Mixed Procedure

                  Solution for Random Effects
 
                              Std Err
  Effect  subject  Estimate      Pred    DF  t Value  Pr > |t|

  X_6     13       -0.00604    0.2320     0    -0.03     .    
  X_7     13        -0.2794    0.3143     0    -0.89     .    
  X_8     13              0         .     .      .       .    
  X_9     13         0.3145    0.2887     0     1.09     .    
  X_10    13         0.7010    0.3425     0     2.05     .    
                         The SAS System                       23
                               12:02 Saturday, February 16, 2013

                      The Mixed Procedure

                  Solution for Random Effects
 
                              Std Err
  Effect  subject  Estimate      Pred    DF  t Value  Pr > |t|

  X_1     14       -0.00583    0.2508     0    -0.02     .    
  X_2     14       -0.02171    0.1502     0    -0.14     .    
  X_3     14         0.1075    0.2989     0     0.36     .    
  X_4     14         0.4833    0.3062     0     1.58     .    
  X_5     14         0.1863    0.1861     0     1.00     .    
                         The SAS System                       24
                               12:02 Saturday, February 16, 2013

                      The Mixed Procedure

                  Solution for Random Effects
 
                              Std Err
  Effect  subject  Estimate      Pred    DF  t Value  Pr > |t|

  X_6     14       -0.01942    0.2320     0    -0.08     .    
  X_7     14        -0.4002    0.3143     0    -1.27     .    
  X_8     14              0         .     .      .       .    
  X_9     14         0.4814    0.2887     0     1.67     .    
  X_10    14         0.7456    0.3425     0     2.18     .    
                         The SAS System                       25
                               12:02 Saturday, February 16, 2013

                      The Mixed Procedure

                  Solution for Random Effects
 
                              Std Err
  Effect  subject  Estimate      Pred    DF  t Value  Pr > |t|

  X_1     15        -0.1345    0.2508     0    -0.54     .    
  X_2     15       -0.06701    0.1502     0    -0.45     .    
  X_3     15        0.05213    0.2989     0     0.17     .    
  X_4     15         0.4545    0.3062     0     1.48     .    
  X_5     15         0.1707    0.1861     0     0.92     .    
                         The SAS System                       26
                               12:02 Saturday, February 16, 2013

                      The Mixed Procedure

                  Solution for Random Effects
 
                              Std Err
  Effect  subject  Estimate      Pred    DF  t Value  Pr > |t|

  X_6     15       -0.05056    0.2320     0    -0.22     .    
  X_7     15        -0.4918    0.3143     0    -1.56     .    
  X_8     15              0         .     .      .       .    
  X_9     15         0.3687    0.2887     0     1.28     .    
  X_10    15         0.9602    0.3425     0     2.80     .    
                         The SAS System                       27
                               12:02 Saturday, February 16, 2013

                      The Mixed Procedure

                  Solution for Random Effects
 
                              Std Err
  Effect  subject  Estimate      Pred    DF  t Value  Pr > |t|

  X_1     16        -0.2240    0.2508     0    -0.89     .    
  X_2     16        -0.1142    0.1502     0    -0.76     .    
  X_3     16       -0.07207    0.2989     0    -0.24     .    
  X_4     16         0.3746    0.3062     0     1.22     .    
  X_5     16         0.1334    0.1861     0     0.72     .    
                         The SAS System                       28
                               12:02 Saturday, February 16, 2013

                      The Mixed Procedure

                  Solution for Random Effects
 
                              Std Err
  Effect  subject  Estimate      Pred    DF  t Value  Pr > |t|

  X_6     16        -0.1811    0.2320     0    -0.78     .    
  X_7     16        -0.7591    0.3143     0    -2.41     .    
  X_8     16              0         .     .      .       .    
  X_9     16         0.2974    0.2887     0     1.03     .    
  X_10    16         0.8336    0.3425     0     2.43     .    
                         The SAS System                       29
                               12:02 Saturday, February 16, 2013

                      The Mixed Procedure

                  Solution for Random Effects
 
                              Std Err
  Effect  subject  Estimate      Pred    DF  t Value  Pr > |t|

  X_1     17        -0.2457    0.2508     0    -0.98     .    
  X_2     17        -0.1018    0.1502     0    -0.68     .    
  X_3     17       -0.01464    0.2989     0    -0.05     .    
  X_4     17         0.3816    0.3062     0     1.25     .    
  X_5     17         0.1144    0.1861     0     0.61     .    
                         The SAS System                       30
                               12:02 Saturday, February 16, 2013

                      The Mixed Procedure

                  Solution for Random Effects
 
                              Std Err
  Effect  subject  Estimate      Pred    DF  t Value  Pr > |t|

  X_6     17        -0.1589    0.2320     0    -0.69     .    
  X_7     17        -0.6895    0.3143     0    -2.19     .    
  X_8     17              0         .     .      .       .    
  X_9     17         0.2449    0.2887     0     0.85     .    
  X_10    17         0.6762    0.3425     0     1.97     .    
                         The SAS System                       31
                               12:02 Saturday, February 16, 2013

                      The Mixed Procedure

                  Solution for Random Effects
 
                              Std Err
  Effect  subject  Estimate      Pred    DF  t Value  Pr > |t|

  X_1     18        -0.2376    0.2508     0    -0.95     .    
  X_2     18       -0.09381    0.1502     0    -0.62     .    
  X_3     18        -0.1515    0.2989     0    -0.51     .    
  X_4     18         0.3639    0.3062     0     1.19     .    
  X_5     18        0.07885    0.1861     0     0.42     .    
                         The SAS System                       32
                               12:02 Saturday, February 16, 2013

                      The Mixed Procedure

                  Solution for Random Effects
 
                              Std Err
  Effect  subject  Estimate      Pred    DF  t Value  Pr > |t|

  X_6     18        -0.1205    0.2320     0    -0.52     .    
  X_7     18        -0.6302    0.3143     0    -2.00     .    
  X_8     18              0         .     .      .       .    
  X_9     18         0.1684    0.2887     0     0.58     .    
  X_10    18         0.5160    0.3425     0     1.51     .    
                         The SAS System                       33
                               12:02 Saturday, February 16, 2013

                      The Mixed Procedure

                  Solution for Random Effects
 
                              Std Err
  Effect  subject  Estimate      Pred    DF  t Value  Pr > |t|

  X_1     19       -0.07672    0.2508     0    -0.31     .    
  X_2     19       -0.03565    0.1502     0    -0.24     .    
  X_3     19         0.1360    0.2989     0     0.45     .    
  X_4     19         0.5154    0.3062     0     1.68     .    
  X_5     19         0.1911    0.1861     0     1.03     .    
                         The SAS System                       34
                               12:02 Saturday, February 16, 2013

                      The Mixed Procedure

                  Solution for Random Effects
 
                              Std Err
  Effect  subject  Estimate      Pred    DF  t Value  Pr > |t|

  X_6     19        0.03868    0.2320     0     0.17     .    
  X_7     19        -0.2209    0.3143     0    -0.70     .    
  X_8     19              0         .     .      .       .    
  X_9     19         0.4065    0.2887     0     1.41     .    
  X_10    19         0.8915    0.3425     0     2.60     .    
                         The SAS System                       35
                               12:02 Saturday, February 16, 2013

                      The Mixed Procedure

                  Solution for Random Effects
 
                              Std Err
  Effect  subject  Estimate      Pred    DF  t Value  Pr > |t|

  X_1     2         -0.1646    0.2508     0    -0.66     .    
  X_2     2         0.07742    0.1502     0     0.52     .    
  X_3     2          0.5021    0.2989     0     1.68     .    
  X_4     2          0.1860    0.3062     0     0.61     .    
  X_5     2        -0.06555    0.1861     0    -0.35     .    
                         The SAS System                       36
                               12:02 Saturday, February 16, 2013

                      The Mixed Procedure

                  Solution for Random Effects
 
                              Std Err
  Effect  subject  Estimate      Pred    DF  t Value  Pr > |t|

  X_6     2         -0.1083    0.2320     0    -0.47     .    
  X_7     2         0.09835    0.3143     0     0.31     .    
  X_8     2               0         .     .      .       .    
  X_9     2          0.1558    0.2887     0     0.54     .    
  X_10    2         -0.1006    0.3425     0    -0.29     .    
                         The SAS System                       37
                               12:02 Saturday, February 16, 2013

                      The Mixed Procedure

                  Solution for Random Effects
 
                              Std Err
  Effect  subject  Estimate      Pred    DF  t Value  Pr > |t|

  X_1     20       -0.08864    0.2508     0    -0.35     .    
  X_2     20       -0.04789    0.1502     0    -0.32     .    
  X_3     20        0.03684    0.2989     0     0.12     .    
  X_4     20         0.3763    0.3062     0     1.23     .    
  X_5     20         0.1385    0.1861     0     0.74     .    
                         The SAS System                       38
                               12:02 Saturday, February 16, 2013

                      The Mixed Procedure

                  Solution for Random Effects
 
                              Std Err
  Effect  subject  Estimate      Pred    DF  t Value  Pr > |t|

  X_6     20       -0.07593    0.2320     0    -0.33     .    
  X_7     20        -0.6979    0.3143     0    -2.22     .    
  X_8     20              0         .     .      .       .    
  X_9     20         0.1347    0.2887     0     0.47     .    
  X_10    20         0.6993    0.3425     0     2.04     .    
                         The SAS System                       39
                               12:02 Saturday, February 16, 2013

                      The Mixed Procedure

                  Solution for Random Effects
 
                              Std Err
  Effect  subject  Estimate      Pred    DF  t Value  Pr > |t|

  X_1     21         0.1776    0.2508     0     0.71     .    
  X_2     21       -0.03772    0.1502     0    -0.25     .    
  X_3     21        -0.3736    0.2989     0    -1.25     .    
  X_4     21        -0.3953    0.3062     0    -1.29     .    
  X_5     21       -0.01885    0.1861     0    -0.10     .    
                         The SAS System                       40
                               12:02 Saturday, February 16, 2013

                      The Mixed Procedure

                  Solution for Random Effects
 
                              Std Err
  Effect  subject  Estimate      Pred    DF  t Value  Pr > |t|

  X_6     21         0.2205    0.2320     0     0.95     .    
  X_7     21         0.3669    0.3143     0     1.17     .    
  X_8     21              0         .     .      .       .    
  X_9     21        -0.4742    0.2887     0    -1.64     .    
  X_10    21        -0.7453    0.3425     0    -2.18     .    
                         The SAS System                       41
                               12:02 Saturday, February 16, 2013

                      The Mixed Procedure

                  Solution for Random Effects
 
                              Std Err
  Effect  subject  Estimate      Pred    DF  t Value  Pr > |t|

  X_1     22         0.5786    0.2508     0     2.31     .    
  X_2     22         0.1067    0.1502     0     0.71     .    
  X_3     22        -0.2811    0.2989     0    -0.94     .    
  X_4     22        -0.5144    0.3062     0    -1.68     .    
  X_5     22       -0.07638    0.1861     0    -0.41     .    
                         The SAS System                       42
                               12:02 Saturday, February 16, 2013

                      The Mixed Procedure

                  Solution for Random Effects
 
                              Std Err
  Effect  subject  Estimate      Pred    DF  t Value  Pr > |t|

  X_6     22         0.3624    0.2320     0     1.56     .    
  X_7     22         0.9022    0.3143     0     2.87     .    
  X_8     22              0         .     .      .       .    
  X_9     22        -0.3595    0.2887     0    -1.25     .    
  X_10    22        -0.7093    0.3425     0    -2.07     .    
                         The SAS System                       43
                               12:02 Saturday, February 16, 2013

                      The Mixed Procedure

                  Solution for Random Effects
 
                              Std Err
  Effect  subject  Estimate      Pred    DF  t Value  Pr > |t|

  X_1     23         0.3262    0.2508     0     1.30     .    
  X_2     23       0.002547    0.1502     0     0.02     .    
  X_3     23        -0.4034    0.2989     0    -1.35     .    
  X_4     23        -0.4462    0.3062     0    -1.46     .    
  X_5     23       -0.03499    0.1861     0    -0.19     .    
                         The SAS System                       44
                               12:02 Saturday, February 16, 2013

                      The Mixed Procedure

                  Solution for Random Effects
 
                              Std Err
  Effect  subject  Estimate      Pred    DF  t Value  Pr > |t|

  X_6     23         0.1879    0.2320     0     0.81     .    
  X_7     23         0.4707    0.3143     0     1.50     .    
  X_8     23              0         .     .      .       .    
  X_9     23        -0.3719    0.2887     0    -1.29     .    
  X_10    23        -0.6297    0.3425     0    -1.84     .    
                         The SAS System                       45
                               12:02 Saturday, February 16, 2013

                      The Mixed Procedure

                  Solution for Random Effects
 
                              Std Err
  Effect  subject  Estimate      Pred    DF  t Value  Pr > |t|

  X_1     24         0.2544    0.2508     0     1.01     .    
  X_2     24       0.006602    0.1502     0     0.04     .    
  X_3     24        -0.3614    0.2989     0    -1.21     .    
  X_4     24        -0.3459    0.3062     0    -1.13     .    
  X_5     24       -0.04984    0.1861     0    -0.27     .    
                         The SAS System                       46
                               12:02 Saturday, February 16, 2013

                      The Mixed Procedure

                  Solution for Random Effects
 
                              Std Err
  Effect  subject  Estimate      Pred    DF  t Value  Pr > |t|

  X_6     24         0.2341    0.2320     0     1.01     .    
  X_7     24         0.4758    0.3143     0     1.51     .    
  X_8     24              0         .     .      .       .    
  X_9     24        -0.3267    0.2887     0    -1.13     .    
  X_10    24        -0.5750    0.3425     0    -1.68     .    
                         The SAS System                       47
                               12:02 Saturday, February 16, 2013

                      The Mixed Procedure

                  Solution for Random Effects
 
                              Std Err
  Effect  subject  Estimate      Pred    DF  t Value  Pr > |t|

  X_1     25         0.2715    0.2508     0     1.08     .    
  X_2     25       0.000471    0.1502     0     0.00     .    
  X_3     25        -0.4767    0.2989     0    -1.59     .    
  X_4     25        -0.6656    0.3062     0    -2.17     .    
  X_5     25       -0.08179    0.1861     0    -0.44     .    
                         The SAS System                       48
                               12:02 Saturday, February 16, 2013

                      The Mixed Procedure

                  Solution for Random Effects
 
                              Std Err
  Effect  subject  Estimate      Pred    DF  t Value  Pr > |t|

  X_6     25         0.2511    0.2320     0     1.08     .    
  X_7     25         0.4868    0.3143     0     1.55     .    
  X_8     25              0         .     .      .       .    
  X_9     25        -0.6003    0.2887     0    -2.08     .    
  X_10    25        -0.8402    0.3425     0    -2.45     .    
                         The SAS System                       49
                               12:02 Saturday, February 16, 2013

                      The Mixed Procedure

                  Solution for Random Effects
 
                              Std Err
  Effect  subject  Estimate      Pred    DF  t Value  Pr > |t|

  X_1     26         0.3221    0.2508     0     1.28     .    
  X_2     26        0.03166    0.1502     0     0.21     .    
  X_3     26        -0.3316    0.2989     0    -1.11     .    
  X_4     26        -0.4784    0.3062     0    -1.56     .    
  X_5     26       -0.02148    0.1861     0    -0.12     .    
                         The SAS System                       50
                               12:02 Saturday, February 16, 2013

                      The Mixed Procedure

                  Solution for Random Effects
 
                              Std Err
  Effect  subject  Estimate      Pred    DF  t Value  Pr > |t|

  X_6     26         0.2501    0.2320     0     1.08     .    
  X_7     26         0.6109    0.3143     0     1.94     .    
  X_8     26              0         .     .      .       .    
  X_9     26        -0.2358    0.2887     0    -0.82     .    
  X_10    26        -0.6541    0.3425     0    -1.91     .    
                         The SAS System                       51
                               12:02 Saturday, February 16, 2013

                      The Mixed Procedure

                  Solution for Random Effects
 
                              Std Err
  Effect  subject  Estimate      Pred    DF  t Value  Pr > |t|

  X_1     27         0.3134    0.2508     0     1.25     .    
  X_2     27       -0.03528    0.1502     0    -0.23     .    
  X_3     27        -0.7764    0.2989     0    -2.60     .    
  X_4     27        -0.8561    0.3062     0    -2.80     .    
  X_5     27        -0.1326    0.1861     0    -0.71     .    
                         The SAS System                       52
                               12:02 Saturday, February 16, 2013

                      The Mixed Procedure

                  Solution for Random Effects
 
                              Std Err
  Effect  subject  Estimate      Pred    DF  t Value  Pr > |t|

  X_6     27         0.2618    0.2320     0     1.13     .    
  X_7     27         0.5664    0.3143     0     1.80     .    
  X_8     27              0         .     .      .       .    
  X_9     27        -0.6421    0.2887     0    -2.22     .    
  X_10    27        -0.8752    0.3425     0    -2.56     .    
                         The SAS System                       53
                               12:02 Saturday, February 16, 2013

                      The Mixed Procedure

                  Solution for Random Effects
 
                              Std Err
  Effect  subject  Estimate      Pred    DF  t Value  Pr > |t|

  X_1     28         0.3022    0.2508     0     1.20     .    
  X_2     28       -0.00025    0.1502     0    -0.00     .    
  X_3     28        -0.4480    0.2989     0    -1.50     .    
  X_4     28        -0.5108    0.3062     0    -1.67     .    
  X_5     28       0.004960    0.1861     0     0.03     .    
                         The SAS System                       54
                               12:02 Saturday, February 16, 2013

                      The Mixed Procedure

                  Solution for Random Effects
 
                              Std Err
  Effect  subject  Estimate      Pred    DF  t Value  Pr > |t|

  X_6     28         0.2743    0.2320     0     1.18     .    
  X_7     28         0.5989    0.3143     0     1.91     .    
  X_8     28              0         .     .      .       .    
  X_9     28        -0.4088    0.2887     0    -1.42     .    
  X_10    28        -0.5587    0.3425     0    -1.63     .    
                         The SAS System                       55
                               12:02 Saturday, February 16, 2013

                      The Mixed Procedure

                  Solution for Random Effects
 
                              Std Err
  Effect  subject  Estimate      Pred    DF  t Value  Pr > |t|

  X_1     29         0.2217    0.2508     0     0.88     .    
  X_2     29       -0.05640    0.1502     0    -0.38     .    
  X_3     29        -0.6440    0.2989     0    -2.15     .    
  X_4     29        -0.6691    0.3062     0    -2.19     .    
  X_5     29       -0.07044    0.1861     0    -0.38     .    
                         The SAS System                       56
                               12:02 Saturday, February 16, 2013

                      The Mixed Procedure

                  Solution for Random Effects
 
                              Std Err
  Effect  subject  Estimate      Pred    DF  t Value  Pr > |t|

  X_6     29         0.1986    0.2320     0     0.86     .    
  X_7     29         0.3815    0.3143     0     1.21     .    
  X_8     29              0         .     .      .       .    
  X_9     29        -0.5352    0.2887     0    -1.85     .    
  X_10    29        -0.7187    0.3425     0    -2.10     .    
                         The SAS System                       57
                               12:02 Saturday, February 16, 2013

                      The Mixed Procedure

                  Solution for Random Effects
 
                              Std Err
  Effect  subject  Estimate      Pred    DF  t Value  Pr > |t|

  X_1     3         -0.2638    0.2508     0    -1.05     .    
  X_2     3         0.07412    0.1502     0     0.49     .    
  X_3     3          0.3326    0.2989     0     1.11     .    
  X_4     3         0.06746    0.3062     0     0.22     .    
  X_5     3        -0.07894    0.1861     0    -0.42     .    
                         The SAS System                       58
                               12:02 Saturday, February 16, 2013

                      The Mixed Procedure

                  Solution for Random Effects
 
                              Std Err
  Effect  subject  Estimate      Pred    DF  t Value  Pr > |t|

  X_6     3        -0.08778    0.2320     0    -0.38     .    
  X_7     3         0.08580    0.3143     0     0.27     .    
  X_8     3               0         .     .      .       .    
  X_9     3         0.07103    0.2887     0     0.25     .    
  X_10    3         -0.2393    0.3425     0    -0.70     .    
                         The SAS System                       59
                               12:02 Saturday, February 16, 2013

                      The Mixed Procedure

                  Solution for Random Effects
 
                              Std Err
  Effect  subject  Estimate      Pred    DF  t Value  Pr > |t|

  X_1     30         0.2053    0.2508     0     0.82     .    
  X_2     30       -0.01138    0.1502     0    -0.08     .    
  X_3     30        -0.4999    0.2989     0    -1.67     .    
  X_4     30        -0.4510    0.3062     0    -1.47     .    
  X_5     30       -0.04352    0.1861     0    -0.23     .    
                         The SAS System                       60
                               12:02 Saturday, February 16, 2013

                      The Mixed Procedure

                  Solution for Random Effects
 
                              Std Err
  Effect  subject  Estimate      Pred    DF  t Value  Pr > |t|

  X_6     30         0.2081    0.2320     0     0.90     .    
  X_7     30         0.4293    0.3143     0     1.37     .    
  X_8     30              0         .     .      .       .    
  X_9     30        -0.4836    0.2887     0    -1.68     .    
  X_10    30        -0.7513    0.3425     0    -2.19     .    
                         The SAS System                       61
                               12:02 Saturday, February 16, 2013

                      The Mixed Procedure

                  Solution for Random Effects
 
                              Std Err
  Effect  subject  Estimate      Pred    DF  t Value  Pr > |t|

  X_1     4         -0.1023    0.2508     0    -0.41     .    
  X_2     4         0.08224    0.1502     0     0.55     .    
  X_3     4          0.4703    0.2989     0     1.57     .    
  X_4     4          0.2285    0.3062     0     0.75     .    
  X_5     4        -0.09290    0.1861     0    -0.50     .    
                         The SAS System                       62
                               12:02 Saturday, February 16, 2013

                      The Mixed Procedure

                  Solution for Random Effects
 
                              Std Err
  Effect  subject  Estimate      Pred    DF  t Value  Pr > |t|

  X_6     4         -0.1750    0.2320     0    -0.75     .    
  X_7     4        -0.05498    0.3143     0    -0.17     .    
  X_8     4               0         .     .      .       .    
  X_9     4          0.1305    0.2887     0     0.45     .    
  X_10    4        -0.04244    0.3425     0    -0.12     .    
                         The SAS System                       63
                               12:02 Saturday, February 16, 2013

                      The Mixed Procedure

                  Solution for Random Effects
 
                              Std Err
  Effect  subject  Estimate      Pred    DF  t Value  Pr > |t|

  X_1     5         -0.2790    0.2508     0    -1.11     .    
  X_2     5        0.005707    0.1502     0     0.04     .    
  X_3     5          0.3137    0.2989     0     1.05     .    
  X_4     5        -0.06961    0.3062     0    -0.23     .    
  X_5     5         -0.1750    0.1861     0    -0.94     .    
                         The SAS System                       64
                               12:02 Saturday, February 16, 2013

                      The Mixed Procedure

                  Solution for Random Effects
 
                              Std Err
  Effect  subject  Estimate      Pred    DF  t Value  Pr > |t|

  X_6     5         -0.2271    0.2320     0    -0.98     .    
  X_7     5         -0.2022    0.3143     0    -0.64     .    
  X_8     5               0         .     .      .       .    
  X_9     5         0.08972    0.2887     0     0.31     .    
  X_10    5         -0.1274    0.3425     0    -0.37     .    
                         The SAS System                       65
                               12:02 Saturday, February 16, 2013

                      The Mixed Procedure

                  Solution for Random Effects
 
                              Std Err
  Effect  subject  Estimate      Pred    DF  t Value  Pr > |t|

  X_1     6        -0.04652    0.2508     0    -0.19     .    
  X_2     6         0.08779    0.1502     0     0.58     .    
  X_3     6          0.4436    0.2989     0     1.48     .    
  X_4     6          0.3804    0.3062     0     1.24     .    
  X_5     6        -0.05358    0.1861     0    -0.29     .    
                         The SAS System                       66
                               12:02 Saturday, February 16, 2013

                      The Mixed Procedure

                  Solution for Random Effects
 
                              Std Err
  Effect  subject  Estimate      Pred    DF  t Value  Pr > |t|

  X_6     6         -0.2063    0.2320     0    -0.89     .    
  X_7     6        -0.04891    0.3143     0    -0.16     .    
  X_8     6               0         .     .      .       .    
  X_9     6         0.06327    0.2887     0     0.22     .    
  X_10    6        -0.05234    0.3425     0    -0.15     .    
                         The SAS System                       67
                               12:02 Saturday, February 16, 2013

                      The Mixed Procedure

                  Solution for Random Effects
 
                              Std Err
  Effect  subject  Estimate      Pred    DF  t Value  Pr > |t|

  X_1     7         -0.1534    0.2508     0    -0.61     .    
  X_2     7         0.08772    0.1502     0     0.58     .    
  X_3     7          0.4731    0.2989     0     1.58     .    
  X_4     7          0.1007    0.3062     0     0.33     .    
  X_5     7         -0.1042    0.1861     0    -0.56     .    
                         The SAS System                       68
                               12:02 Saturday, February 16, 2013

                      The Mixed Procedure

                  Solution for Random Effects
 
                              Std Err
  Effect  subject  Estimate      Pred    DF  t Value  Pr > |t|

  X_6     7         -0.1949    0.2320     0    -0.84     .    
  X_7     7         -0.1301    0.3143     0    -0.41     .    
  X_8     7               0         .     .      .       .    
  X_9     7          0.2085    0.2887     0     0.72     .    
  X_10    7        -0.09174    0.3425     0    -0.27     .    
                         The SAS System                       69
                               12:02 Saturday, February 16, 2013

                      The Mixed Procedure

                  Solution for Random Effects
 
                              Std Err
  Effect  subject  Estimate      Pred    DF  t Value  Pr > |t|

  X_1     8         -0.2002    0.2508     0    -0.80     .    
  X_2     8         0.05375    0.1502     0     0.36     .    
  X_3     8          0.4071    0.2989     0     1.36     .    
  X_4     8         0.02349    0.3062     0     0.08     .    
  X_5     8         -0.1108    0.1861     0    -0.60     .    
                         The SAS System                       70
                               12:02 Saturday, February 16, 2013

                      The Mixed Procedure

                  Solution for Random Effects
 
                              Std Err
  Effect  subject  Estimate      Pred    DF  t Value  Pr > |t|

  X_6     8         -0.1645    0.2320     0    -0.71     .    
  X_7     8         0.08115    0.3143     0     0.26     .    
  X_8     8               0         .     .      .       .    
  X_9     8          0.1954    0.2887     0     0.68     .    
  X_10    8         0.04034    0.3425     0     0.12     .    
                         The SAS System                       71
                               12:02 Saturday, February 16, 2013

                      The Mixed Procedure

                  Solution for Random Effects
 
                              Std Err
  Effect  subject  Estimate      Pred    DF  t Value  Pr > |t|

  X_1     9         -0.1200    0.2508     0    -0.48     .    
  X_2     9          0.1013    0.1502     0     0.67     .    
  X_3     9          0.6032    0.2989     0     2.02     .    
  X_4     9          0.1321    0.3062     0     0.43     .    
  X_5     9        -0.06834    0.1861     0    -0.37     .    
                         The SAS System                       72
                               12:02 Saturday, February 16, 2013

                      The Mixed Procedure

                  Solution for Random Effects
 
                              Std Err
  Effect  subject  Estimate      Pred    DF  t Value  Pr > |t|

  X_6     9         -0.1047    0.2320     0    -0.45     .    
  X_7     9          0.1309    0.3143     0     0.42     .    
  X_8     9               0         .     .      .       .    
  X_9     9          0.2819    0.2887     0     0.98     .    
  X_10    9         0.04688    0.3425     0     0.14     .    
                         The SAS System                       73
                               12:02 Saturday, February 16, 2013

                      The Mixed Procedure

                 Type 3 Tests of Fixed Effects
 
                     Num     Den
          Effect      DF      DF    F Value    Pr > F

          X_1          1      29      16.53    0.0003
          X_2          1      29      27.16    <.0001
          X_3          1      29       0.00    0.9632
          X_4          1      29       5.76    0.0230
          X_5          1      29       3.15    0.0866
                         The SAS System                       74
                               12:02 Saturday, February 16, 2013

                      The Mixed Procedure

                 Type 3 Tests of Fixed Effects
 
                     Num     Den
          Effect      DF      DF    F Value    Pr > F

          X_6          1      29       3.40    0.0753
          X_7          1      29       1.23    0.2764
          X_8          1      29       1.18    0.2857
          X_9          1      29       2.96    0.0958
          X_10         1      29       0.03    0.8744
