                         The SAS System                        1
                               12:12 Saturday, February 16, 2013

                      The Mixed Procedure

                       Model Information

     Data Set                     WORK.INPUTDATA           
     Dependent Variable           y                        
     Covariance Structure         Unstructured             
     Subject Effect               subject                  
     Estimation Method            ML                       
     Residual Variance Method     Profile                  
     Fixed Effects SE Method      Model-Based              
     Degrees of Freedom Method    Containment              
                         The SAS System                        2
                               12:12 Saturday, February 16, 2013

                      The Mixed Procedure

                    Class Level Information
 
      Class      Levels    Values

      subject        30    1 10 11 12 13 14 15 16 17 18  
                           19 2 20 21 22 23 24 25 26 27  
                           28 29 3 30 4 5 6 7 8 9        
                         The SAS System                        3
                               12:12 Saturday, February 16, 2013

                      The Mixed Procedure

                          Dimensions

              Covariance Parameters            16
              Columns in X                      5
              Columns in Z Per Subject          5
              Subjects                         30
              Max Obs Per Subject              10
                         The SAS System                        4
                               12:12 Saturday, February 16, 2013

                      The Mixed Procedure

                    Number of Observations

          Number of Observations Read             300
          Number of Observations Used             300
          Number of Observations Not Used           0


                         The SAS System                        5
                               12:12 Saturday, February 16, 2013

                      The Mixed Procedure

                       Iteration History
 
  Iteration    Evaluations        -2 Log Like       Criterion

          0              1       502.27483812                
          1              2       347.48930392     22.39994861
          2              1       322.28353428     45.49152087
          3              2       308.34366462     50.76537357
          4              1       294.61673768     36.69253903
                         The SAS System                        6
                               12:12 Saturday, February 16, 2013

                      The Mixed Procedure

                       Iteration History
 
  Iteration    Evaluations        -2 Log Like       Criterion

          5              2       288.84059400     19.58098290
          6              1       285.48014540      0.04804361
          7              2       281.64910479      0.01003460
          8              1       280.07484966      0.00097582
          9              1       279.93273556      0.00001505
                         The SAS System                        7
                               12:12 Saturday, February 16, 2013

                      The Mixed Procedure

                       Iteration History
 
  Iteration    Evaluations        -2 Log Like       Criterion

         10              1       279.93066859      0.00000001


                   Convergence criteria met.                    
                         The SAS System                        8
                               12:12 Saturday, February 16, 2013

                      The Mixed Procedure

                 Covariance Parameter Estimates
 
                Cov Parm     Subject    Estimate

                UN(1,1)      subject      0.1532
                UN(2,1)      subject     -0.2409
                UN(2,2)      subject      0.3736
                UN(3,1)      subject      0.1359
                UN(3,2)      subject     -0.2145
                UN(3,3)      subject      0.1283
                         The SAS System                        9
                               12:12 Saturday, February 16, 2013

                      The Mixed Procedure

                 Covariance Parameter Estimates
 
                Cov Parm     Subject    Estimate

                UN(4,1)      subject      0.1412
                UN(4,2)      subject    -0.00517
                UN(4,3)      subject    -0.03984
                UN(4,4)      subject      0.1330
                UN(5,1)      subject     -0.3789
                UN(5,2)      subject      0.3763
                         The SAS System                       10
                               12:12 Saturday, February 16, 2013

                      The Mixed Procedure

                 Covariance Parameter Estimates
 
                Cov Parm     Subject    Estimate

                UN(5,3)      subject    -0.04834
                UN(5,4)      subject     -0.2916
                UN(5,5)      subject      0.6826
                Residual                  0.1507
                         The SAS System                       11
                               12:12 Saturday, February 16, 2013

                      The Mixed Procedure

                        Fit Statistics

             -2 Log Likelihood               279.9
             AIC (smaller is better)         321.9
             AICC (smaller is better)        325.3
             BIC (smaller is better)         351.4
                         The SAS System                       12
                               12:12 Saturday, February 16, 2013

                      The Mixed Procedure

                Null Model Likelihood Ratio Test
 
                  DF    Chi-Square      Pr > ChiSq

                  15        222.34          <.0001


                         The SAS System                       13
                               12:12 Saturday, February 16, 2013

                      The Mixed Procedure

                  Solution for Fixed Effects
 
                       Standard
 Effect    Estimate       Error      DF    t Value    Pr > |t|

 X_1         0.5043     0.09624      29       5.24      <.0001
 X_2        0.04218      0.1258      29       0.34      0.7397
 X_3       0.004760     0.08869      29       0.05      0.9576
 X_4        0.06481     0.08831      29       0.73      0.4689
 X_5        0.07026      0.1640      29       0.43      0.6716
                         The SAS System                       14
                               12:12 Saturday, February 16, 2013

                      The Mixed Procedure

                  Solution for Random Effects
 
                              Std Err
  Effect  subject  Estimate      Pred    DF  t Value  Pr > |t|

  X_1     1         0.08659         0   150    Infty    <.0001
  X_2     1          0.7246         0   150    Infty    <.0001
  X_3     1         -0.5207         0   150   -Infty    <.0001
  X_4     1          0.1237         0   150    Infty    <.0001
  X_5     1         -0.1245         0   150   -Infty    <.0001
                         The SAS System                       15
                               12:12 Saturday, February 16, 2013

                      The Mixed Procedure

                  Solution for Random Effects
 
                              Std Err
  Effect  subject  Estimate      Pred    DF  t Value  Pr > |t|

  X_1     10        -0.2621         0   150   -Infty    <.0001
  X_2     10        -0.1574         0   150   -Infty    <.0001
  X_3     10        -0.6003         0   150   -Infty    <.0001
  X_4     10         0.4930         0   150    Infty    <.0001
  X_5     10         0.2506         0   150    Infty    <.0001
                         The SAS System                       16
                               12:12 Saturday, February 16, 2013

                      The Mixed Procedure

                  Solution for Random Effects
 
                              Std Err
  Effect  subject  Estimate      Pred    DF  t Value  Pr > |t|

  X_1     11        -0.7617         0   150   -Infty    <.0001
  X_2     11         0.3047         0   150    Infty    <.0001
  X_3     11         0.2257         0   150    Infty    <.0001
  X_4     11        -0.2560         0   150   -Infty    <.0001
  X_5     11         0.9174         0   150    Infty    <.0001
                         The SAS System                       17
                               12:12 Saturday, February 16, 2013

                      The Mixed Procedure

                  Solution for Random Effects
 
                              Std Err
  Effect  subject  Estimate      Pred    DF  t Value  Pr > |t|

  X_1     12        -0.2393         0   150   -Infty    <.0001
  X_2     12         0.3110         0   150    Infty    <.0001
  X_3     12         0.2462         0   150    Infty    <.0001
  X_4     12        -0.8918         0   150   -Infty    <.0001
  X_5     12         0.9935         0   150    Infty    <.0001
                         The SAS System                       18
                               12:12 Saturday, February 16, 2013

                      The Mixed Procedure

                  Solution for Random Effects
 
                              Std Err
  Effect  subject  Estimate      Pred    DF  t Value  Pr > |t|

  X_1     13        -0.8760         0   150   -Infty    <.0001
  X_2     13         0.3381         0   150    Infty    <.0001
  X_3     13        0.08797         0   150    Infty    <.0001
  X_4     13       -0.09898         0   150   -Infty    <.0001
  X_5     13         0.8363         0   150    Infty    <.0001
                         The SAS System                       19
                               12:12 Saturday, February 16, 2013

                      The Mixed Procedure

                  Solution for Random Effects
 
                              Std Err
  Effect  subject  Estimate      Pred    DF  t Value  Pr > |t|

  X_1     14       -0.07198         0   150   -Infty    <.0001
  X_2     14         0.3485         0   150    Infty    <.0001
  X_3     14        0.07190         0   150    Infty    <.0001
  X_4     14        -0.8277         0   150   -Infty    <.0001
  X_5     14         0.7999         0   150    Infty    <.0001
                         The SAS System                       20
                               12:12 Saturday, February 16, 2013

                      The Mixed Procedure

                  Solution for Random Effects
 
                              Std Err
  Effect  subject  Estimate      Pred    DF  t Value  Pr > |t|

  X_1     15        0.09205         0   150    Infty    <.0001
  X_2     15       -0.06459         0   150   -Infty    <.0001
  X_3     15        -0.1966         0   150   -Infty    <.0001
  X_4     15        -0.3179         0   150   -Infty    <.0001
  X_5     15         1.2085         0   150    Infty    <.0001
                         The SAS System                       21
                               12:12 Saturday, February 16, 2013

                      The Mixed Procedure

                  Solution for Random Effects
 
                              Std Err
  Effect  subject  Estimate      Pred    DF  t Value  Pr > |t|

  X_1     16         1.5293         0   150    Infty    <.0001
  X_2     16        -0.2885         0   150   -Infty    <.0001
  X_3     16        -0.8881         0   150   -Infty    <.0001
  X_4     16        -0.5590         0   150   -Infty    <.0001
  X_5     16         1.5033         0   150    Infty    <.0001
                         The SAS System                       22
                               12:12 Saturday, February 16, 2013

                      The Mixed Procedure

                  Solution for Random Effects
 
                              Std Err
  Effect  subject  Estimate      Pred    DF  t Value  Pr > |t|

  X_1     17       -0.06094         0   150   -Infty    <.0001
  X_2     17       0.005650         0   150    Infty    <.0001
  X_3     17       -0.02221         0   150   -Infty    <.0001
  X_4     17        -0.7869         0   150   -Infty    <.0001
  X_5     17         1.0649         0   150    Infty    <.0001
                         The SAS System                       23
                               12:12 Saturday, February 16, 2013

                      The Mixed Procedure

                  Solution for Random Effects
 
                              Std Err
  Effect  subject  Estimate      Pred    DF  t Value  Pr > |t|

  X_1     18        -1.0173         0   150   -Infty    <.0001
  X_2     18         0.3259         0   150    Infty    <.0001
  X_3     18         0.3255         0   150    Infty    <.0001
  X_4     18        -0.4270         0   150   -Infty    <.0001
  X_5     18         0.7023         0   150    Infty    <.0001
                         The SAS System                       24
                               12:12 Saturday, February 16, 2013

                      The Mixed Procedure

                  Solution for Random Effects
 
                              Std Err
  Effect  subject  Estimate      Pred    DF  t Value  Pr > |t|

  X_1     19        -0.5807         0   150   -Infty    <.0001
  X_2     19         0.9872         0   150    Infty    <.0001
  X_3     19         0.7053         0   150    Infty    <.0001
  X_4     19        -1.2786         0   150   -Infty    <.0001
  X_5     19         0.4203         0   150    Infty    <.0001
                         The SAS System                       25
                               12:12 Saturday, February 16, 2013

                      The Mixed Procedure

                  Solution for Random Effects
 
                              Std Err
  Effect  subject  Estimate      Pred    DF  t Value  Pr > |t|

  X_1     2          0.2371         0   150    Infty    <.0001
  X_2     2          0.6512         0   150    Infty    <.0001
  X_3     2         -0.6476         0   150   -Infty    <.0001
  X_4     2          0.2361         0   150    Infty    <.0001
  X_5     2          0.4026         0   150    Infty    <.0001
                         The SAS System                       26
                               12:12 Saturday, February 16, 2013

                      The Mixed Procedure

                  Solution for Random Effects
 
                              Std Err
  Effect  subject  Estimate      Pred    DF  t Value  Pr > |t|

  X_1     20        -1.6803         0   150   -Infty    <.0001
  X_2     20        -0.2534         0   150   -Infty    <.0001
  X_3     20         0.4761         0   150    Infty    <.0001
  X_4     20         0.3845         0   150    Infty    <.0001
  X_5     20         0.8635         0   150    Infty    <.0001
                         The SAS System                       27
                               12:12 Saturday, February 16, 2013

                      The Mixed Procedure

                  Solution for Random Effects
 
                              Std Err
  Effect  subject  Estimate      Pred    DF  t Value  Pr > |t|

  X_1     21         0.7575         0   150    Infty    <.0001
  X_2     21        -0.4473         0   150   -Infty    <.0001
  X_3     21         0.5334         0   150    Infty    <.0001
  X_4     21        -0.4475         0   150   -Infty    <.0001
  X_5     21        -1.4336         0   150   -Infty    <.0001
                         The SAS System                       28
                               12:12 Saturday, February 16, 2013

                      The Mixed Procedure

                  Solution for Random Effects
 
                              Std Err
  Effect  subject  Estimate      Pred    DF  t Value  Pr > |t|

  X_1     22         1.2720         0   150    Infty    <.0001
  X_2     22        -0.6836         0   150   -Infty    <.0001
  X_3     22         0.4047         0   150    Infty    <.0001
  X_4     22        -0.6177         0   150   -Infty    <.0001
  X_5     22        -1.5738         0   150   -Infty    <.0001
                         The SAS System                       29
                               12:12 Saturday, February 16, 2013

                      The Mixed Procedure

                  Solution for Random Effects
 
                              Std Err
  Effect  subject  Estimate      Pred    DF  t Value  Pr > |t|

  X_1     23         0.6452         0   150    Infty    <.0001
  X_2     23        -0.8075         0   150   -Infty    <.0001
  X_3     23         0.2310         0   150    Infty    <.0001
  X_4     23         0.4004         0   150    Infty    <.0001
  X_5     23        -0.7811         0   150   -Infty    <.0001
                         The SAS System                       30
                               12:12 Saturday, February 16, 2013

                      The Mixed Procedure

                  Solution for Random Effects
 
                              Std Err
  Effect  subject  Estimate      Pred    DF  t Value  Pr > |t|

  X_1     24         0.6400         0   150    Infty    <.0001
  X_2     24        -0.5122         0   150   -Infty    <.0001
  X_3     24         0.3636         0   150    Infty    <.0001
  X_4     24       0.009158         0   150    Infty    <.0001
  X_5     24        -1.0528         0   150   -Infty    <.0001
                         The SAS System                       31
                               12:12 Saturday, February 16, 2013

                      The Mixed Procedure

                  Solution for Random Effects
 
                              Std Err
  Effect  subject  Estimate      Pred    DF  t Value  Pr > |t|

  X_1     25        -0.2261         0   150   -Infty    <.0001
  X_2     25        -0.4689         0   150   -Infty    <.0001
  X_3     25         0.9390         0   150    Infty    <.0001
  X_4     25         0.5994         0   150    Infty    <.0001
  X_5     25        -1.5671         0   150   -Infty    <.0001
                         The SAS System                       32
                               12:12 Saturday, February 16, 2013

                      The Mixed Procedure

                  Solution for Random Effects
 
                              Std Err
  Effect  subject  Estimate      Pred    DF  t Value  Pr > |t|

  X_1     26         1.3129         0   150    Infty    <.0001
  X_2     26        -1.3971         0   150   -Infty    <.0001
  X_3     26        -0.6153         0   150   -Infty    <.0001
  X_4     26         0.9441         0   150    Infty    <.0001
  X_5     26       -0.00181         0   150   -Infty    <.0001
                         The SAS System                       33
                               12:12 Saturday, February 16, 2013

                      The Mixed Procedure

                  Solution for Random Effects
 
                              Std Err
  Effect  subject  Estimate      Pred    DF  t Value  Pr > |t|

  X_1     27        -0.4704         0   150   -Infty    <.0001
  X_2     27        -1.3173         0   150   -Infty    <.0001
  X_3     27         0.7821         0   150    Infty    <.0001
  X_4     27         0.8552         0   150    Infty    <.0001
  X_5     27        -0.8944         0   150   -Infty    <.0001
                         The SAS System                       34
                               12:12 Saturday, February 16, 2013

                      The Mixed Procedure

                  Solution for Random Effects
 
                              Std Err
  Effect  subject  Estimate      Pred    DF  t Value  Pr > |t|

  X_1     28         0.6380         0   150    Infty    <.0001
  X_2     28        -0.5426         0   150   -Infty    <.0001
  X_3     28         0.1672         0   150    Infty    <.0001
  X_4     28         0.5102         0   150    Infty    <.0001
  X_5     28        -0.7599         0   150   -Infty    <.0001
                         The SAS System                       35
                               12:12 Saturday, February 16, 2013

                      The Mixed Procedure

                  Solution for Random Effects
 
                              Std Err
  Effect  subject  Estimate      Pred    DF  t Value  Pr > |t|

  X_1     29         1.4768         0   150    Infty    <.0001
  X_2     29        -0.7071         0   150   -Infty    <.0001
  X_3     29        -0.1535         0   150   -Infty    <.0001
  X_4     29        0.01418         0   150    Infty    <.0001
  X_5     29        -0.6759         0   150   -Infty    <.0001
                         The SAS System                       36
                               12:12 Saturday, February 16, 2013

                      The Mixed Procedure

                  Solution for Random Effects
 
                              Std Err
  Effect  subject  Estimate      Pred    DF  t Value  Pr > |t|

  X_1     3         -0.3683         0   150   -Infty    <.0001
  X_2     3          0.9426         0   150    Infty    <.0001
  X_3     3         -0.1915         0   150   -Infty    <.0001
  X_4     3        -0.05840         0   150   -Infty    <.0001
  X_5     3         -0.3524         0   150   -Infty    <.0001
                         The SAS System                       37
                               12:12 Saturday, February 16, 2013

                      The Mixed Procedure

                  Solution for Random Effects
 
                              Std Err
  Effect  subject  Estimate      Pred    DF  t Value  Pr > |t|

  X_1     30        -0.1579         0   150   -Infty    <.0001
  X_2     30        -0.6363         0   150   -Infty    <.0001
  X_3     30         0.7405         0   150    Infty    <.0001
  X_4     30         0.4237         0   150    Infty    <.0001
  X_5     30        -1.2653         0   150   -Infty    <.0001
                         The SAS System                       38
                               12:12 Saturday, February 16, 2013

                      The Mixed Procedure

                  Solution for Random Effects
 
                              Std Err
  Effect  subject  Estimate      Pred    DF  t Value  Pr > |t|

  X_1     4         -0.3190         0   150   -Infty    <.0001
  X_2     4          0.6789         0   150    Infty    <.0001
  X_3     4         -0.2271         0   150   -Infty    <.0001
  X_4     4        -0.07547         0   150   -Infty    <.0001
  X_5     4         -0.1636         0   150   -Infty    <.0001
                         The SAS System                       39
                               12:12 Saturday, February 16, 2013

                      The Mixed Procedure

                  Solution for Random Effects
 
                              Std Err
  Effect  subject  Estimate      Pred    DF  t Value  Pr > |t|

  X_1     5         -0.1673         0   150   -Infty    <.0001
  X_2     5          0.6959         0   150    Infty    <.0001
  X_3     5         -0.4238         0   150   -Infty    <.0001
  X_4     5          0.2321         0   150    Infty    <.0001
  X_5     5          0.2169         0   150    Infty    <.0001
                         The SAS System                       40
                               12:12 Saturday, February 16, 2013

                      The Mixed Procedure

                  Solution for Random Effects
 
                              Std Err
  Effect  subject  Estimate      Pred    DF  t Value  Pr > |t|

  X_1     6         -0.8014         0   150   -Infty    <.0001
  X_2     6          0.2274         0   150    Infty    <.0001
  X_3     6         -0.2424         0   150   -Infty    <.0001
  X_4     6          0.6202         0   150    Infty    <.0001
  X_5     6         -0.1393         0   150   -Infty    <.0001
                         The SAS System                       41
                               12:12 Saturday, February 16, 2013

                      The Mixed Procedure

                  Solution for Random Effects
 
                              Std Err
  Effect  subject  Estimate      Pred    DF  t Value  Pr > |t|

  X_1     7         -0.4471         0   150   -Infty    <.0001
  X_2     7          1.3453         0   150    Infty    <.0001
  X_3     7          0.1200         0   150    Infty    <.0001
  X_4     7         -0.6624         0   150   -Infty    <.0001
  X_5     7         -0.6483         0   150   -Infty    <.0001
                         The SAS System                       42
                               12:12 Saturday, February 16, 2013

                      The Mixed Procedure

                  Solution for Random Effects
 
                              Std Err
  Effect  subject  Estimate      Pred    DF  t Value  Pr > |t|

  X_1     8          1.4926         0   150    Infty    <.0001
  X_2     8         -0.2150         0   150   -Infty    <.0001
  X_3     8         -1.7747         0   150   -Infty    <.0001
  X_4     8          0.6284         0   150    Infty    <.0001
  X_5     8          1.3385         0   150    Infty    <.0001
                         The SAS System                       43
                               12:12 Saturday, February 16, 2013

                      The Mixed Procedure

                  Solution for Random Effects
 
                              Std Err
  Effect  subject  Estimate      Pred    DF  t Value  Pr > |t|

  X_1     9         -1.6720         0   150   -Infty    <.0001
  X_2     9          0.6117         0   150    Infty    <.0001
  X_3     9         0.08396         0   150    Infty    <.0001
  X_4     9          0.8311         0   150    Infty    <.0001
  X_5     9        -0.08441         0   150   -Infty    <.0001
                         The SAS System                       44
                               12:12 Saturday, February 16, 2013

                      The Mixed Procedure

                 Type 3 Tests of Fixed Effects
 
                     Num     Den
          Effect      DF      DF    F Value    Pr > F

          X_1          1      29      27.46    <.0001
          X_2          1      29       0.11    0.7397
          X_3          1      29       0.00    0.9576
          X_4          1      29       0.54    0.4689
          X_5          1      29       0.18    0.6716
