                         The SAS System                        1
                               12:06 Saturday, February 16, 2013

                      The Mixed Procedure

                       Model Information

     Data Set                     WORK.INPUTDATA           
     Dependent Variable           y                        
     Covariance Structure         Variance Components      
     Subject Effect               subject                  
     Estimation Method            ML                       
     Residual Variance Method     Profile                  
     Fixed Effects SE Method      Model-Based              
     Degrees of Freedom Method    Containment              
                         The SAS System                        2
                               12:06 Saturday, February 16, 2013

                      The Mixed Procedure

                    Class Level Information
 
      Class      Levels    Values

      subject        30    1 10 11 12 13 14 15 16 17 18  
                           19 2 20 21 22 23 24 25 26 27  
                           28 29 3 30 4 5 6 7 8 9        
                         The SAS System                        3
                               12:06 Saturday, February 16, 2013

                      The Mixed Procedure

                          Dimensions

              Covariance Parameters             5
              Columns in X                      4
              Columns in Z Per Subject          4
              Subjects                         30
              Max Obs Per Subject              10
                         The SAS System                        4
                               12:06 Saturday, February 16, 2013

                      The Mixed Procedure

                    Number of Observations

          Number of Observations Read             300
          Number of Observations Used             300
          Number of Observations Not Used           0


                         The SAS System                        5
                               12:06 Saturday, February 16, 2013

                      The Mixed Procedure

                       Iteration History
 
  Iteration    Evaluations        -2 Log Like       Criterion

          0              1       507.82288049                
          1              2       455.30144505      0.12986976
          2              1       447.41911268      0.04447155
          3              1       444.55148192      0.01170163
          4              1       443.81470151      0.00137654
                         The SAS System                        6
                               12:06 Saturday, February 16, 2013

                      The Mixed Procedure

                       Iteration History
 
  Iteration    Evaluations        -2 Log Like       Criterion

          5              1       443.73455770      0.00002620
          6              1       443.73312875      0.00000001
          7              1       443.73312817      0.00000000
                         The SAS System                        7
                               12:06 Saturday, February 16, 2013

                      The Mixed Procedure

                   Convergence criteria met.                    


                 Covariance Parameter Estimates
 
                Cov Parm     Subject    Estimate

                X_1          subject      0.1085
                X_2          subject      0.2805
                X_3          subject      0.3257
                         The SAS System                        8
                               12:06 Saturday, February 16, 2013

                      The Mixed Procedure

                 Covariance Parameter Estimates
 
                Cov Parm     Subject    Estimate

                X_4          subject      0.6093
                Residual                  0.1381
                         The SAS System                        9
                               12:06 Saturday, February 16, 2013

                      The Mixed Procedure

                        Fit Statistics

             -2 Log Likelihood               443.7
             AIC (smaller is better)         461.7
             AICC (smaller is better)        462.4
             BIC (smaller is better)         474.3
                         The SAS System                       10
                               12:06 Saturday, February 16, 2013

                      The Mixed Procedure

                  Solution for Fixed Effects
 
                       Standard
 Effect    Estimate       Error      DF    t Value    Pr > |t|

 X_1         0.4589     0.08231      29       5.57      <.0001
 X_2        -0.2087      0.1086      29      -1.92      0.0645
 X_3         0.1065      0.1153      29       0.92      0.3632
 X_4        -0.1086      0.1532      29      -0.71      0.4838
                         The SAS System                       11
                               12:06 Saturday, February 16, 2013

                      The Mixed Procedure

                  Solution for Random Effects
 
                              Std Err
  Effect  subject  Estimate      Pred    DF  t Value  Pr > |t|

  X_1     1         0.05766    0.2284   180     0.25    0.8010
  X_2     1          0.1315    0.2526   180     0.52    0.6032
  X_3     1         -0.2464    0.2603   180    -0.95    0.3451
  X_4     1         0.02015    0.3143   180     0.06    0.9490
  X_1     10        0.07454    0.2284   180     0.33    0.7445
                         The SAS System                       12
                               12:06 Saturday, February 16, 2013

                      The Mixed Procedure

                  Solution for Random Effects
 
                              Std Err
  Effect  subject  Estimate      Pred    DF  t Value  Pr > |t|

  X_2     10         0.1843    0.2526   180     0.73    0.4665
  X_3     10       0.008132    0.2603   180     0.03    0.9751
  X_4     10         0.2526    0.3143   180     0.80    0.4225
  X_1     11        -0.3328    0.2284   180    -1.46    0.1468
  X_2     11         0.4866    0.2526   180     1.93    0.0556
                         The SAS System                       13
                               12:06 Saturday, February 16, 2013

                      The Mixed Procedure

                  Solution for Random Effects
 
                              Std Err
  Effect  subject  Estimate      Pred    DF  t Value  Pr > |t|

  X_3     11        -0.6417    0.2603   180    -2.47    0.0146
  X_4     11         1.2226    0.3143   180     3.89    0.0001
  X_1     12        -0.3134    0.2284   180    -1.37    0.1716
  X_2     12         0.2026    0.2526   180     0.80    0.4235
  X_3     12        -0.4725    0.2603   180    -1.82    0.0712
                         The SAS System                       14
                               12:06 Saturday, February 16, 2013

                      The Mixed Procedure

                  Solution for Random Effects
 
                              Std Err
  Effect  subject  Estimate      Pred    DF  t Value  Pr > |t|

  X_4     12         0.4847    0.3143   180     1.54    0.1248
  X_1     13        -0.1713    0.2284   180    -0.75    0.4543
  X_2     13         0.5461    0.2526   180     2.16    0.0319
  X_3     13        -0.2859    0.2603   180    -1.10    0.2735
  X_4     13         0.7301    0.3143   180     2.32    0.0213
                         The SAS System                       15
                               12:06 Saturday, February 16, 2013

                      The Mixed Procedure

                  Solution for Random Effects
 
                              Std Err
  Effect  subject  Estimate      Pred    DF  t Value  Pr > |t|

  X_1     14        -0.1030    0.2284   180    -0.45    0.6525
  X_2     14         0.5604    0.2526   180     2.22    0.0277
  X_3     14        -0.3181    0.2603   180    -1.22    0.2233
  X_4     14         0.9006    0.3143   180     2.87    0.0047
  X_1     15        -0.2707    0.2284   180    -1.19    0.2375
                         The SAS System                       16
                               12:06 Saturday, February 16, 2013

                      The Mixed Procedure

                  Solution for Random Effects
 
                              Std Err
  Effect  subject  Estimate      Pred    DF  t Value  Pr > |t|

  X_2     15         0.5244    0.2526   180     2.08    0.0393
  X_3     15        -0.5218    0.2603   180    -2.00    0.0465
  X_4     15         0.9689    0.3143   180     3.08    0.0024
  X_1     16        -0.4073    0.2284   180    -1.78    0.0762
  X_2     16         0.3846    0.2526   180     1.52    0.1296
                         The SAS System                       17
                               12:06 Saturday, February 16, 2013

                      The Mixed Procedure

                  Solution for Random Effects
 
                              Std Err
  Effect  subject  Estimate      Pred    DF  t Value  Pr > |t|

  X_3     16        -0.8115    0.2603   180    -3.12    0.0021
  X_4     16         0.8649    0.3143   180     2.75    0.0065
  X_1     17        -0.3985    0.2284   180    -1.74    0.0828
  X_2     17         0.4006    0.2526   180     1.59    0.1145
  X_3     17        -0.7675    0.2603   180    -2.95    0.0036
                         The SAS System                       18
                               12:06 Saturday, February 16, 2013

                      The Mixed Procedure

                  Solution for Random Effects
 
                              Std Err
  Effect  subject  Estimate      Pred    DF  t Value  Pr > |t|

  X_4     17         0.6968    0.3143   180     2.22    0.0278
  X_1     18        -0.3903    0.2284   180    -1.71    0.0892
  X_2     18         0.2978    0.2526   180     1.18    0.2399
  X_3     18        -0.6581    0.2603   180    -2.53    0.0123
  X_4     18         0.5340    0.3143   180     1.70    0.0910
                         The SAS System                       19
                               12:06 Saturday, February 16, 2013

                      The Mixed Procedure

                  Solution for Random Effects
 
                              Std Err
  Effect  subject  Estimate      Pred    DF  t Value  Pr > |t|

  X_1     19        -0.1776    0.2284   180    -0.78    0.4378
  X_2     19         0.5960    0.2526   180     2.36    0.0194
  X_3     19        -0.1981    0.2603   180    -0.76    0.4476
  X_4     19         0.9311    0.3143   180     2.96    0.0035
  X_1     2         0.03419    0.2284   180     0.15    0.8812
                         The SAS System                       20
                               12:06 Saturday, February 16, 2013

                      The Mixed Procedure

                  Solution for Random Effects
 
                              Std Err
  Effect  subject  Estimate      Pred    DF  t Value  Pr > |t|

  X_2     2          0.2610    0.2526   180     1.03    0.3027
  X_3     2         0.01896    0.2603   180     0.07    0.9420
  X_4     2         0.08913    0.3143   180     0.28    0.7770
  X_1     20        -0.2026    0.2284   180    -0.89    0.3761
  X_2     20         0.4695    0.2526   180     1.86    0.0647
                         The SAS System                       21
                               12:06 Saturday, February 16, 2013

                      The Mixed Procedure

                  Solution for Random Effects
 
                              Std Err
  Effect  subject  Estimate      Pred    DF  t Value  Pr > |t|

  X_3     20        -0.7233    0.2603   180    -2.78    0.0060
  X_4     20         0.6383    0.3143   180     2.03    0.0437
  X_1     21        0.08601    0.2284   180     0.38    0.7069
  X_2     21        -0.4548    0.2526   180    -1.80    0.0734
  X_3     21         0.4828    0.2603   180     1.86    0.0652
                         The SAS System                       22
                               12:06 Saturday, February 16, 2013

                      The Mixed Procedure

                  Solution for Random Effects
 
                              Std Err
  Effect  subject  Estimate      Pred    DF  t Value  Pr > |t|

  X_4     21        -0.9580    0.3143   180    -3.05    0.0026
  X_1     22         0.6358    0.2284   180     2.78    0.0059
  X_2     22        -0.5835    0.2526   180    -2.31    0.0220
  X_3     22         1.0781    0.2603   180     4.14    <.0001
  X_4     22        -0.8730    0.3143   180    -2.78    0.0061
                         The SAS System                       23
                               12:06 Saturday, February 16, 2013

                      The Mixed Procedure

                  Solution for Random Effects
 
                              Std Err
  Effect  subject  Estimate      Pred    DF  t Value  Pr > |t|

  X_1     23         0.2637    0.2284   180     1.15    0.2498
  X_2     23        -0.5310    0.2526   180    -2.10    0.0369
  X_3     23         0.5307    0.2603   180     2.04    0.0429
  X_4     23        -0.8177    0.3143   180    -2.60    0.0100
  X_1     24         0.2095    0.2284   180     0.92    0.3602
                         The SAS System                       24
                               12:06 Saturday, February 16, 2013

                      The Mixed Procedure

                  Solution for Random Effects
 
                              Std Err
  Effect  subject  Estimate      Pred    DF  t Value  Pr > |t|

  X_2     24        -0.4528    0.2526   180    -1.79    0.0747
  X_3     24         0.5878    0.2603   180     2.26    0.0251
  X_4     24        -0.7285    0.3143   180    -2.32    0.0216
  X_1     25         0.2342    0.2284   180     1.03    0.3065
  X_2     25        -0.7176    0.2526   180    -2.84    0.0050
                         The SAS System                       25
                               12:06 Saturday, February 16, 2013

                      The Mixed Procedure

                  Solution for Random Effects
 
                              Std Err
  Effect  subject  Estimate      Pred    DF  t Value  Pr > |t|

  X_3     25         0.5666    0.2603   180     2.18    0.0308
  X_4     25        -1.1428    0.3143   180    -3.64    0.0004
  X_1     26         0.3124    0.2284   180     1.37    0.1731
  X_2     26        -0.5156    0.2526   180    -2.04    0.0427
  X_3     26         0.7799    0.2603   180     3.00    0.0031
                         The SAS System                       26
                               12:06 Saturday, February 16, 2013

                      The Mixed Procedure

                  Solution for Random Effects
 
                              Std Err
  Effect  subject  Estimate      Pred    DF  t Value  Pr > |t|

  X_4     26        -0.7352    0.3143   180    -2.34    0.0204
  X_1     27         0.2107    0.2284   180     0.92    0.3575
  X_2     27        -1.0372    0.2526   180    -4.11    <.0001
  X_3     27         0.6638    0.2603   180     2.55    0.0116
  X_4     27        -1.2100    0.3143   180    -3.85    0.0002
                         The SAS System                       27
                               12:06 Saturday, February 16, 2013

                      The Mixed Procedure

                  Solution for Random Effects
 
                              Std Err
  Effect  subject  Estimate      Pred    DF  t Value  Pr > |t|

  X_1     28         0.2351    0.2284   180     1.03    0.3047
  X_2     28        -0.5448    0.2526   180    -2.16    0.0323
  X_3     28         0.6993    0.2603   180     2.69    0.0079
  X_4     28        -0.8156    0.3143   180    -2.60    0.0102
  X_1     29        0.09741    0.2284   180     0.43    0.6703
                         The SAS System                       28
                               12:06 Saturday, February 16, 2013

                      The Mixed Procedure

                  Solution for Random Effects
 
                              Std Err
  Effect  subject  Estimate      Pred    DF  t Value  Pr > |t|

  X_2     29        -0.7986    0.2526   180    -3.16    0.0018
  X_3     29         0.4816    0.2603   180     1.85    0.0659
  X_4     29        -0.9920    0.3143   180    -3.16    0.0019
  X_1     3        -0.05757    0.2284   180    -0.25    0.8013
  X_2     3          0.1274    0.2526   180     0.50    0.6146
                         The SAS System                       29
                               12:06 Saturday, February 16, 2013

                      The Mixed Procedure

                  Solution for Random Effects
 
                              Std Err
  Effect  subject  Estimate      Pred    DF  t Value  Pr > |t|

  X_3     3         0.03283    0.2603   180     0.13    0.8998
  X_4     3        -0.08151    0.3143   180    -0.26    0.7956
  X_1     30         0.1384    0.2284   180     0.61    0.5452
  X_2     30        -0.5669    0.2526   180    -2.24    0.0260
  X_3     30         0.5468    0.2603   180     2.10    0.0371
                         The SAS System                       30
                               12:06 Saturday, February 16, 2013

                      The Mixed Procedure

                  Solution for Random Effects
 
                              Std Err
  Effect  subject  Estimate      Pred    DF  t Value  Pr > |t|

  X_4     30        -0.9621    0.3143   180    -3.06    0.0025
  X_1     4         0.08517    0.2284   180     0.37    0.7097
  X_2     4          0.2483    0.2526   180     0.98    0.3270
  X_3     4         -0.1528    0.2603   180    -0.59    0.5578
  X_4     4          0.1495    0.3143   180     0.48    0.6348
                         The SAS System                       31
                               12:06 Saturday, February 16, 2013

                      The Mixed Procedure

                  Solution for Random Effects
 
                              Std Err
  Effect  subject  Estimate      Pred    DF  t Value  Pr > |t|

  X_1     5         -0.1357    0.2284   180    -0.59    0.5531
  X_2     5        -0.08415    0.2526   180    -0.33    0.7394
  X_3     5         -0.2958    0.2603   180    -1.14    0.2573
  X_4     5         0.06626    0.3143   180     0.21    0.8332
  X_1     6          0.1127    0.2284   180     0.49    0.6224
                         The SAS System                       32
                               12:06 Saturday, February 16, 2013

                      The Mixed Procedure

                  Solution for Random Effects
 
                              Std Err
  Effect  subject  Estimate      Pred    DF  t Value  Pr > |t|

  X_2     6          0.3654    0.2526   180     1.45    0.1498
  X_3     6         -0.2154    0.2603   180    -0.83    0.4090
  X_4     6         0.08661    0.3143   180     0.28    0.7832
  X_1     7         0.06635    0.2284   180     0.29    0.7718
  X_2     7          0.1695    0.2526   180     0.67    0.5030
                         The SAS System                       33
                               12:06 Saturday, February 16, 2013

                      The Mixed Procedure

                  Solution for Random Effects
 
                              Std Err
  Effect  subject  Estimate      Pred    DF  t Value  Pr > |t|

  X_3     7         -0.1822    0.2603   180    -0.70    0.4848
  X_4     7          0.1750    0.3143   180     0.56    0.5784
  X_1     8        -0.01350    0.2284   180    -0.06    0.9529
  X_2     8         0.06543    0.2526   180     0.26    0.7959
  X_3     8        -0.04539    0.2603   180    -0.17    0.8618
                         The SAS System                       34
                               12:06 Saturday, February 16, 2013

                      The Mixed Procedure

                  Solution for Random Effects
 
                              Std Err
  Effect  subject  Estimate      Pred    DF  t Value  Pr > |t|

  X_4     8          0.2213    0.3143   180     0.70    0.4822
  X_1     9          0.1204    0.2284   180     0.53    0.5988
  X_2     9          0.2656    0.2526   180     1.05    0.2943
  X_3     9         0.05916    0.2603   180     0.23    0.8205
  X_4     9          0.2837    0.3143   180     0.90    0.3678
                         The SAS System                       35
                               12:06 Saturday, February 16, 2013

                      The Mixed Procedure

                 Type 3 Tests of Fixed Effects
 
                     Num     Den
          Effect      DF      DF    F Value    Pr > F

          X_1          1      29      31.08    <.0001
          X_2          1      29       3.69    0.0645
          X_3          1      29       0.85    0.3632
          X_4          1      29       0.50    0.4838
