                         The SAS System                        1
                               12:14 Saturday, February 16, 2013

                      The Mixed Procedure

                       Model Information

     Data Set                     WORK.INPUTDATA           
     Dependent Variable           y                        
     Covariance Structure         Variance Components      
     Subject Effect               subject                  
     Estimation Method            ML                       
     Residual Variance Method     Profile                  
     Fixed Effects SE Method      Model-Based              
     Degrees of Freedom Method    Containment              
                         The SAS System                        2
                               12:14 Saturday, February 16, 2013

                      The Mixed Procedure

                    Class Level Information
 
      Class      Levels    Values

      subject        30    1 10 11 12 13 14 15 16 17 18  
                           19 2 20 21 22 23 24 25 26 27  
                           28 29 3 30 4 5 6 7 8 9        
                         The SAS System                        3
                               12:14 Saturday, February 16, 2013

                      The Mixed Procedure

                          Dimensions

              Covariance Parameters             5
              Columns in X                      4
              Columns in Z Per Subject          4
              Subjects                         30
              Max Obs Per Subject              10
                         The SAS System                        4
                               12:14 Saturday, February 16, 2013

                      The Mixed Procedure

                    Number of Observations

          Number of Observations Read             300
          Number of Observations Used             300
          Number of Observations Not Used           0


                         The SAS System                        5
                               12:14 Saturday, February 16, 2013

                      The Mixed Procedure

                       Iteration History
 
  Iteration    Evaluations        -2 Log Like       Criterion

          0              1       483.60552062                
          1              2       419.87342696      0.12303447
          2              1       409.50710506      0.04888127
          3              1       405.13806011      0.01586559
          4              1       403.73240206      0.00288876
                         The SAS System                        6
                               12:14 Saturday, February 16, 2013

                      The Mixed Procedure

                       Iteration History
 
  Iteration    Evaluations        -2 Log Like       Criterion

          5              1       403.49256129      0.00014077
          6              1       403.48179454      0.00000041
          7              1       403.48176414      0.00000000
                         The SAS System                        7
                               12:14 Saturday, February 16, 2013

                      The Mixed Procedure

                   Convergence criteria met.                    


                 Covariance Parameter Estimates
 
                Cov Parm     Subject    Estimate

                X_1          subject     0.07895
                X_2          subject      0.2752
                X_3          subject      0.3188
                         The SAS System                        8
                               12:14 Saturday, February 16, 2013

                      The Mixed Procedure

                 Covariance Parameter Estimates
 
                Cov Parm     Subject    Estimate

                X_4          subject      0.6381
                Residual                  0.1165
                         The SAS System                        9
                               12:14 Saturday, February 16, 2013

                      The Mixed Procedure

                        Fit Statistics

             -2 Log Likelihood               403.5
             AIC (smaller is better)         421.5
             AICC (smaller is better)        422.1
             BIC (smaller is better)         434.1
                         The SAS System                       10
                               12:14 Saturday, February 16, 2013

                      The Mixed Procedure

                  Solution for Fixed Effects
 
                       Standard
 Effect    Estimate       Error      DF    t Value    Pr > |t|

 X_1         0.3538     0.07278      29       4.86      <.0001
 X_2        -0.2350      0.1060      29      -2.22      0.0346
 X_3        0.06722      0.1126      29       0.60      0.5553
 X_4        -0.1031      0.1547      29      -0.67      0.5104
                         The SAS System                       11
                               12:14 Saturday, February 16, 2013

                      The Mixed Procedure

                  Solution for Random Effects
 
                              Std Err
  Effect  subject  Estimate      Pred    DF  t Value  Pr > |t|

  X_1     1          0.1710    0.2020   180     0.85    0.3984
  X_2     1          0.2272    0.2375   180     0.96    0.3399
  X_3     1         0.08083    0.2449   180     0.33    0.7417
  X_4     1          0.3334    0.2988   180     1.12    0.2661
  X_1     10       -0.03282    0.2020   180    -0.16    0.8711
                         The SAS System                       12
                               12:14 Saturday, February 16, 2013

                      The Mixed Procedure

                  Solution for Random Effects
 
                              Std Err
  Effect  subject  Estimate      Pred    DF  t Value  Pr > |t|

  X_2     10         0.1691    0.2375   180     0.71    0.4773
  X_3     10        -0.1002    0.2449   180    -0.41    0.6828
  X_4     10        0.06511    0.2988   180     0.22    0.8278
  X_1     11        -0.3358    0.2020   180    -1.66    0.0982
  X_2     11         0.2186    0.2375   180     0.92    0.3585
                         The SAS System                       13
                               12:14 Saturday, February 16, 2013

                      The Mixed Procedure

                  Solution for Random Effects
 
                              Std Err
  Effect  subject  Estimate      Pred    DF  t Value  Pr > |t|

  X_3     11        -0.7957    0.2449   180    -3.25    0.0014
  X_4     11         0.7907    0.2988   180     2.65    0.0089
  X_1     12        -0.1922    0.2020   180    -0.95    0.3427
  X_2     12         0.4691    0.2375   180     1.98    0.0497
  X_3     12        -0.6113    0.2449   180    -2.50    0.0134
                         The SAS System                       14
                               12:14 Saturday, February 16, 2013

                      The Mixed Procedure

                  Solution for Random Effects
 
                              Std Err
  Effect  subject  Estimate      Pred    DF  t Value  Pr > |t|

  X_4     12         0.7374    0.2988   180     2.47    0.0145
  X_1     13        -0.2955    0.2020   180    -1.46    0.1452
  X_2     13         0.4398    0.2375   180     1.85    0.0656
  X_3     13        -0.6182    0.2449   180    -2.52    0.0124
  X_4     13         0.5468    0.2988   180     1.83    0.0689
                         The SAS System                       15
                               12:14 Saturday, February 16, 2013

                      The Mixed Procedure

                  Solution for Random Effects
 
                              Std Err
  Effect  subject  Estimate      Pred    DF  t Value  Pr > |t|

  X_1     14        -0.2065    0.2020   180    -1.02    0.3079
  X_2     14         0.5374    0.2375   180     2.26    0.0248
  X_3     14        -0.5394    0.2449   180    -2.20    0.0289
  X_4     14         0.9190    0.2988   180     3.08    0.0024
  X_1     15        -0.1789    0.2020   180    -0.89    0.3768
                         The SAS System                       16
                               12:14 Saturday, February 16, 2013

                      The Mixed Procedure

                  Solution for Random Effects
 
                              Std Err
  Effect  subject  Estimate      Pred    DF  t Value  Pr > |t|

  X_2     15         0.6027    0.2375   180     2.54    0.0120
  X_3     15        -0.4644    0.2449   180    -1.90    0.0595
  X_4     15         0.9328    0.2988   180     3.12    0.0021
  X_1     16        -0.1212    0.2020   180    -0.60    0.5494
  X_2     16         0.5989    0.2375   180     2.52    0.0125
                         The SAS System                       17
                               12:14 Saturday, February 16, 2013

                      The Mixed Procedure

                  Solution for Random Effects
 
                              Std Err
  Effect  subject  Estimate      Pred    DF  t Value  Pr > |t|

  X_3     16        -0.5362    0.2449   180    -2.19    0.0298
  X_4     16         0.9150    0.2988   180     3.06    0.0025
  X_1     17        -0.2158    0.2020   180    -1.07    0.2868
  X_2     17         0.2429    0.2375   180     1.02    0.3077
  X_3     17        -0.5234    0.2449   180    -2.14    0.0339
                         The SAS System                       18
                               12:14 Saturday, February 16, 2013

                      The Mixed Procedure

                  Solution for Random Effects
 
                              Std Err
  Effect  subject  Estimate      Pred    DF  t Value  Pr > |t|

  X_4     17         0.6327    0.2988   180     2.12    0.0356
  X_1     18        -0.1641    0.2020   180    -0.81    0.4176
  X_2     18         0.5979    0.2375   180     2.52    0.0127
  X_3     18        -0.5018    0.2449   180    -2.05    0.0419
  X_4     18         1.0799    0.2988   180     3.61    0.0004
                         The SAS System                       19
                               12:14 Saturday, February 16, 2013

                      The Mixed Procedure

                  Solution for Random Effects
 
                              Std Err
  Effect  subject  Estimate      Pred    DF  t Value  Pr > |t|

  X_1     19        -0.1265    0.2020   180    -0.63    0.5318
  X_2     19         0.5278    0.2375   180     2.22    0.0275
  X_3     19        -0.4969    0.2449   180    -2.03    0.0439
  X_4     19         1.0203    0.2988   180     3.41    0.0008
  X_1     2         0.08355    0.2020   180     0.41    0.6796
                         The SAS System                       20
                               12:14 Saturday, February 16, 2013

                      The Mixed Procedure

                  Solution for Random Effects
 
                              Std Err
  Effect  subject  Estimate      Pred    DF  t Value  Pr > |t|

  X_2     2          0.2123    0.2375   180     0.89    0.3725
  X_3     2         0.01425    0.2449   180     0.06    0.9537
  X_4     2        -0.00752    0.2988   180    -0.03    0.9800
  X_1     20        -0.3249    0.2020   180    -1.61    0.1094
  X_2     20         0.4695    0.2375   180     1.98    0.0495
                         The SAS System                       21
                               12:14 Saturday, February 16, 2013

                      The Mixed Procedure

                  Solution for Random Effects
 
                              Std Err
  Effect  subject  Estimate      Pred    DF  t Value  Pr > |t|

  X_3     20        -0.5784    0.2449   180    -2.36    0.0192
  X_4     20         0.8626    0.2988   180     2.89    0.0044
  X_1     21         0.2944    0.2020   180     1.46    0.1467
  X_2     21        -1.0536    0.2375   180    -4.44    <.0001
  X_3     21         0.5419    0.2449   180     2.21    0.0281
                         The SAS System                       22
                               12:14 Saturday, February 16, 2013

                      The Mixed Procedure

                  Solution for Random Effects
 
                              Std Err
  Effect  subject  Estimate      Pred    DF  t Value  Pr > |t|

  X_4     21        -1.3822    0.2988   180    -4.63    <.0001
  X_1     22         0.2240    0.2020   180     1.11    0.2689
  X_2     22        -0.4900    0.2375   180    -2.06    0.0405
  X_3     22         0.7620    0.2449   180     3.11    0.0022
  X_4     22        -0.9152    0.2988   180    -3.06    0.0025
                         The SAS System                       23
                               12:14 Saturday, February 16, 2013

                      The Mixed Procedure

                  Solution for Random Effects
 
                              Std Err
  Effect  subject  Estimate      Pred    DF  t Value  Pr > |t|

  X_1     23         0.1223    0.2020   180     0.61    0.5456
  X_2     23        -0.5964    0.2375   180    -2.51    0.0129
  X_3     23         0.5750    0.2449   180     2.35    0.0199
  X_4     23        -0.7404    0.2988   180    -2.48    0.0141
  X_1     24         0.2580    0.2020   180     1.28    0.2031
                         The SAS System                       24
                               12:14 Saturday, February 16, 2013

                      The Mixed Procedure

                  Solution for Random Effects
 
                              Std Err
  Effect  subject  Estimate      Pred    DF  t Value  Pr > |t|

  X_2     24        -0.2445    0.2375   180    -1.03    0.3045
  X_3     24         0.6285    0.2449   180     2.57    0.0111
  X_4     24        -0.7832    0.2988   180    -2.62    0.0095
  X_1     25         0.2428    0.2020   180     1.20    0.2310
  X_2     25        -0.4943    0.2375   180    -2.08    0.0388
                         The SAS System                       25
                               12:14 Saturday, February 16, 2013

                      The Mixed Procedure

                  Solution for Random Effects
 
                              Std Err
  Effect  subject  Estimate      Pred    DF  t Value  Pr > |t|

  X_3     25         0.7889    0.2449   180     3.22    0.0015
  X_4     25        -0.7695    0.2988   180    -2.58    0.0108
  X_1     26         0.1922    0.2020   180     0.95    0.3426
  X_2     26        -0.4623    0.2375   180    -1.95    0.0531
  X_3     26         0.5966    0.2449   180     2.44    0.0158
                         The SAS System                       26
                               12:14 Saturday, February 16, 2013

                      The Mixed Procedure

                  Solution for Random Effects
 
                              Std Err
  Effect  subject  Estimate      Pred    DF  t Value  Pr > |t|

  X_4     26        -0.5903    0.2988   180    -1.98    0.0497
  X_1     27         0.2503    0.2020   180     1.24    0.2169
  X_2     27        -0.5570    0.2375   180    -2.35    0.0201
  X_3     27         0.7530    0.2449   180     3.08    0.0024
  X_4     27        -1.1084    0.2988   180    -3.71    0.0003
                         The SAS System                       27
                               12:14 Saturday, February 16, 2013

                      The Mixed Procedure

                  Solution for Random Effects
 
                              Std Err
  Effect  subject  Estimate      Pred    DF  t Value  Pr > |t|

  X_1     28         0.2008    0.2020   180     0.99    0.3216
  X_2     28        -0.7530    0.2375   180    -3.17    0.0018
  X_3     28         0.8456    0.2449   180     3.45    0.0007
  X_4     28        -1.0618    0.2988   180    -3.55    0.0005
  X_1     29         0.2576    0.2020   180     1.28    0.2038
                         The SAS System                       28
                               12:14 Saturday, February 16, 2013

                      The Mixed Procedure

                  Solution for Random Effects
 
                              Std Err
  Effect  subject  Estimate      Pred    DF  t Value  Pr > |t|

  X_2     29        -0.4821    0.2375   180    -2.03    0.0438
  X_3     29         0.5588    0.2449   180     2.28    0.0237
  X_4     29        -0.9281    0.2988   180    -3.11    0.0022
  X_1     3         -0.2059    0.2020   180    -1.02    0.3093
  X_2     3         -0.2377    0.2375   180    -1.00    0.3182
                         The SAS System                       29
                               12:14 Saturday, February 16, 2013

                      The Mixed Procedure

                  Solution for Random Effects
 
                              Std Err
  Effect  subject  Estimate      Pred    DF  t Value  Pr > |t|

  X_3     3         -0.3408    0.2449   180    -1.39    0.1657
  X_4     3         -0.2314    0.2988   180    -0.77    0.4397
  X_1     30        0.03721    0.2020   180     0.18    0.8541
  X_2     30        -0.8134    0.2375   180    -3.43    0.0008
  X_3     30         0.5640    0.2449   180     2.30    0.0224
                         The SAS System                       30
                               12:14 Saturday, February 16, 2013

                      The Mixed Procedure

                  Solution for Random Effects
 
                              Std Err
  Effect  subject  Estimate      Pred    DF  t Value  Pr > |t|

  X_4     30        -1.1269    0.2988   180    -3.77    0.0002
  X_1     4          0.1838    0.2020   180     0.91    0.3640
  X_2     4          0.3652    0.2375   180     1.54    0.1258
  X_3     4         0.01047    0.2449   180     0.04    0.9659
  X_4     4          0.2317    0.2988   180     0.78    0.4392
                         The SAS System                       31
                               12:14 Saturday, February 16, 2013

                      The Mixed Procedure

                  Solution for Random Effects
 
                              Std Err
  Effect  subject  Estimate      Pred    DF  t Value  Pr > |t|

  X_1     5          0.1797    0.2020   180     0.89    0.3749
  X_2     5         0.05822    0.2375   180     0.25    0.8066
  X_3     5        -0.01793    0.2449   180    -0.07    0.9417
  X_4     5          0.1320    0.2988   180     0.44    0.6592
  X_1     6        -0.06069    0.2020   180    -0.30    0.7642
                         The SAS System                       32
                               12:14 Saturday, February 16, 2013

                      The Mixed Procedure

                  Solution for Random Effects
 
                              Std Err
  Effect  subject  Estimate      Pred    DF  t Value  Pr > |t|

  X_2     6        -0.04273    0.2375   180    -0.18    0.8574
  X_3     6        -0.04389    0.2449   180    -0.18    0.8580
  X_4     6          0.2500    0.2988   180     0.84    0.4038
  X_1     7        -0.09531    0.2020   180    -0.47    0.6376
  X_2     7         0.09351    0.2375   180     0.39    0.6942
                         The SAS System                       33
                               12:14 Saturday, February 16, 2013

                      The Mixed Procedure

                  Solution for Random Effects
 
                              Std Err
  Effect  subject  Estimate      Pred    DF  t Value  Pr > |t|

  X_3     7         -0.2364    0.2449   180    -0.97    0.3357
  X_4     7         0.09566    0.2988   180     0.32    0.7492
  X_1     8        -0.00375    0.2020   180    -0.02    0.9852
  X_2     8          0.2323    0.2375   180     0.98    0.3292
  X_3     8        -0.08245    0.2449   180    -0.34    0.7367
                         The SAS System                       34
                               12:14 Saturday, February 16, 2013

                      The Mixed Procedure

                  Solution for Random Effects
 
                              Std Err
  Effect  subject  Estimate      Pred    DF  t Value  Pr > |t|

  X_4     8          0.1050    0.2988   180     0.35    0.7256
  X_1     9         -0.1377    0.2020   180    -0.68    0.4962
  X_2     9          0.1645    0.2375   180     0.69    0.4894
  X_3     9         -0.2325    0.2449   180    -0.95    0.3437
  X_4     9        -0.00512    0.2988   180    -0.02    0.9863
                         The SAS System                       35
                               12:14 Saturday, February 16, 2013

                      The Mixed Procedure

                 Type 3 Tests of Fixed Effects
 
                     Num     Den
          Effect      DF      DF    F Value    Pr > F

          X_1          1      29      23.63    <.0001
          X_2          1      29       4.91    0.0346
          X_3          1      29       0.36    0.5553
          X_4          1      29       0.44    0.5104
