                         The SAS System                        1
                               12:02 Saturday, February 16, 2013

                      The Mixed Procedure

                       Model Information

     Data Set                     WORK.INPUTDATA           
     Dependent Variable           y                        
     Covariance Structure         Variance Components      
     Subject Effect               subject                  
     Estimation Method            ML                       
     Residual Variance Method     Profile                  
     Fixed Effects SE Method      Model-Based              
     Degrees of Freedom Method    Containment              
                         The SAS System                        2
                               12:02 Saturday, February 16, 2013

                      The Mixed Procedure

                    Class Level Information
 
      Class      Levels    Values

      subject        30    1 10 11 12 13 14 15 16 17 18  
                           19 2 20 21 22 23 24 25 26 27  
                           28 29 3 30 4 5 6 7 8 9        
                         The SAS System                        3
                               12:02 Saturday, February 16, 2013

                      The Mixed Procedure

                          Dimensions

              Covariance Parameters            10
              Columns in X                      9
              Columns in Z Per Subject          9
              Subjects                         30
              Max Obs Per Subject              10
                         The SAS System                        4
                               12:02 Saturday, February 16, 2013

                      The Mixed Procedure

                    Number of Observations

          Number of Observations Read             300
          Number of Observations Used             300
          Number of Observations Not Used           0


                         The SAS System                        5
                               12:02 Saturday, February 16, 2013

                      The Mixed Procedure

                       Iteration History
 
  Iteration    Evaluations        -2 Log Like       Criterion

          0              1       498.42230824                
          1              2       429.42115106      0.01693347
          2              1       428.18271310      0.00289645
          3              1       427.98146003      0.00015691
          4              1       427.97139779      0.00000061
                         The SAS System                        6
                               12:02 Saturday, February 16, 2013

                      The Mixed Procedure

                       Iteration History
 
  Iteration    Evaluations        -2 Log Like       Criterion

          5              1       427.97136003      0.00000000


                   Convergence criteria met.                    
                         The SAS System                        7
                               12:02 Saturday, February 16, 2013

                      The Mixed Procedure

                 Covariance Parameter Estimates
 
                Cov Parm     Subject    Estimate

                X_1          subject      0.2017
                X_2          subject      0.1157
                X_3          subject      0.3187
                X_4          subject      0.3942
                X_5          subject      0.1462
                X_6          subject      0.4436
                         The SAS System                        8
                               12:02 Saturday, February 16, 2013

                      The Mixed Procedure

                 Covariance Parameter Estimates
 
                Cov Parm     Subject    Estimate

                X_7          subject     0.08878
                X_8          subject      0.2849
                X_9          subject      0.5721
                Residual                 0.04486
                         The SAS System                        9
                               12:02 Saturday, February 16, 2013

                      The Mixed Procedure

                        Fit Statistics

             -2 Log Likelihood               428.0
             AIC (smaller is better)         466.0
             AICC (smaller is better)        468.7
             BIC (smaller is better)         492.6
                         The SAS System                       10
                               12:02 Saturday, February 16, 2013

                      The Mixed Procedure

                  Solution for Fixed Effects
 
                       Standard
 Effect    Estimate       Error      DF    t Value    Pr > |t|

 X_1         0.3685     0.09065      29       4.07      0.0003
 X_2         0.3813     0.07316      29       5.21      <.0001
 X_3       -0.00512      0.1101      29      -0.05      0.9632
 X_4        -0.2983      0.1207      29      -2.47      0.0196
 X_5        0.05109     0.08211      29       0.62      0.5387
                         The SAS System                       11
                               12:02 Saturday, February 16, 2013

                      The Mixed Procedure

                  Solution for Fixed Effects
 
                       Standard
 Effect    Estimate       Error      DF    t Value    Pr > |t|

 X_6         0.1567      0.1273      29       1.23      0.2284
 X_7       -0.07259     0.06674      29      -1.09      0.2857
 X_8        -0.1805      0.1048      29      -1.72      0.0958
 X_9        0.02286      0.1434      29       0.16      0.8744
                         The SAS System                       12
                               12:02 Saturday, February 16, 2013

                      The Mixed Procedure

                  Solution for Random Effects
 
                              Std Err
  Effect  subject  Estimate      Pred    DF  t Value  Pr > |t|

  X_1     1         -0.2446    0.2054    30    -1.19    0.2432
  X_2     1          0.3112    0.1874    30     1.66    0.1072
  X_3     1          0.6118    0.2205    30     2.77    0.0094
  X_4     1         0.08672    0.2232    30     0.39    0.7004
  X_5     1         -0.5439    0.2092    30    -2.60    0.0143
                         The SAS System                       13
                               12:02 Saturday, February 16, 2013

                      The Mixed Procedure

                  Solution for Random Effects
 
                              Std Err
  Effect  subject  Estimate      Pred    DF  t Value  Pr > |t|

  X_6     1         -0.1844    0.2277    30    -0.81    0.4245
  X_7     1          0.1213    0.1782    30     0.68    0.5013
  X_8     1        0.003824    0.2167    30     0.02    0.9860
  X_9     1         -0.1274    0.2435    30    -0.52    0.6045
  X_1     10        -0.1333    0.2054    30    -0.65    0.5214
                         The SAS System                       14
                               12:02 Saturday, February 16, 2013

                      The Mixed Procedure

                  Solution for Random Effects
 
                              Std Err
  Effect  subject  Estimate      Pred    DF  t Value  Pr > |t|

  X_2     10         0.2850    0.1874    30     1.52    0.1387
  X_3     10         0.5049    0.2205    30     2.29    0.0293
  X_4     10         0.1572    0.2232    30     0.70    0.4867
  X_5     10        -0.2556    0.2092    30    -1.22    0.2313
  X_6     10       0.002934    0.2277    30     0.01    0.9898
                         The SAS System                       15
                               12:02 Saturday, February 16, 2013

                      The Mixed Procedure

                  Solution for Random Effects
 
                              Std Err
  Effect  subject  Estimate      Pred    DF  t Value  Pr > |t|

  X_7     10         0.2975    0.1782    30     1.67    0.1055
  X_8     10         0.2710    0.2167    30     1.25    0.2208
  X_9     10        0.08854    0.2435    30     0.36    0.7187
  X_1     11        -0.3046    0.2054    30    -1.48    0.1486
  X_2     11        -0.3855    0.1874    30    -2.06    0.0484
                         The SAS System                       16
                               12:02 Saturday, February 16, 2013

                      The Mixed Procedure

                  Solution for Random Effects
 
                              Std Err
  Effect  subject  Estimate      Pred    DF  t Value  Pr > |t|

  X_3     11        0.01043    0.2205    30     0.05    0.9626
  X_4     11         0.7629    0.2232    30     3.42    0.0018
  X_5     11        0.09491    0.2092    30     0.45    0.6534
  X_6     11        -0.8370    0.2277    30    -3.68    0.0009
  X_7     11        -0.2250    0.1782    30    -1.26    0.2166
                         The SAS System                       17
                               12:02 Saturday, February 16, 2013

                      The Mixed Procedure

                  Solution for Random Effects
 
                              Std Err
  Effect  subject  Estimate      Pred    DF  t Value  Pr > |t|

  X_8     11         0.7869    0.2167    30     3.63    0.0010
  X_9     11         1.2977    0.2435    30     5.33    <.0001
  X_1     12        -0.3258    0.2054    30    -1.59    0.1232
  X_2     12        -0.4287    0.1874    30    -2.29    0.0294
  X_3     12       -0.00429    0.2205    30    -0.02    0.9846
                         The SAS System                       18
                               12:02 Saturday, February 16, 2013

                      The Mixed Procedure

                  Solution for Random Effects
 
                              Std Err
  Effect  subject  Estimate      Pred    DF  t Value  Pr > |t|

  X_4     12         0.2765    0.2232    30     1.24    0.2251
  X_5     12        0.09213    0.2092    30     0.44    0.6629
  X_6     12        -0.5865    0.2277    30    -2.58    0.0152
  X_7     12        -0.2745    0.1782    30    -1.54    0.1340
  X_8     12         0.1374    0.2167    30     0.63    0.5309
                         The SAS System                       19
                               12:02 Saturday, February 16, 2013

                      The Mixed Procedure

                  Solution for Random Effects
 
                              Std Err
  Effect  subject  Estimate      Pred    DF  t Value  Pr > |t|

  X_9     12         0.6357    0.2435    30     2.61    0.0140
  X_1     13        -0.1173    0.2054    30    -0.57    0.5723
  X_2     13        -0.1895    0.1874    30    -1.01    0.3199
  X_3     13         0.2024    0.2205    30     0.92    0.3661
  X_4     13         0.7006    0.2232    30     3.14    0.0038
                         The SAS System                       20
                               12:02 Saturday, February 16, 2013

                      The Mixed Procedure

                  Solution for Random Effects
 
                              Std Err
  Effect  subject  Estimate      Pred    DF  t Value  Pr > |t|

  X_5     13         0.3174    0.2092    30     1.52    0.1398
  X_6     13        -0.3970    0.2277    30    -1.74    0.0915
  X_7     13        -0.1461    0.1782    30    -0.82    0.4187
  X_8     13         0.4570    0.2167    30     2.11    0.0434
  X_9     13         0.8298    0.2435    30     3.41    0.0019
                         The SAS System                       21
                               12:02 Saturday, February 16, 2013

                      The Mixed Procedure

                  Solution for Random Effects
 
                              Std Err
  Effect  subject  Estimate      Pred    DF  t Value  Pr > |t|

  X_1     14       -0.01041    0.2054    30    -0.05    0.9599
  X_2     14       -0.09326    0.1874    30    -0.50    0.6223
  X_3     14         0.1491    0.2205    30     0.68    0.5043
  X_4     14         0.7340    0.2232    30     3.29    0.0026
  X_5     14         0.3448    0.2092    30     1.65    0.1098
                         The SAS System                       22
                               12:02 Saturday, February 16, 2013

                      The Mixed Procedure

                  Solution for Random Effects
 
                              Std Err
  Effect  subject  Estimate      Pred    DF  t Value  Pr > |t|

  X_6     14        -0.5561    0.2277    30    -2.44    0.0207
  X_7     14       -0.05502    0.1782    30    -0.31    0.7597
  X_8     14         0.6993    0.2167    30     3.23    0.0030
  X_9     14         0.8826    0.2435    30     3.62    0.0011
  X_1     15        -0.2403    0.2054    30    -1.17    0.2514
                         The SAS System                       23
                               12:02 Saturday, February 16, 2013

                      The Mixed Procedure

                  Solution for Random Effects
 
                              Std Err
  Effect  subject  Estimate      Pred    DF  t Value  Pr > |t|

  X_2     15        -0.2878    0.1874    30    -1.54    0.1350
  X_3     15        0.07226    0.2205    30     0.33    0.7454
  X_4     15         0.6904    0.2232    30     3.09    0.0043
  X_5     15         0.2979    0.2092    30     1.42    0.1649
  X_6     15        -0.6791    0.2277    30    -2.98    0.0056
                         The SAS System                       24
                               12:02 Saturday, February 16, 2013

                      The Mixed Procedure

                  Solution for Random Effects
 
                              Std Err
  Effect  subject  Estimate      Pred    DF  t Value  Pr > |t|

  X_7     15        -0.2871    0.1782    30    -1.61    0.1177
  X_8     15         0.5356    0.2167    30     2.47    0.0194
  X_9     15         1.1366    0.2435    30     4.67    <.0001
  X_1     16        -0.4002    0.2054    30    -1.95    0.0608
  X_2     16        -0.4906    0.1874    30    -2.62    0.0137
                         The SAS System                       25
                               12:02 Saturday, February 16, 2013

                      The Mixed Procedure

                  Solution for Random Effects
 
                              Std Err
  Effect  subject  Estimate      Pred    DF  t Value  Pr > |t|

  X_3     16       -0.09990    0.2205    30    -0.45    0.6538
  X_4     16         0.5836    0.2232    30     2.61    0.0138
  X_5     16         0.1224    0.2092    30     0.59    0.5629
  X_6     16        -1.0581    0.2277    30    -4.65    <.0001
  X_7     16        -0.4323    0.1782    30    -2.43    0.0215
                         The SAS System                       26
                               12:02 Saturday, February 16, 2013

                      The Mixed Procedure

                  Solution for Random Effects
 
                              Std Err
  Effect  subject  Estimate      Pred    DF  t Value  Pr > |t|

  X_8     16         0.4321    0.2167    30     1.99    0.0553
  X_9     16         0.9868    0.2435    30     4.05    0.0003
  X_1     17        -0.4390    0.2054    30    -2.14    0.0409
  X_2     17        -0.4373    0.1874    30    -2.33    0.0265
  X_3     17       -0.02029    0.2205    30    -0.09    0.9273
                         The SAS System                       27
                               12:02 Saturday, February 16, 2013

                      The Mixed Procedure

                  Solution for Random Effects
 
                              Std Err
  Effect  subject  Estimate      Pred    DF  t Value  Pr > |t|

  X_4     17         0.5773    0.2232    30     2.59    0.0148
  X_5     17        0.09423    0.2092    30     0.45    0.6557
  X_6     17        -0.9542    0.2277    30    -4.19    0.0002
  X_7     17        -0.4723    0.1782    30    -2.65    0.0127
  X_8     17         0.3558    0.2167    30     1.64    0.1111
                         The SAS System                       28
                               12:02 Saturday, February 16, 2013

                      The Mixed Procedure

                  Solution for Random Effects
 
                              Std Err
  Effect  subject  Estimate      Pred    DF  t Value  Pr > |t|

  X_9     17         0.8004    0.2435    30     3.29    0.0026
  X_1     18        -0.4245    0.2054    30    -2.07    0.0475
  X_2     18        -0.4029    0.1874    30    -2.15    0.0397
  X_3     18        -0.2100    0.2205    30    -0.95    0.3486
  X_4     18         0.5234    0.2232    30     2.34    0.0258
                         The SAS System                       29
                               12:02 Saturday, February 16, 2013

                      The Mixed Procedure

                  Solution for Random Effects
 
                              Std Err
  Effect  subject  Estimate      Pred    DF  t Value  Pr > |t|

  X_5     18        0.06183    0.2092    30     0.30    0.7696
  X_6     18        -0.8503    0.2277    30    -3.73    0.0008
  X_7     18        -0.3753    0.1782    30    -2.11    0.0437
  X_8     18         0.2447    0.2167    30     1.13    0.2678
  X_9     18         0.6108    0.2435    30     2.51    0.0178
                         The SAS System                       30
                               12:02 Saturday, February 16, 2013

                      The Mixed Procedure

                  Solution for Random Effects
 
                              Std Err
  Effect  subject  Estimate      Pred    DF  t Value  Pr > |t|

  X_1     19        -0.1371    0.2054    30    -0.67    0.5097
  X_2     19        -0.1531    0.1874    30    -0.82    0.4202
  X_3     19         0.1885    0.2205    30     0.85    0.3995
  X_4     19         0.7717    0.2232    30     3.46    0.0017
  X_5     19         0.3844    0.2092    30     1.84    0.0761
                         The SAS System                       31
                               12:02 Saturday, February 16, 2013

                      The Mixed Procedure

                  Solution for Random Effects
 
                              Std Err
  Effect  subject  Estimate      Pred    DF  t Value  Pr > |t|

  X_6     19        -0.3081    0.2277    30    -1.35    0.1863
  X_7     19       -0.04458    0.1782    30    -0.25    0.8042
  X_8     19         0.5906    0.2167    30     2.73    0.0106
  X_9     19         1.0553    0.2435    30     4.33    0.0002
  X_1     2         -0.2941    0.2054    30    -1.43    0.1625
                         The SAS System                       32
                               12:02 Saturday, February 16, 2013

                      The Mixed Procedure

                  Solution for Random Effects
 
                              Std Err
  Effect  subject  Estimate      Pred    DF  t Value  Pr > |t|

  X_2     2          0.3325    0.1874    30     1.77    0.0861
  X_3     2          0.6960    0.2205    30     3.16    0.0036
  X_4     2          0.2258    0.2232    30     1.01    0.3199
  X_5     2         -0.3579    0.2092    30    -1.71    0.0975
  X_6     2          0.1078    0.2277    30     0.47    0.6393
                         The SAS System                       33
                               12:02 Saturday, February 16, 2013

                      The Mixed Procedure

                  Solution for Random Effects
 
                              Std Err
  Effect  subject  Estimate      Pred    DF  t Value  Pr > |t|

  X_7     2          0.2412    0.1782    30     1.35    0.1860
  X_8     2          0.2263    0.2167    30     1.04    0.3048
  X_9     2         -0.1190    0.2435    30    -0.49    0.6285
  X_1     20        -0.1584    0.2054    30    -0.77    0.4468
  X_2     20        -0.2057    0.1874    30    -1.10    0.2810
                         The SAS System                       34
                               12:02 Saturday, February 16, 2013

                      The Mixed Procedure

                  Solution for Random Effects
 
                              Std Err
  Effect  subject  Estimate      Pred    DF  t Value  Pr > |t|

  X_3     20        0.05106    0.2205    30     0.23    0.8185
  X_4     20         0.5655    0.2232    30     2.53    0.0168
  X_5     20         0.2630    0.2092    30     1.26    0.2184
  X_6     20        -0.9372    0.2277    30    -4.12    0.0003
  X_7     20        -0.4536    0.1782    30    -2.55    0.0163
                         The SAS System                       35
                               12:02 Saturday, February 16, 2013

                      The Mixed Procedure

                  Solution for Random Effects
 
                              Std Err
  Effect  subject  Estimate      Pred    DF  t Value  Pr > |t|

  X_8     20         0.1957    0.2167    30     0.90    0.3737
  X_9     20         0.8278    0.2435    30     3.40    0.0019
  X_1     21         0.3173    0.2054    30     1.54    0.1329
  X_2     21        -0.1620    0.1874    30    -0.86    0.3941
  X_3     21        -0.5179    0.2205    30    -2.35    0.0256
                         The SAS System                       36
                               12:02 Saturday, February 16, 2013

                      The Mixed Procedure

                  Solution for Random Effects
 
                              Std Err
  Effect  subject  Estimate      Pred    DF  t Value  Pr > |t|

  X_4     21        -0.5595    0.2232    30    -2.51    0.0178
  X_5     21         0.2740    0.2092    30     1.31    0.2003
  X_6     21         0.5432    0.2277    30     2.39    0.0236
  X_7     21       -0.01928    0.1782    30    -0.11    0.9146
  X_8     21        -0.6889    0.2167    30    -3.18    0.0034
                         The SAS System                       37
                               12:02 Saturday, February 16, 2013

                      The Mixed Procedure

                  Solution for Random Effects
 
                              Std Err
  Effect  subject  Estimate      Pred    DF  t Value  Pr > |t|

  X_9     21        -0.8822    0.2435    30    -3.62    0.0011
  X_1     22         1.0336    0.2054    30     5.03    <.0001
  X_2     22         0.4581    0.1874    30     2.44    0.0206
  X_3     22        -0.3897    0.2205    30    -1.77    0.0874
  X_4     22        -0.7636    0.2232    30    -3.42    0.0018
                         The SAS System                       38
                               12:02 Saturday, February 16, 2013

                      The Mixed Procedure

                  Solution for Random Effects
 
                              Std Err
  Effect  subject  Estimate      Pred    DF  t Value  Pr > |t|

  X_5     22         0.2490    0.2092    30     1.19    0.2434
  X_6     22         1.2879    0.2277    30     5.66    <.0001
  X_7     22         0.4620    0.1782    30     2.59    0.0146
  X_8     22        -0.5223    0.2167    30    -2.41    0.0223
  X_9     22        -0.8396    0.2435    30    -3.45    0.0017
                         The SAS System                       39
                               12:02 Saturday, February 16, 2013

                      The Mixed Procedure

                  Solution for Random Effects
 
                              Std Err
  Effect  subject  Estimate      Pred    DF  t Value  Pr > |t|

  X_1     23         0.5827    0.2054    30     2.84    0.0081
  X_2     23        0.01094    0.1874    30     0.06    0.9538
  X_3     23        -0.5592    0.2205    30    -2.54    0.0167
  X_4     23        -0.6230    0.2232    30    -2.79    0.0090
  X_5     23         0.1825    0.2092    30     0.87    0.3901
                         The SAS System                       40
                               12:02 Saturday, February 16, 2013

                      The Mixed Procedure

                  Solution for Random Effects
 
                              Std Err
  Effect  subject  Estimate      Pred    DF  t Value  Pr > |t|

  X_6     23         0.6615    0.2277    30     2.90    0.0068
  X_7     23       -0.00138    0.1782    30    -0.01    0.9939
  X_8     23        -0.5403    0.2167    30    -2.49    0.0184
  X_9     23        -0.7454    0.2435    30    -3.06    0.0046
  X_1     24         0.4545    0.2054    30     2.21    0.0347
                         The SAS System                       41
                               12:02 Saturday, February 16, 2013

                      The Mixed Procedure

                  Solution for Random Effects
 
                              Std Err
  Effect  subject  Estimate      Pred    DF  t Value  Pr > |t|

  X_2     24        0.02836    0.1874    30     0.15    0.8807
  X_3     24        -0.5010    0.2205    30    -2.27    0.0304
  X_4     24        -0.5157    0.2232    30    -2.31    0.0279
  X_5     24         0.1887    0.2092    30     0.90    0.3742
  X_6     24         0.6988    0.2277    30     3.07    0.0045
                         The SAS System                       42
                               12:02 Saturday, February 16, 2013

                      The Mixed Procedure

                  Solution for Random Effects
 
                              Std Err
  Effect  subject  Estimate      Pred    DF  t Value  Pr > |t|

  X_7     24         0.1258    0.1782    30     0.71    0.4858
  X_8     24        -0.4747    0.2167    30    -2.19    0.0364
  X_9     24        -0.6806    0.2435    30    -2.80    0.0090
  X_1     25         0.4851    0.2054    30     2.36    0.0249
  X_2     25       0.002024    0.1874    30     0.01    0.9915
                         The SAS System                       43
                               12:02 Saturday, February 16, 2013

                      The Mixed Procedure

                  Solution for Random Effects
 
                              Std Err
  Effect  subject  Estimate      Pred    DF  t Value  Pr > |t|

  X_3     25        -0.6608    0.2205    30    -3.00    0.0054
  X_4     25        -0.9516    0.2232    30    -4.26    0.0002
  X_5     25         0.2207    0.2092    30     1.05    0.3000
  X_6     25         0.7179    0.2277    30     3.15    0.0037
  X_7     25       -0.07889    0.1782    30    -0.44    0.6612
                         The SAS System                       44
                               12:02 Saturday, February 16, 2013

                      The Mixed Procedure

                  Solution for Random Effects
 
                              Std Err
  Effect  subject  Estimate      Pred    DF  t Value  Pr > |t|

  X_8     25        -0.8720    0.2167    30    -4.02    0.0004
  X_9     25        -0.9945    0.2435    30    -4.08    0.0003
  X_1     26         0.5753    0.2054    30     2.80    0.0088
  X_2     26         0.1360    0.1874    30     0.73    0.4736
  X_3     26        -0.4596    0.2205    30    -2.08    0.0458
                         The SAS System                       45
                               12:02 Saturday, February 16, 2013

                      The Mixed Procedure

                  Solution for Random Effects
 
                              Std Err
  Effect  subject  Estimate      Pred    DF  t Value  Pr > |t|

  X_4     26        -0.6647    0.2232    30    -2.98    0.0057
  X_5     26         0.2713    0.2092    30     1.30    0.2046
  X_6     26         0.8566    0.2277    30     3.76    0.0007
  X_7     26         0.2702    0.1782    30     1.52    0.1400
  X_8     26        -0.3425    0.2167    30    -1.58    0.1245
                         The SAS System                       46
                               12:02 Saturday, February 16, 2013

                      The Mixed Procedure

                  Solution for Random Effects
 
                              Std Err
  Effect  subject  Estimate      Pred    DF  t Value  Pr > |t|

  X_9     26        -0.7742    0.2435    30    -3.18    0.0034
  X_1     27         0.5599    0.2054    30     2.73    0.0106
  X_2     27        -0.1515    0.1874    30    -0.81    0.4250
  X_3     27        -1.0763    0.2205    30    -4.88    <.0001
  X_4     27        -1.2297    0.2232    30    -5.51    <.0001
                         The SAS System                       47
                               12:02 Saturday, February 16, 2013

                      The Mixed Procedure

                  Solution for Random Effects
 
                              Std Err
  Effect  subject  Estimate      Pred    DF  t Value  Pr > |t|

  X_5     27         0.1556    0.2092    30     0.74    0.4630
  X_6     27         0.8327    0.2277    30     3.66    0.0010
  X_7     27       -0.04852    0.1782    30    -0.27    0.7873
  X_8     27        -0.9329    0.2167    30    -4.30    0.0002
  X_9     27        -1.0360    0.2435    30    -4.26    0.0002
                         The SAS System                       48
                               12:02 Saturday, February 16, 2013

                      The Mixed Procedure

                  Solution for Random Effects
 
                              Std Err
  Effect  subject  Estimate      Pred    DF  t Value  Pr > |t|

  X_1     28         0.5398    0.2054    30     2.63    0.0134
  X_2     28       -0.00107    0.1874    30    -0.01    0.9955
  X_3     28        -0.6209    0.2205    30    -2.82    0.0085
  X_4     28        -0.6951    0.2232    30    -3.11    0.0040
  X_5     28         0.3717    0.2092    30     1.78    0.0858
                         The SAS System                       49
                               12:02 Saturday, February 16, 2013

                      The Mixed Procedure

                  Solution for Random Effects
 
                              Std Err
  Effect  subject  Estimate      Pred    DF  t Value  Pr > |t|

  X_6     28         0.8406    0.2277    30     3.69    0.0009
  X_7     28        0.05719    0.1782    30     0.32    0.7505
  X_8     28        -0.5938    0.2167    30    -2.74    0.0102
  X_9     28        -0.6613    0.2435    30    -2.72    0.0109
  X_1     29         0.3961    0.2054    30     1.93    0.0634
                         The SAS System                       50
                               12:02 Saturday, February 16, 2013

                      The Mixed Procedure

                  Solution for Random Effects
 
                              Std Err
  Effect  subject  Estimate      Pred    DF  t Value  Pr > |t|

  X_2     29        -0.2423    0.1874    30    -1.29    0.2059
  X_3     29        -0.8927    0.2205    30    -4.05    0.0003
  X_4     29        -0.9398    0.2232    30    -4.21    0.0002
  X_5     29         0.1983    0.2092    30     0.95    0.3508
  X_6     29         0.5592    0.2277    30     2.46    0.0201
                         The SAS System                       51
                               12:02 Saturday, February 16, 2013

                      The Mixed Procedure

                  Solution for Random Effects
 
                              Std Err
  Effect  subject  Estimate      Pred    DF  t Value  Pr > |t|

  X_7     29       -0.07285    0.1782    30    -0.41    0.6856
  X_8     29        -0.7775    0.2167    30    -3.59    0.0012
  X_9     29        -0.8507    0.2435    30    -3.49    0.0015
  X_1     3         -0.4712    0.2054    30    -2.29    0.0290
  X_2     3          0.3183    0.1874    30     1.70    0.0997
                         The SAS System                       52
                               12:02 Saturday, February 16, 2013

                      The Mixed Procedure

                  Solution for Random Effects
 
                              Std Err
  Effect  subject  Estimate      Pred    DF  t Value  Pr > |t|

  X_3     3          0.4610    0.2205    30     2.09    0.0451
  X_4     3         0.05883    0.2232    30     0.26    0.7939
  X_5     3         -0.3257    0.2092    30    -1.56    0.1301
  X_6     3          0.1013    0.2277    30     0.44    0.6598
  X_7     3          0.1897    0.1782    30     1.06    0.2957
                         The SAS System                       53
                               12:02 Saturday, February 16, 2013

                      The Mixed Procedure

                  Solution for Random Effects
 
                              Std Err
  Effect  subject  Estimate      Pred    DF  t Value  Pr > |t|

  X_8     3          0.1032    0.2167    30     0.48    0.6374
  X_9     3         -0.2833    0.2435    30    -1.16    0.2538
  X_1     30         0.3667    0.2054    30     1.79    0.0843
  X_2     30       -0.04887    0.1874    30    -0.26    0.7960
  X_3     30        -0.6930    0.2205    30    -3.14    0.0038
                         The SAS System                       54
                               12:02 Saturday, February 16, 2013

                      The Mixed Procedure

                  Solution for Random Effects
 
                              Std Err
  Effect  subject  Estimate      Pred    DF  t Value  Pr > |t|

  X_4     30        -0.6419    0.2232    30    -2.88    0.0073
  X_5     30         0.2033    0.2092    30     0.97    0.3389
  X_6     30         0.6222    0.2277    30     2.73    0.0104
  X_7     30        0.05886    0.1782    30     0.33    0.7435
  X_8     30        -0.7026    0.2167    30    -3.24    0.0029
                         The SAS System                       55
                               12:02 Saturday, February 16, 2013

                      The Mixed Procedure

                  Solution for Random Effects
 
                              Std Err
  Effect  subject  Estimate      Pred    DF  t Value  Pr > |t|

  X_9     30        -0.8893    0.2435    30    -3.65    0.0010
  X_1     4         -0.1828    0.2054    30    -0.89    0.3806
  X_2     4          0.3532    0.1874    30     1.89    0.0691
  X_3     4          0.6519    0.2205    30     2.96    0.0060
  X_4     4          0.2718    0.2232    30     1.22    0.2328
                         The SAS System                       56
                               12:02 Saturday, February 16, 2013

                      The Mixed Procedure

                  Solution for Random Effects
 
                              Std Err
  Effect  subject  Estimate      Pred    DF  t Value  Pr > |t|

  X_5     4         -0.4817    0.2092    30    -2.30    0.0284
  X_6     4        -0.09966    0.2277    30    -0.44    0.6648
  X_7     4          0.2121    0.1782    30     1.19    0.2434
  X_8     4          0.1896    0.2167    30     0.88    0.3885
  X_9     4        -0.05023    0.2435    30    -0.21    0.8379
                         The SAS System                       57
                               12:02 Saturday, February 16, 2013

                      The Mixed Procedure

                  Solution for Random Effects
 
                              Std Err
  Effect  subject  Estimate      Pred    DF  t Value  Pr > |t|

  X_1     5         -0.4984    0.2054    30    -2.43    0.0215
  X_2     5         0.02451    0.1874    30     0.13    0.8968
  X_3     5          0.4349    0.2205    30     1.97    0.0579
  X_4     5         -0.1598    0.2232    30    -0.72    0.4796
  X_5     5         -0.6188    0.2092    30    -2.96    0.0060
                         The SAS System                       58
                               12:02 Saturday, February 16, 2013

                      The Mixed Procedure

                  Solution for Random Effects
 
                              Std Err
  Effect  subject  Estimate      Pred    DF  t Value  Pr > |t|

  X_6     5         -0.2873    0.2277    30    -1.26    0.2169
  X_7     5         0.09695    0.1782    30     0.54    0.5905
  X_8     5          0.1303    0.2167    30     0.60    0.5520
  X_9     5         -0.1508    0.2435    30    -0.62    0.5404
  X_1     6        -0.08311    0.2054    30    -0.40    0.6886
                         The SAS System                       59
                               12:02 Saturday, February 16, 2013

                      The Mixed Procedure

                  Solution for Random Effects
 
                              Std Err
  Effect  subject  Estimate      Pred    DF  t Value  Pr > |t|

  X_2     6          0.3771    0.1874    30     2.01    0.0532
  X_3     6          0.6150    0.2205    30     2.79    0.0091
  X_4     6          0.5016    0.2232    30     2.25    0.0322
  X_5     6         -0.4804    0.2092    30    -2.30    0.0288
  X_6     6         -0.1145    0.2277    30    -0.50    0.6189
                         The SAS System                       60
                               12:02 Saturday, February 16, 2013

                      The Mixed Procedure

                  Solution for Random Effects
 
                              Std Err
  Effect  subject  Estimate      Pred    DF  t Value  Pr > |t|

  X_7     6          0.1086    0.1782    30     0.61    0.5468
  X_8     6         0.09192    0.2167    30     0.42    0.6745
  X_9     6        -0.06195    0.2435    30    -0.25    0.8009
  X_1     7         -0.2740    0.2054    30    -1.33    0.1923
  X_2     7          0.3768    0.1874    30     2.01    0.0534
                         The SAS System                       61
                               12:02 Saturday, February 16, 2013

                      The Mixed Procedure

                  Solution for Random Effects
 
                              Std Err
  Effect  subject  Estimate      Pred    DF  t Value  Pr > |t|

  X_3     7          0.6559    0.2205    30     2.97    0.0058
  X_4     7          0.1018    0.2232    30     0.46    0.6517
  X_5     7         -0.4836    0.2092    30    -2.31    0.0279
  X_6     7         -0.2031    0.2277    30    -0.89    0.3795
  X_7     7          0.2276    0.1782    30     1.28    0.2114
                         The SAS System                       62
                               12:02 Saturday, February 16, 2013

                      The Mixed Procedure

                  Solution for Random Effects
 
                              Std Err
  Effect  subject  Estimate      Pred    DF  t Value  Pr > |t|

  X_8     7          0.3029    0.2167    30     1.40    0.1724
  X_9     7         -0.1086    0.2435    30    -0.45    0.6588
  X_1     8         -0.3577    0.2054    30    -1.74    0.0919
  X_2     8          0.2309    0.1874    30     1.23    0.2275
  X_3     8          0.5643    0.2205    30     2.56    0.0158
                         The SAS System                       63
                               12:02 Saturday, February 16, 2013

                      The Mixed Procedure

                  Solution for Random Effects
 
                              Std Err
  Effect  subject  Estimate      Pred    DF  t Value  Pr > |t|

  X_4     8        -0.00022    0.2232    30    -0.00    0.9992
  X_5     8         -0.4871    0.2092    30    -2.33    0.0268
  X_6     8         0.07175    0.2277    30     0.32    0.7549
  X_7     8          0.2067    0.1782    30     1.16    0.2554
  X_8     8          0.2839    0.2167    30     1.31    0.2001
                         The SAS System                       64
                               12:02 Saturday, February 16, 2013

                      The Mixed Procedure

                  Solution for Random Effects
 
                              Std Err
  Effect  subject  Estimate      Pred    DF  t Value  Pr > |t|

  X_9     8         0.04775    0.2435    30     0.20    0.8459
  X_1     9         -0.2144    0.2054    30    -1.04    0.3049
  X_2     9          0.4353    0.1874    30     2.32    0.0271
  X_3     9          0.8361    0.2205    30     3.79    0.0007
  X_4     9          0.1552    0.2232    30     0.70    0.4923
                         The SAS System                       65
                               12:02 Saturday, February 16, 2013

                      The Mixed Procedure

                  Solution for Random Effects
 
                              Std Err
  Effect  subject  Estimate      Pred    DF  t Value  Pr > |t|

  X_5     9         -0.3533    0.2092    30    -1.69    0.1017
  X_6     9          0.1484    0.2277    30     0.65    0.5195
  X_7     9          0.3110    0.1782    30     1.75    0.0912
  X_8     9          0.4096    0.2167    30     1.89    0.0684
  X_9     9         0.05549    0.2435    30     0.23    0.8213
                         The SAS System                       66
                               12:02 Saturday, February 16, 2013

                      The Mixed Procedure

                 Type 3 Tests of Fixed Effects
 
                     Num     Den
          Effect      DF      DF    F Value    Pr > F

          X_1          1      29      16.53    0.0003
          X_2          1      29      27.16    <.0001
          X_3          1      29       0.00    0.9632
          X_4          1      29       6.11    0.0196
          X_5          1      29       0.39    0.5387
                         The SAS System                       67
                               12:02 Saturday, February 16, 2013

                      The Mixed Procedure

                 Type 3 Tests of Fixed Effects
 
                     Num     Den
          Effect      DF      DF    F Value    Pr > F

          X_6          1      29       1.51    0.2284
          X_7          1      29       1.18    0.2857
          X_8          1      29       2.96    0.0958
          X_9          1      29       0.03    0.8744
