                         The SAS System                        1
                               12:12 Saturday, February 16, 2013

                      The Mixed Procedure

                       Model Information

     Data Set                     WORK.INPUTDATA           
     Dependent Variable           y                        
     Covariance Structure         Compound Symmetry        
     Subject Effect               subject                  
     Estimation Method            ML                       
     Residual Variance Method     Profile                  
     Fixed Effects SE Method      Model-Based              
     Degrees of Freedom Method    Containment              
                         The SAS System                        2
                               12:12 Saturday, February 16, 2013

                      The Mixed Procedure

                    Class Level Information
 
      Class      Levels    Values

      subject        30    1 10 11 12 13 14 15 16 17 18  
                           19 2 20 21 22 23 24 25 26 27  
                           28 29 3 30 4 5 6 7 8 9        
                         The SAS System                        3
                               12:12 Saturday, February 16, 2013

                      The Mixed Procedure

                          Dimensions

              Covariance Parameters             3
              Columns in X                      5
              Columns in Z Per Subject          5
              Subjects                         30
              Max Obs Per Subject              10
                         The SAS System                        4
                               12:12 Saturday, February 16, 2013

                      The Mixed Procedure

                    Number of Observations

          Number of Observations Read             300
          Number of Observations Used             300
          Number of Observations Not Used           0


                         The SAS System                        5
                               12:12 Saturday, February 16, 2013

                      The Mixed Procedure

                       Iteration History
 
  Iteration    Evaluations        -2 Log Like       Criterion

          0              1       502.27483812                
          1              2       468.14976362      0.04272462
          2              1       466.09233703      0.00361804
          3              1       465.92846755      0.00003733
          4              1       465.92686118      0.00000000
                         The SAS System                        6
                               12:12 Saturday, February 16, 2013

                      The Mixed Procedure

                   Convergence criteria met.                    


                 Covariance Parameter Estimates
 
                Cov Parm     Subject    Estimate

                Variance     subject      0.3058
                CS           subject    -0.04853
                Residual                  0.1569
                         The SAS System                        7
                               12:12 Saturday, February 16, 2013

                      The Mixed Procedure

                        Fit Statistics

             -2 Log Likelihood               465.9
             AIC (smaller is better)         481.9
             AICC (smaller is better)        482.4
             BIC (smaller is better)         493.1
                         The SAS System                        8
                               12:12 Saturday, February 16, 2013

                      The Mixed Procedure

                Null Model Likelihood Ratio Test
 
                  DF    Chi-Square      Pr > ChiSq

                   2         36.35          <.0001


                         The SAS System                        9
                               12:12 Saturday, February 16, 2013

                      The Mixed Procedure

                  Solution for Fixed Effects
 
                       Standard
 Effect    Estimate       Error      DF    t Value    Pr > |t|

 X_1         0.5043      0.1136      29       4.44      0.0001
 X_2        0.04218      0.1099      29       0.38      0.7039
 X_3       0.004760      0.1110      29       0.04      0.9661
 X_4        0.06481      0.1099      29       0.59      0.5600
 X_5        0.07026      0.1136      29       0.62      0.5410
                         The SAS System                       10
                               12:12 Saturday, February 16, 2013

                      The Mixed Procedure

                  Solution for Random Effects
 
                              Std Err
  Effect  subject  Estimate      Pred    DF  t Value  Pr > |t|

  X_1     1         -0.1526    0.2953   150    -0.52    0.6061
  X_2     1          0.5221    0.2808   150     1.86    0.0649
  X_3     1         -0.4548    0.2862   150    -1.59    0.1142
  X_4     1          0.3625    0.2808   150     1.29    0.1987
  X_5     1         -0.1164    0.2953   150    -0.39    0.6940
                         The SAS System                       11
                               12:12 Saturday, February 16, 2013

                      The Mixed Procedure

                  Solution for Random Effects
 
                              Std Err
  Effect  subject  Estimate      Pred    DF  t Value  Pr > |t|

  X_1     10        -0.2315    0.2953   150    -0.78    0.4344
  X_2     10         0.1943    0.2808   150     0.69    0.4900
  X_3     10        -0.4826    0.2862   150    -1.69    0.0939
  X_4     10       -0.09622    0.2808   150    -0.34    0.7323
  X_5     10        -0.1176    0.2953   150    -0.40    0.6910
                         The SAS System                       12
                               12:12 Saturday, February 16, 2013

                      The Mixed Procedure

                  Solution for Random Effects
 
                              Std Err
  Effect  subject  Estimate      Pred    DF  t Value  Pr > |t|

  X_1     11        -0.2670    0.2953   150    -0.90    0.3673
  X_2     11         0.2210    0.2808   150     0.79    0.4324
  X_3     11         0.1242    0.2862   150     0.43    0.6650
  X_4     11        -0.3840    0.2808   150    -1.37    0.1735
  X_5     11         0.7352    0.2953   150     2.49    0.0139
                         The SAS System                       13
                               12:12 Saturday, February 16, 2013

                      The Mixed Procedure

                  Solution for Random Effects
 
                              Std Err
  Effect  subject  Estimate      Pred    DF  t Value  Pr > |t|

  X_1     12        -0.3624    0.2953   150    -1.23    0.2217
  X_2     12        0.01028    0.2808   150     0.04    0.9708
  X_3     12         0.2288    0.2862   150     0.80    0.4253
  X_4     12        -0.5068    0.2808   150    -1.81    0.0731
  X_5     12         0.8688    0.2953   150     2.94    0.0038
                         The SAS System                       14
                               12:12 Saturday, February 16, 2013

                      The Mixed Procedure

                  Solution for Random Effects
 
                              Std Err
  Effect  subject  Estimate      Pred    DF  t Value  Pr > |t|

  X_1     13        -0.3073    0.2953   150    -1.04    0.2997
  X_2     13         0.2959    0.2808   150     1.05    0.2936
  X_3     13       -0.05169    0.2862   150    -0.18    0.8569
  X_4     13        -0.3460    0.2808   150    -1.23    0.2198
  X_5     13         0.6430    0.2953   150     2.18    0.0310
                         The SAS System                       15
                               12:12 Saturday, February 16, 2013

                      The Mixed Procedure

                  Solution for Random Effects
 
                              Std Err
  Effect  subject  Estimate      Pred    DF  t Value  Pr > |t|

  X_1     14        -0.3634    0.2953   150    -1.23    0.2204
  X_2     14        0.04283    0.2808   150     0.15    0.8790
  X_3     14        0.08609    0.2862   150     0.30    0.7640
  X_4     14        -0.3941    0.2808   150    -1.40    0.1625
  X_5     14         0.6968    0.2953   150     2.36    0.0196
                         The SAS System                       16
                               12:12 Saturday, February 16, 2013

                      The Mixed Procedure

                  Solution for Random Effects
 
                              Std Err
  Effect  subject  Estimate      Pred    DF  t Value  Pr > |t|

  X_1     15        -0.2839    0.2953   150    -0.96    0.3379
  X_2     15        0.09884    0.2808   150     0.35    0.7253
  X_3     15         0.2188    0.2862   150     0.76    0.4458
  X_4     15        -0.4110    0.2808   150    -1.46    0.1453
  X_5     15         0.6382    0.2953   150     2.16    0.0323
                         The SAS System                       17
                               12:12 Saturday, February 16, 2013

                      The Mixed Procedure

                  Solution for Random Effects
 
                              Std Err
  Effect  subject  Estimate      Pred    DF  t Value  Pr > |t|

  X_1     16        -0.3246    0.2953   150    -1.10    0.2734
  X_2     16        0.04379    0.2808   150     0.16    0.8763
  X_3     16         0.2916    0.2862   150     1.02    0.3099
  X_4     16        -0.2921    0.2808   150    -1.04    0.2998
  X_5     16         0.4717    0.2953   150     1.60    0.1123
                         The SAS System                       18
                               12:12 Saturday, February 16, 2013

                      The Mixed Procedure

                  Solution for Random Effects
 
                              Std Err
  Effect  subject  Estimate      Pred    DF  t Value  Pr > |t|

  X_1     17        -0.4313    0.2953   150    -1.46    0.1462
  X_2     17       -0.08951    0.2808   150    -0.32    0.7503
  X_3     17        0.09987    0.2862   150     0.35    0.7276
  X_4     17        -0.6022    0.2808   150    -2.14    0.0336
  X_5     17         0.7498    0.2953   150     2.54    0.0121
                         The SAS System                       19
                               12:12 Saturday, February 16, 2013

                      The Mixed Procedure

                  Solution for Random Effects
 
                              Std Err
  Effect  subject  Estimate      Pred    DF  t Value  Pr > |t|

  X_1     18        -0.3597    0.2953   150    -1.22    0.2251
  X_2     18         0.1073    0.2808   150     0.38    0.7028
  X_3     18       -0.05205    0.2862   150    -0.18    0.8560
  X_4     18        -0.4932    0.2808   150    -1.76    0.0810
  X_5     18         0.7252    0.2953   150     2.46    0.0152
                         The SAS System                       20
                               12:12 Saturday, February 16, 2013

                      The Mixed Procedure

                  Solution for Random Effects
 
                              Std Err
  Effect  subject  Estimate      Pred    DF  t Value  Pr > |t|

  X_1     19        -0.3144    0.2953   150    -1.06    0.2887
  X_2     19         0.1054    0.2808   150     0.38    0.7080
  X_3     19         0.1861    0.2862   150     0.65    0.5166
  X_4     19        -0.3016    0.2808   150    -1.07    0.2845
  X_5     19         0.9175    0.2953   150     3.11    0.0023
                         The SAS System                       21
                               12:12 Saturday, February 16, 2013

                      The Mixed Procedure

                  Solution for Random Effects
 
                              Std Err
  Effect  subject  Estimate      Pred    DF  t Value  Pr > |t|

  X_1     2         -0.1554    0.2953   150    -0.53    0.5995
  X_2     2          0.6419    0.2808   150     2.29    0.0236
  X_3     2         -0.2590    0.2862   150    -0.90    0.3671
  X_4     2          0.3167    0.2808   150     1.13    0.2612
  X_5     2         0.06947    0.2953   150     0.24    0.8143
                         The SAS System                       22
                               12:12 Saturday, February 16, 2013

                      The Mixed Procedure

                  Solution for Random Effects
 
                              Std Err
  Effect  subject  Estimate      Pred    DF  t Value  Pr > |t|

  X_1     20        -0.1897    0.2953   150    -0.64    0.5216
  X_2     20        0.05956    0.2808   150     0.21    0.8323
  X_3     20        0.07115    0.2862   150     0.25    0.8040
  X_4     20        -0.6230    0.2808   150    -2.22    0.0280
  X_5     20         0.6427    0.2953   150     2.18    0.0311
                         The SAS System                       23
                               12:12 Saturday, February 16, 2013

                      The Mixed Procedure

                  Solution for Random Effects
 
                              Std Err
  Effect  subject  Estimate      Pred    DF  t Value  Pr > |t|

  X_1     21         0.3986    0.2953   150     1.35    0.1791
  X_2     21        -0.7571    0.2808   150    -2.70    0.0078
  X_3     21         0.1872    0.2862   150     0.65    0.5141
  X_4     21         0.2137    0.2808   150     0.76    0.4477
  X_5     21        -0.6771    0.2953   150    -2.29    0.0232
                         The SAS System                       24
                               12:12 Saturday, February 16, 2013

                      The Mixed Procedure

                  Solution for Random Effects
 
                              Std Err
  Effect  subject  Estimate      Pred    DF  t Value  Pr > |t|

  X_1     22         0.4155    0.2953   150     1.41    0.1615
  X_2     22        -0.9651    0.2808   150    -3.44    0.0008
  X_3     22         0.1990    0.2862   150     0.70    0.4879
  X_4     22         0.2083    0.2808   150     0.74    0.4594
  X_5     22        -0.8397    0.2953   150    -2.84    0.0051
                         The SAS System                       25
                               12:12 Saturday, February 16, 2013

                      The Mixed Procedure

                  Solution for Random Effects
 
                              Std Err
  Effect  subject  Estimate      Pred    DF  t Value  Pr > |t|

  X_1     23         0.5059    0.2953   150     1.71    0.0888
  X_2     23        -0.4962    0.2808   150    -1.77    0.0792
  X_3     23         0.3581    0.2862   150     1.25    0.2129
  X_4     23         0.2333    0.2808   150     0.83    0.4073
  X_5     23        -0.6563    0.2953   150    -2.22    0.0277
                         The SAS System                       26
                               12:12 Saturday, February 16, 2013

                      The Mixed Procedure

                  Solution for Random Effects
 
                              Std Err
  Effect  subject  Estimate      Pred    DF  t Value  Pr > |t|

  X_1     24         0.4407    0.2953   150     1.49    0.1377
  X_2     24        -0.5329    0.2808   150    -1.90    0.0596
  X_3     24         0.2603    0.2862   150     0.91    0.3646
  X_4     24         0.2586    0.2808   150     0.92    0.3585
  X_5     24        -0.6255    0.2953   150    -2.12    0.0358
                         The SAS System                       27
                               12:12 Saturday, February 16, 2013

                      The Mixed Procedure

                  Solution for Random Effects
 
                              Std Err
  Effect  subject  Estimate      Pred    DF  t Value  Pr > |t|

  X_1     25         0.7599    0.2953   150     2.57    0.0110
  X_2     25        -0.4668    0.2808   150    -1.66    0.0984
  X_3     25         0.3919    0.2862   150     1.37    0.1730
  X_4     25         0.4522    0.2808   150     1.61    0.1094
  X_5     25        -0.7871    0.2953   150    -2.67    0.0085
                         The SAS System                       28
                               12:12 Saturday, February 16, 2013

                      The Mixed Procedure

                  Solution for Random Effects
 
                              Std Err
  Effect  subject  Estimate      Pred    DF  t Value  Pr > |t|

  X_1     26         0.4149    0.2953   150     1.40    0.1621
  X_2     26        -0.3877    0.2808   150    -1.38    0.1694
  X_3     26         0.3192    0.2862   150     1.11    0.2666
  X_4     26         0.1540    0.2808   150     0.55    0.5842
  X_5     26        -0.7548    0.2953   150    -2.56    0.0116
                         The SAS System                       29
                               12:12 Saturday, February 16, 2013

                      The Mixed Procedure

                  Solution for Random Effects
 
                              Std Err
  Effect  subject  Estimate      Pred    DF  t Value  Pr > |t|

  X_1     27         0.6103    0.2953   150     2.07    0.0405
  X_2     27        -0.7480    0.2808   150    -2.66    0.0086
  X_3     27         0.4215    0.2862   150     1.47    0.1430
  X_4     27       -0.07636    0.2808   150    -0.27    0.7860
  X_5     27        -0.6324    0.2953   150    -2.14    0.0339
                         The SAS System                       30
                               12:12 Saturday, February 16, 2013

                      The Mixed Procedure

                  Solution for Random Effects
 
                              Std Err
  Effect  subject  Estimate      Pred    DF  t Value  Pr > |t|

  X_1     28         0.5329    0.2953   150     1.80    0.0732
  X_2     28        -0.2814    0.2808   150    -1.00    0.3179
  X_3     28         0.3487    0.2862   150     1.22    0.2251
  X_4     28         0.3954    0.2808   150     1.41    0.1611
  X_5     28        -0.6464    0.2953   150    -2.19    0.0301
                         The SAS System                       31
                               12:12 Saturday, February 16, 2013

                      The Mixed Procedure

                  Solution for Random Effects
 
                              Std Err
  Effect  subject  Estimate      Pred    DF  t Value  Pr > |t|

  X_1     29         0.4019    0.2953   150     1.36    0.1756
  X_2     29        -0.4966    0.2808   150    -1.77    0.0789
  X_3     29         0.3159    0.2862   150     1.10    0.2716
  X_4     29         0.3077    0.2808   150     1.10    0.2748
  X_5     29        -0.6877    0.2953   150    -2.33    0.0212
                         The SAS System                       32
                               12:12 Saturday, February 16, 2013

                      The Mixed Procedure

                  Solution for Random Effects
 
                              Std Err
  Effect  subject  Estimate      Pred    DF  t Value  Pr > |t|

  X_1     3         -0.1744    0.2953   150    -0.59    0.5556
  X_2     3          0.4926    0.2808   150     1.75    0.0814
  X_3     3         -0.5018    0.2862   150    -1.75    0.0816
  X_4     3          0.3160    0.2808   150     1.13    0.2622
  X_5     3        -0.02247    0.2953   150    -0.08    0.9394
                         The SAS System                       33
                               12:12 Saturday, February 16, 2013

                      The Mixed Procedure

                  Solution for Random Effects
 
                              Std Err
  Effect  subject  Estimate      Pred    DF  t Value  Pr > |t|

  X_1     30         0.5679    0.2953   150     1.92    0.0564
  X_2     30        -0.5554    0.2808   150    -1.98    0.0497
  X_3     30         0.2781    0.2862   150     0.97    0.3328
  X_4     30         0.2171    0.2808   150     0.77    0.4405
  X_5     30        -0.6664    0.2953   150    -2.26    0.0255
                         The SAS System                       34
                               12:12 Saturday, February 16, 2013

                      The Mixed Procedure

                  Solution for Random Effects
 
                              Std Err
  Effect  subject  Estimate      Pred    DF  t Value  Pr > |t|

  X_1     4         -0.2128    0.2953   150    -0.72    0.4722
  X_2     4          0.3669    0.2808   150     1.31    0.1933
  X_3     4         -0.4553    0.2862   150    -1.59    0.1138
  X_4     4          0.1574    0.2808   150     0.56    0.5758
  X_5     4         0.02558    0.2953   150     0.09    0.9311
                         The SAS System                       35
                               12:12 Saturday, February 16, 2013

                      The Mixed Procedure

                  Solution for Random Effects
 
                              Std Err
  Effect  subject  Estimate      Pred    DF  t Value  Pr > |t|

  X_1     5         -0.1552    0.2953   150    -0.53    0.5999
  X_2     5          0.5953    0.2808   150     2.12    0.0356
  X_3     5         -0.3166    0.2862   150    -1.11    0.2704
  X_4     5          0.2638    0.2808   150     0.94    0.3489
  X_5     5         0.08476    0.2953   150     0.29    0.7745
                         The SAS System                       36
                               12:12 Saturday, February 16, 2013

                      The Mixed Procedure

                  Solution for Random Effects
 
                              Std Err
  Effect  subject  Estimate      Pred    DF  t Value  Pr > |t|

  X_1     6         -0.1103    0.2953   150    -0.37    0.7093
  X_2     6          0.3485    0.2808   150     1.24    0.2165
  X_3     6         -0.4946    0.2862   150    -1.73    0.0861
  X_4     6         0.09231    0.2808   150     0.33    0.7428
  X_5     6         -0.1415    0.2953   150    -0.48    0.6325
                         The SAS System                       37
                               12:12 Saturday, February 16, 2013

                      The Mixed Procedure

                  Solution for Random Effects
 
                              Std Err
  Effect  subject  Estimate      Pred    DF  t Value  Pr > |t|

  X_1     7         -0.2489    0.2953   150    -0.84    0.4007
  X_2     7          0.4147    0.2808   150     1.48    0.1417
  X_3     7         -0.5345    0.2862   150    -1.87    0.0638
  X_4     7          0.3015    0.2808   150     1.07    0.2846
  X_5     7          0.1147    0.2953   150     0.39    0.6982
                         The SAS System                       38
                               12:12 Saturday, February 16, 2013

                      The Mixed Procedure

                  Solution for Random Effects
 
                              Std Err
  Effect  subject  Estimate      Pred    DF  t Value  Pr > |t|

  X_1     8         -0.2995    0.2953   150    -1.01    0.3121
  X_2     8          0.6012    0.2808   150     2.14    0.0339
  X_3     8         -0.2787    0.2862   150    -0.97    0.3318
  X_4     8          0.1649    0.2808   150     0.59    0.5579
  X_5     8        -0.09264    0.2953   150    -0.31    0.7542
                         The SAS System                       39
                               12:12 Saturday, February 16, 2013

                      The Mixed Procedure

                  Solution for Random Effects
 
                              Std Err
  Effect  subject  Estimate      Pred    DF  t Value  Pr > |t|

  X_1     9         -0.1039    0.2953   150    -0.35    0.7255
  X_2     9          0.6143    0.2808   150     2.19    0.0302
  X_3     9         -0.5049    0.2862   150    -1.76    0.0798
  X_4     9          0.1110    0.2808   150     0.40    0.6932
  X_5     9         0.08050    0.2953   150     0.27    0.7855
                         The SAS System                       40
                               12:12 Saturday, February 16, 2013

                      The Mixed Procedure

                 Type 3 Tests of Fixed Effects
 
                     Num     Den
          Effect      DF      DF    F Value    Pr > F

          X_1          1      29      19.72    0.0001
          X_2          1      29       0.15    0.7039
          X_3          1      29       0.00    0.9661
          X_4          1      29       0.35    0.5600
          X_5          1      29       0.38    0.5410
