                         The SAS System                        1
                               12:02 Saturday, February 16, 2013

                      The Mixed Procedure

                       Model Information

     Data Set                     WORK.INPUTDATA           
     Dependent Variable           y                        
     Covariance Structure         Variance Components      
     Subject Effect               subject                  
     Estimation Method            ML                       
     Residual Variance Method     Profile                  
     Fixed Effects SE Method      Model-Based              
     Degrees of Freedom Method    Containment              
                         The SAS System                        2
                               12:02 Saturday, February 16, 2013

                      The Mixed Procedure

                    Class Level Information
 
      Class      Levels    Values

      subject        30    1 10 11 12 13 14 15 16 17 18  
                           19 2 20 21 22 23 24 25 26 27  
                           28 29 3 30 4 5 6 7 8 9        
                         The SAS System                        3
                               12:02 Saturday, February 16, 2013

                      The Mixed Procedure

                          Dimensions

              Covariance Parameters             8
              Columns in X                      7
              Columns in Z Per Subject          7
              Subjects                         30
              Max Obs Per Subject              10
                         The SAS System                        4
                               12:02 Saturday, February 16, 2013

                      The Mixed Procedure

                    Number of Observations

          Number of Observations Read             300
          Number of Observations Used             300
          Number of Observations Not Used           0


                         The SAS System                        5
                               12:02 Saturday, February 16, 2013

                      The Mixed Procedure

                       Iteration History
 
  Iteration    Evaluations        -2 Log Like       Criterion

          0              1       498.80198352                
          1              2       389.21940730      0.08521522
          2              1       380.55563211      0.02544931
          3              1       377.94055385      0.00435818
          4              1       377.51582390      0.00021289
                         The SAS System                        6
                               12:02 Saturday, February 16, 2013

                      The Mixed Procedure

                       Iteration History
 
  Iteration    Evaluations        -2 Log Like       Criterion

          5              1       377.49666725      0.00000065
          6              1       377.49661056      0.00000000
                         The SAS System                        7
                               12:02 Saturday, February 16, 2013

                      The Mixed Procedure

                   Convergence criteria met.                    


                 Covariance Parameter Estimates
 
                Cov Parm     Subject    Estimate

                X_1          subject      0.1992
                X_2          subject      0.1759
                X_3          subject      0.4601
                         The SAS System                        8
                               12:02 Saturday, February 16, 2013

                      The Mixed Procedure

                 Covariance Parameter Estimates
 
                Cov Parm     Subject    Estimate

                X_4          subject      0.1763
                X_5          subject      0.4962
                X_6          subject      0.2545
                X_7          subject      0.5696
                Residual                 0.04728
                         The SAS System                        9
                               12:02 Saturday, February 16, 2013

                      The Mixed Procedure

                        Fit Statistics

             -2 Log Likelihood               377.5
             AIC (smaller is better)         407.5
             AICC (smaller is better)        409.2
             BIC (smaller is better)         428.5
                         The SAS System                       10
                               12:02 Saturday, February 16, 2013

                      The Mixed Procedure

                  Solution for Fixed Effects
 
                       Standard
 Effect    Estimate       Error      DF    t Value    Pr > |t|

 X_1         0.3685     0.09065      29       4.07      0.0003
 X_2         0.3658     0.08470      29       4.32      0.0002
 X_3        -0.3140      0.1288      29      -2.44      0.0212
 X_4        0.06004     0.08840      29       0.68      0.5024
 X_5         0.1366      0.1334      29       1.02      0.3142
                         The SAS System                       11
                               12:02 Saturday, February 16, 2013

                      The Mixed Procedure

                  Solution for Fixed Effects
 
                       Standard
 Effect    Estimate       Error      DF    t Value    Pr > |t|

 X_6        -0.2008     0.09897      29      -2.03      0.0518
 X_7        0.02286      0.1434      29       0.16      0.8744
                         The SAS System                       12
                               12:02 Saturday, February 16, 2013

                      The Mixed Procedure

                  Solution for Random Effects
 
                              Std Err
  Effect  subject  Estimate      Pred    DF  t Value  Pr > |t|

  X_1     1         -0.2416    0.2088    90    -1.16    0.2502
  X_2     1          0.4746    0.1920    90     2.47    0.0153
  X_3     1          0.2397    0.2202    90     1.09    0.2792
  X_4     1         -0.6086    0.2189    90    -2.78    0.0066
  X_5     1        -0.09522    0.2234    90    -0.43    0.6710
                         The SAS System                       13
                               12:02 Saturday, February 16, 2013

                      The Mixed Procedure

                  Solution for Random Effects
 
                              Std Err
  Effect  subject  Estimate      Pred    DF  t Value  Pr > |t|

  X_6     1         0.08326    0.2033    90     0.41    0.6831
  X_7     1         -0.1269    0.2474    90    -0.51    0.6092
  X_1     10        -0.1317    0.2088    90    -0.63    0.5298
  X_2     10         0.4062    0.1920    90     2.12    0.0371
  X_3     10         0.2663    0.2202    90     1.21    0.2297
                         The SAS System                       14
                               12:02 Saturday, February 16, 2013

                      The Mixed Procedure

                  Solution for Random Effects
 
                              Std Err
  Effect  subject  Estimate      Pred    DF  t Value  Pr > |t|

  X_4     10        -0.3042    0.2189    90    -1.39    0.1680
  X_5     10         0.1024    0.2234    90     0.46    0.6479
  X_6     10         0.3566    0.2033    90     1.75    0.0829
  X_7     10        0.08816    0.2474    90     0.36    0.7224
  X_1     11        -0.3009    0.2088    90    -1.44    0.1529
                         The SAS System                       15
                               12:02 Saturday, February 16, 2013

                      The Mixed Procedure

                  Solution for Random Effects
 
                              Std Err
  Effect  subject  Estimate      Pred    DF  t Value  Pr > |t|

  X_2     11        -0.4664    0.1920    90    -2.43    0.0171
  X_3     11         0.7174    0.2202    90     3.26    0.0016
  X_4     11         0.1255    0.2189    90     0.57    0.5679
  X_5     11        -0.9342    0.2234    90    -4.18    <.0001
  X_6     11         0.6791    0.2033    90     3.34    0.0012
                         The SAS System                       16
                               12:02 Saturday, February 16, 2013

                      The Mixed Procedure

                  Solution for Random Effects
 
                              Std Err
  Effect  subject  Estimate      Pred    DF  t Value  Pr > |t|

  X_7     11         1.2922    0.2474    90     5.22    <.0001
  X_1     12        -0.3219    0.2088    90    -1.54    0.1266
  X_2     12        -0.4433    0.1920    90    -2.31    0.0232
  X_3     12         0.3040    0.2202    90     1.38    0.1708
  X_4     12         0.1012    0.2189    90     0.46    0.6451
                         The SAS System                       17
                               12:02 Saturday, February 16, 2013

                      The Mixed Procedure

                  Solution for Random Effects
 
                              Std Err
  Effect  subject  Estimate      Pred    DF  t Value  Pr > |t|

  X_5     12        -0.6450    0.2234    90    -2.89    0.0049
  X_6     12        0.07917    0.2033    90     0.39    0.6979
  X_7     12         0.6330    0.2474    90     2.56    0.0122
  X_1     13        -0.1159    0.2088    90    -0.56    0.5802
  X_2     13        -0.2119    0.1920    90    -1.10    0.2725
                         The SAS System                       18
                               12:02 Saturday, February 16, 2013

                      The Mixed Procedure

                  Solution for Random Effects
 
                              Std Err
  Effect  subject  Estimate      Pred    DF  t Value  Pr > |t|

  X_3     13         0.6973    0.2202    90     3.17    0.0021
  X_4     13         0.3434    0.2189    90     1.57    0.1201
  X_5     13        -0.4742    0.2234    90    -2.12    0.0366
  X_6     13         0.3743    0.2033    90     1.84    0.0689
  X_7     13         0.8263    0.2474    90     3.34    0.0012
                         The SAS System                       19
                               12:02 Saturday, February 16, 2013

                      The Mixed Procedure

                  Solution for Random Effects
 
                              Std Err
  Effect  subject  Estimate      Pred    DF  t Value  Pr > |t|

  X_1     14       -0.01028    0.2088    90    -0.05    0.9608
  X_2     14        -0.1432    0.1920    90    -0.75    0.4577
  X_3     14         0.6923    0.2202    90     3.14    0.0023
  X_4     14         0.3738    0.2189    90     1.71    0.0911
  X_5     14        -0.6057    0.2234    90    -2.71    0.0080
                         The SAS System                       20
                               12:02 Saturday, February 16, 2013

                      The Mixed Procedure

                  Solution for Random Effects
 
                              Std Err
  Effect  subject  Estimate      Pred    DF  t Value  Pr > |t|

  X_6     14         0.6404    0.2033    90     3.15    0.0022
  X_7     14         0.8789    0.2474    90     3.55    0.0006
  X_1     15        -0.2374    0.2088    90    -1.14    0.2585
  X_2     15        -0.3443    0.1920    90    -1.79    0.0763
  X_3     15         0.6589    0.2202    90     2.99    0.0036
                         The SAS System                       21
                               12:02 Saturday, February 16, 2013

                      The Mixed Procedure

                  Solution for Random Effects
 
                              Std Err
  Effect  subject  Estimate      Pred    DF  t Value  Pr > |t|

  X_4     15         0.3354    0.2189    90     1.53    0.1289
  X_5     15        -0.7912    0.2234    90    -3.54    0.0006
  X_6     15         0.4190    0.2033    90     2.06    0.0422
  X_7     15         1.1318    0.2474    90     4.58    <.0001
  X_1     16        -0.3954    0.2088    90    -1.89    0.0614
                         The SAS System                       22
                               12:02 Saturday, February 16, 2013

                      The Mixed Procedure

                  Solution for Random Effects
 
                              Std Err
  Effect  subject  Estimate      Pred    DF  t Value  Pr > |t|

  X_2     16        -0.5751    0.1920    90    -3.00    0.0035
  X_3     16         0.5427    0.2202    90     2.46    0.0156
  X_4     16         0.1548    0.2189    90     0.71    0.4812
  X_5     16        -1.1648    0.2234    90    -5.21    <.0001
  X_6     16         0.3246    0.2033    90     1.60    0.1139
                         The SAS System                       23
                               12:02 Saturday, February 16, 2013

                      The Mixed Procedure

                  Solution for Random Effects
 
                              Std Err
  Effect  subject  Estimate      Pred    DF  t Value  Pr > |t|

  X_7     16         0.9826    0.2474    90     3.97    0.0001
  X_1     17        -0.4337    0.2088    90    -2.08    0.0406
  X_2     17        -0.4986    0.1920    90    -2.60    0.0110
  X_3     17         0.5554    0.2202    90     2.52    0.0134
  X_4     17         0.1262    0.2189    90     0.58    0.5658
                         The SAS System                       24
                               12:02 Saturday, February 16, 2013

                      The Mixed Procedure

                  Solution for Random Effects
 
                              Std Err
  Effect  subject  Estimate      Pred    DF  t Value  Pr > |t|

  X_5     17        -1.0822    0.2234    90    -4.84    <.0001
  X_6     17         0.2277    0.2033    90     1.12    0.2657
  X_7     17         0.7971    0.2474    90     3.22    0.0018
  X_1     18        -0.4194    0.2088    90    -2.01    0.0475
  X_2     18        -0.5194    0.1920    90    -2.71    0.0082
                         The SAS System                       25
                               12:02 Saturday, February 16, 2013

                      The Mixed Procedure

                  Solution for Random Effects
 
                              Std Err
  Effect  subject  Estimate      Pred    DF  t Value  Pr > |t|

  X_3     18         0.4396    0.2202    90     2.00    0.0489
  X_4     18        0.09625    0.2189    90     0.44    0.6612
  X_5     18        -0.9350    0.2234    90    -4.18    <.0001
  X_6     18         0.1633    0.2033    90     0.80    0.4238
  X_7     18         0.6082    0.2474    90     2.46    0.0159
                         The SAS System                       26
                               12:02 Saturday, February 16, 2013

                      The Mixed Procedure

                  Solution for Random Effects
 
                              Std Err
  Effect  subject  Estimate      Pred    DF  t Value  Pr > |t|

  X_1     19        -0.1354    0.2088    90    -0.65    0.5182
  X_2     19        -0.1922    0.1920    90    -1.00    0.3195
  X_3     19         0.7475    0.2202    90     3.39    0.0010
  X_4     19         0.4144    0.2189    90     1.89    0.0616
  X_5     19        -0.3729    0.2234    90    -1.67    0.0986
                         The SAS System                       27
                               12:02 Saturday, February 16, 2013

                      The Mixed Procedure

                  Solution for Random Effects
 
                              Std Err
  Effect  subject  Estimate      Pred    DF  t Value  Pr > |t|

  X_6     19         0.5177    0.2033    90     2.55    0.0126
  X_7     19         1.0508    0.2474    90     4.25    <.0001
  X_1     2         -0.2906    0.2088    90    -1.39    0.1673
  X_2     2          0.5022    0.1920    90     2.62    0.0104
  X_3     2          0.3827    0.2202    90     1.74    0.0857
                         The SAS System                       28
                               12:02 Saturday, February 16, 2013

                      The Mixed Procedure

                  Solution for Random Effects
 
                              Std Err
  Effect  subject  Estimate      Pred    DF  t Value  Pr > |t|

  X_4     2         -0.4129    0.2189    90    -1.89    0.0625
  X_5     2          0.1750    0.2234    90     0.78    0.4355
  X_6     2          0.2784    0.2033    90     1.37    0.1743
  X_7     2         -0.1185    0.2474    90    -0.48    0.6330
  X_1     20        -0.1564    0.2088    90    -0.75    0.4556
                         The SAS System                       29
                               12:02 Saturday, February 16, 2013

                      The Mixed Procedure

                  Solution for Random Effects
 
                              Std Err
  Effect  subject  Estimate      Pred    DF  t Value  Pr > |t|

  X_2     20        -0.2563    0.1920    90    -1.33    0.1853
  X_3     20         0.5316    0.2202    90     2.41    0.0178
  X_4     20         0.2975    0.2189    90     1.36    0.1775
  X_5     20        -1.0370    0.2234    90    -4.64    <.0001
  X_6     20         0.1005    0.2033    90     0.49    0.6222
                         The SAS System                       30
                               12:02 Saturday, February 16, 2013

                      The Mixed Procedure

                  Solution for Random Effects
 
                              Std Err
  Effect  subject  Estimate      Pred    DF  t Value  Pr > |t|

  X_7     20         0.8243    0.2474    90     3.33    0.0013
  X_1     21         0.3135    0.2088    90     1.50    0.1366
  X_2     21        -0.2384    0.1920    90    -1.24    0.2175
  X_3     21        -0.6325    0.2202    90    -2.87    0.0051
  X_4     21         0.2953    0.2189    90     1.35    0.1806
                         The SAS System                       31
                               12:02 Saturday, February 16, 2013

                      The Mixed Procedure

                  Solution for Random Effects
 
                              Std Err
  Effect  subject  Estimate      Pred    DF  t Value  Pr > |t|

  X_5     21         0.5525    0.2234    90     2.47    0.0153
  X_6     21        -0.6617    0.2033    90    -3.25    0.0016
  X_7     21        -0.8785    0.2474    90    -3.55    0.0006
  X_1     22         1.0212    0.2088    90     4.89    <.0001
  X_2     22         0.4143    0.1920    90     2.16    0.0336
                         The SAS System                       32
                               12:02 Saturday, February 16, 2013

                      The Mixed Procedure

                  Solution for Random Effects
 
                              Std Err
  Effect  subject  Estimate      Pred    DF  t Value  Pr > |t|

  X_3     22        -0.8630    0.2202    90    -3.92    0.0002
  X_4     22         0.2584    0.2189    90     1.18    0.2409
  X_5     22         1.3813    0.2234    90     6.18    <.0001
  X_6     22        -0.4194    0.2033    90    -2.06    0.0420
  X_7     22        -0.8361    0.2474    90    -3.38    0.0011
                         The SAS System                       33
                               12:02 Saturday, February 16, 2013

                      The Mixed Procedure

                  Solution for Random Effects
 
                              Std Err
  Effect  subject  Estimate      Pred    DF  t Value  Pr > |t|

  X_1     23         0.5757    0.2088    90     2.76    0.0070
  X_2     23       -0.07979    0.1920    90    -0.42    0.6787
  X_3     23        -0.7303    0.2202    90    -3.32    0.0013
  X_4     23         0.2135    0.2189    90     0.98    0.3321
  X_5     23         0.6392    0.2234    90     2.86    0.0053
                         The SAS System                       34
                               12:02 Saturday, February 16, 2013

                      The Mixed Procedure

                  Solution for Random Effects
 
                              Std Err
  Effect  subject  Estimate      Pred    DF  t Value  Pr > |t|

  X_6     23        -0.5476    0.2033    90    -2.69    0.0084
  X_7     23        -0.7422    0.2474    90    -3.00    0.0035
  X_1     24         0.4491    0.2088    90     2.15    0.0341
  X_2     24       -0.06022    0.1920    90    -0.31    0.7545
  X_3     24        -0.6198    0.2202    90    -2.81    0.0060
                         The SAS System                       35
                               12:02 Saturday, February 16, 2013

                      The Mixed Procedure

                  Solution for Random Effects
 
                              Std Err
  Effect  subject  Estimate      Pred    DF  t Value  Pr > |t|

  X_4     24         0.2112    0.2189    90     0.96    0.3373
  X_5     24         0.7191    0.2234    90     3.22    0.0018
  X_6     24        -0.4419    0.2033    90    -2.17    0.0323
  X_7     24        -0.6777    0.2474    90    -2.74    0.0074
  X_1     25         0.4793    0.2088    90     2.30    0.0240
                         The SAS System                       36
                               12:02 Saturday, February 16, 2013

                      The Mixed Procedure

                  Solution for Random Effects
 
                              Std Err
  Effect  subject  Estimate      Pred    DF  t Value  Pr > |t|

  X_2     25       -0.07426    0.1920    90    -0.39    0.6998
  X_3     25        -1.0454    0.2202    90    -4.75    <.0001
  X_4     25         0.2493    0.2189    90     1.14    0.2578
  X_5     25         0.7011    0.2234    90     3.14    0.0023
  X_6     25        -0.8664    0.2033    90    -4.26    <.0001
                         The SAS System                       37
                               12:02 Saturday, February 16, 2013

                      The Mixed Procedure

                  Solution for Random Effects
 
                              Std Err
  Effect  subject  Estimate      Pred    DF  t Value  Pr > |t|

  X_7     25        -0.9903    0.2474    90    -4.00    0.0001
  X_1     26         0.5684    0.2088    90     2.72    0.0078
  X_2     26        0.07522    0.1920    90     0.39    0.6961
  X_3     26        -0.7507    0.2202    90    -3.41    0.0010
  X_4     26         0.2886    0.2189    90     1.32    0.1907
                         The SAS System                       38
                               12:02 Saturday, February 16, 2013

                      The Mixed Procedure

                  Solution for Random Effects
 
                              Std Err
  Effect  subject  Estimate      Pred    DF  t Value  Pr > |t|

  X_5     26         0.8999    0.2234    90     4.03    0.0001
  X_6     26        -0.2912    0.2033    90    -1.43    0.1555
  X_7     26        -0.7709    0.2474    90    -3.12    0.0025
  X_1     27         0.5532    0.2088    90     2.65    0.0095
  X_2     27        -0.3120    0.1920    90    -1.63    0.1076
                         The SAS System                       39
                               12:02 Saturday, February 16, 2013

                      The Mixed Procedure

                  Solution for Random Effects
 
                              Std Err
  Effect  subject  Estimate      Pred    DF  t Value  Pr > |t|

  X_3     27        -1.4012    0.2202    90    -6.36    <.0001
  X_4     27         0.1962    0.2189    90     0.90    0.3725
  X_5     27         0.8198    0.2234    90     3.67    0.0004
  X_6     27        -0.9202    0.2033    90    -4.53    <.0001
  X_7     27        -1.0316    0.2474    90    -4.17    <.0001
                         The SAS System                       40
                               12:02 Saturday, February 16, 2013

                      The Mixed Procedure

                  Solution for Random Effects
 
                              Std Err
  Effect  subject  Estimate      Pred    DF  t Value  Pr > |t|

  X_1     28         0.5333    0.2088    90     2.55    0.0123
  X_2     28        -0.1005    0.1920    90    -0.52    0.6019
  X_3     28        -0.8121    0.2202    90    -3.69    0.0004
  X_4     28         0.4096    0.2189    90     1.87    0.0646
  X_5     28         0.8252    0.2234    90     3.69    0.0004
                         The SAS System                       41
                               12:02 Saturday, February 16, 2013

                      The Mixed Procedure

                  Solution for Random Effects
 
                              Std Err
  Effect  subject  Estimate      Pred    DF  t Value  Pr > |t|

  X_6     28        -0.5924    0.2033    90    -2.91    0.0045
  X_7     28        -0.6585    0.2474    90    -2.66    0.0092
  X_1     29         0.3913    0.2088    90     1.87    0.0641
  X_2     29        -0.3797    0.1920    90    -1.98    0.0510
  X_3     29        -1.0745    0.2202    90    -4.88    <.0001
                         The SAS System                       42
                               12:02 Saturday, February 16, 2013

                      The Mixed Procedure

                  Solution for Random Effects
 
                              Std Err
  Effect  subject  Estimate      Pred    DF  t Value  Pr > |t|

  X_4     29         0.2319    0.2189    90     1.06    0.2921
  X_5     29         0.5534    0.2234    90     2.48    0.0151
  X_6     29        -0.7614    0.2033    90    -3.75    0.0003
  X_7     29        -0.8471    0.2474    90    -3.42    0.0009
  X_1     3         -0.4656    0.2088    90    -2.23    0.0282
                         The SAS System                       43
                               12:02 Saturday, February 16, 2013

                      The Mixed Procedure

                  Solution for Random Effects
 
                              Std Err
  Effect  subject  Estimate      Pred    DF  t Value  Pr > |t|

  X_2     3          0.4376    0.1920    90     2.28    0.0250
  X_3     3          0.1605    0.2202    90     0.73    0.4679
  X_4     3         -0.3678    0.2189    90    -1.68    0.0964
  X_5     3          0.1622    0.2234    90     0.73    0.4697
  X_6     3          0.1544    0.2033    90     0.76    0.4496
                         The SAS System                       44
                               12:02 Saturday, February 16, 2013

                      The Mixed Procedure

                  Solution for Random Effects
 
                              Std Err
  Effect  subject  Estimate      Pred    DF  t Value  Pr > |t|

  X_7     3         -0.2821    0.2474    90    -1.14    0.2572
  X_1     30         0.3623    0.2088    90     1.74    0.0861
  X_2     30        -0.1763    0.1920    90    -0.92    0.3608
  X_3     30        -0.7811    0.2202    90    -3.55    0.0006
  X_4     30         0.2304    0.2189    90     1.05    0.2952
                         The SAS System                       45
                               12:02 Saturday, February 16, 2013

                      The Mixed Procedure

                  Solution for Random Effects
 
                              Std Err
  Effect  subject  Estimate      Pred    DF  t Value  Pr > |t|

  X_5     30         0.6557    0.2234    90     2.93    0.0042
  X_6     30        -0.6497    0.2033    90    -3.20    0.0019
  X_7     30        -0.8855    0.2474    90    -3.58    0.0006
  X_1     4         -0.1806    0.2088    90    -0.87    0.3893
  X_2     4          0.5009    0.1920    90     2.61    0.0106
                         The SAS System                       46
                               12:02 Saturday, February 16, 2013

                      The Mixed Procedure

                  Solution for Random Effects
 
                              Std Err
  Effect  subject  Estimate      Pred    DF  t Value  Pr > |t|

  X_3     4          0.4048    0.2202    90     1.84    0.0693
  X_4     4         -0.5405    0.2189    90    -2.47    0.0154
  X_5     4        -0.00999    0.2234    90    -0.04    0.9644
  X_6     4          0.2658    0.2033    90     1.31    0.1944
  X_7     4        -0.05002    0.2474    90    -0.20    0.8402
                         The SAS System                       47
                               12:02 Saturday, February 16, 2013

                      The Mixed Procedure

                  Solution for Random Effects
 
                              Std Err
  Effect  subject  Estimate      Pred    DF  t Value  Pr > |t|

  X_1     5         -0.4924    0.2088    90    -2.36    0.0205
  X_2     5          0.1833    0.1920    90     0.95    0.3423
  X_3     5         0.01487    0.2202    90     0.07    0.9463
  X_4     5         -0.6876    0.2189    90    -3.14    0.0023
  X_5     5         -0.2116    0.2234    90    -0.95    0.3462
                         The SAS System                       48
                               12:02 Saturday, February 16, 2013

                      The Mixed Procedure

                  Solution for Random Effects
 
                              Std Err
  Effect  subject  Estimate      Pred    DF  t Value  Pr > |t|

  X_6     5          0.1927    0.2033    90     0.95    0.3456
  X_7     5         -0.1501    0.2474    90    -0.61    0.5454
  X_1     6        -0.08211    0.2088    90    -0.39    0.6950
  X_2     6          0.4793    0.1920    90     2.50    0.0143
  X_3     6          0.5840    0.2202    90     2.65    0.0095
                         The SAS System                       49
                               12:02 Saturday, February 16, 2013

                      The Mixed Procedure

                  Solution for Random Effects
 
                              Std Err
  Effect  subject  Estimate      Pred    DF  t Value  Pr > |t|

  X_4     6         -0.5233    0.2189    90    -2.39    0.0189
  X_5     6        -0.05678    0.2234    90    -0.25    0.8000
  X_6     6          0.1409    0.2033    90     0.69    0.4899
  X_7     6        -0.06169    0.2474    90    -0.25    0.8036
  X_1     7         -0.2707    0.2088    90    -1.30    0.1980
                         The SAS System                       50
                               12:02 Saturday, February 16, 2013

                      The Mixed Procedure

                  Solution for Random Effects
 
                              Std Err
  Effect  subject  Estimate      Pred    DF  t Value  Pr > |t|

  X_2     7          0.5483    0.1920    90     2.86    0.0053
  X_3     7          0.2568    0.2202    90     1.17    0.2465
  X_4     7         -0.5480    0.2189    90    -2.50    0.0141
  X_5     7         -0.1073    0.2234    90    -0.48    0.6324
  X_6     7          0.3822    0.2033    90     1.88    0.0633
                         The SAS System                       51
                               12:02 Saturday, February 16, 2013

                      The Mixed Procedure

                  Solution for Random Effects
 
                              Std Err
  Effect  subject  Estimate      Pred    DF  t Value  Pr > |t|

  X_7     7         -0.1081    0.2474    90    -0.44    0.6631
  X_1     8         -0.3534    0.2088    90    -1.69    0.0939
  X_2     8          0.3964    0.1920    90     2.07    0.0418
  X_3     8          0.1606    0.2202    90     0.73    0.4677
  X_4     8         -0.5437    0.2189    90    -2.48    0.0148
                         The SAS System                       52
                               12:02 Saturday, February 16, 2013

                      The Mixed Procedure

                  Solution for Random Effects
 
                              Std Err
  Effect  subject  Estimate      Pred    DF  t Value  Pr > |t|

  X_5     8          0.1209    0.2234    90     0.54    0.5899
  X_6     8          0.3162    0.2033    90     1.56    0.1234
  X_7     8         0.04754    0.2474    90     0.19    0.8480
  X_1     9         -0.2118    0.2088    90    -1.01    0.3130
  X_2     9          0.6535    0.1920    90     3.40    0.0010
                         The SAS System                       53
                               12:02 Saturday, February 16, 2013

                      The Mixed Procedure

                  Solution for Random Effects
 
                              Std Err
  Effect  subject  Estimate      Pred    DF  t Value  Pr > |t|

  X_3     9          0.3536    0.2202    90     1.61    0.1118
  X_4     9         -0.4161    0.2189    90    -1.90    0.0605
  X_5     9          0.2157    0.2234    90     0.97    0.3371
  X_6     9          0.4557    0.2033    90     2.24    0.0274
  X_7     9         0.05526    0.2474    90     0.22    0.8238
                         The SAS System                       54
                               12:02 Saturday, February 16, 2013

                      The Mixed Procedure

                 Type 3 Tests of Fixed Effects
 
                     Num     Den
          Effect      DF      DF    F Value    Pr > F

          X_1          1      29      16.53    0.0003
          X_2          1      29      18.65    0.0002
          X_3          1      29       5.94    0.0212
          X_4          1      29       0.46    0.5024
          X_5          1      29       1.05    0.3142
                         The SAS System                       55
                               12:02 Saturday, February 16, 2013

                      The Mixed Procedure

                 Type 3 Tests of Fixed Effects
 
                     Num     Den
          Effect      DF      DF    F Value    Pr > F

          X_6          1      29       4.11    0.0518
          X_7          1      29       0.03    0.8744
