                         The SAS System                        1
                               12:15 Saturday, February 16, 2013

                      The Mixed Procedure

                       Model Information

     Data Set                     WORK.INPUTDATA           
     Dependent Variable           y                        
     Covariance Structure         Variance Components      
     Subject Effect               subject                  
     Estimation Method            ML                       
     Residual Variance Method     Profile                  
     Fixed Effects SE Method      Model-Based              
     Degrees of Freedom Method    Containment              
                         The SAS System                        2
                               12:15 Saturday, February 16, 2013

                      The Mixed Procedure

                    Class Level Information
 
      Class      Levels    Values

      subject        30    1 10 11 12 13 14 15 16 17 18  
                           19 2 20 21 22 23 24 25 26 27  
                           28 29 3 30 4 5 6 7 8 9        
                         The SAS System                        3
                               12:15 Saturday, February 16, 2013

                      The Mixed Procedure

                          Dimensions

              Covariance Parameters             4
              Columns in X                      3
              Columns in Z Per Subject          3
              Subjects                         30
              Max Obs Per Subject              10
                         The SAS System                        4
                               12:15 Saturday, February 16, 2013

                      The Mixed Procedure

                    Number of Observations

          Number of Observations Read             300
          Number of Observations Used             300
          Number of Observations Not Used           0


                         The SAS System                        5
                               12:15 Saturday, February 16, 2013

                      The Mixed Procedure

                       Iteration History
 
  Iteration    Evaluations        -2 Log Like       Criterion

          0              1       483.60891604                
          1              2       241.11238486      0.00005818
          2              1       241.10315804      0.00000007
          3              1       241.10314731      0.00000000
                         The SAS System                        6
                               12:15 Saturday, February 16, 2013

                      The Mixed Procedure

                   Convergence criteria met.                    


                 Covariance Parameter Estimates
 
                Cov Parm     Subject    Estimate

                FPC_1        subject      0.1400
                FPC_2        subject    0.007703
                FPC_3        subject           0
                         The SAS System                        7
                               12:15 Saturday, February 16, 2013

                      The Mixed Procedure

                 Covariance Parameter Estimates
 
                Cov Parm     Subject    Estimate

                Residual                 0.08964


                         The SAS System                        8
                               12:15 Saturday, February 16, 2013

                      The Mixed Procedure

                        Fit Statistics

             -2 Log Likelihood               241.1
             AIC (smaller is better)         253.1
             AICC (smaller is better)        253.4
             BIC (smaller is better)         261.5
                         The SAS System                        9
                               12:15 Saturday, February 16, 2013

                      The Mixed Procedure

                  Solution for Fixed Effects
 
                       Standard
 Effect    Estimate       Error      DF    t Value    Pr > |t|

 FPC_1     -0.08891     0.06988      29      -1.27      0.2133
 FPC_2      0.01798     0.02346      29       0.77      0.4495
 FPC_3     -0.09127     0.01530      29      -5.97      <.0001
                         The SAS System                       10
                               12:15 Saturday, February 16, 2013

                      The Mixed Procedure

                  Solution for Random Effects
 
                              Std Err
  Effect  subject  Estimate      Pred    DF  t Value  Pr > |t|

  FPC_1   1         0.08164    0.1030   210     0.79    0.4288
  FPC_2   1          0.1065   0.06443   210     1.65    0.0999
  FPC_3   1               0         .     .      .       .    
  FPC_1   10        0.07163    0.1030   210     0.70    0.4875
  FPC_2   10       0.005898   0.06443   210     0.09    0.9271
                         The SAS System                       11
                               12:15 Saturday, February 16, 2013

                      The Mixed Procedure

                  Solution for Random Effects
 
                              Std Err
  Effect  subject  Estimate      Pred    DF  t Value  Pr > |t|

  FPC_3   10              0         .     .      .       .    
  FPC_1   11         0.3957    0.1030   210     3.84    0.0002
  FPC_2   11        -0.1108   0.06443   210    -1.72    0.0869
  FPC_3   11              0         .     .      .       .    
  FPC_1   12         0.3871    0.1030   210     3.76    0.0002
                         The SAS System                       12
                               12:15 Saturday, February 16, 2013

                      The Mixed Procedure

                  Solution for Random Effects
 
                              Std Err
  Effect  subject  Estimate      Pred    DF  t Value  Pr > |t|

  FPC_2   12       -0.01848   0.06443   210    -0.29    0.7745
  FPC_3   12              0         .     .      .       .    
  FPC_1   13         0.3574    0.1030   210     3.47    0.0006
  FPC_2   13       -0.06096   0.06443   210    -0.95    0.3451
  FPC_3   13              0         .     .      .       .    
                         The SAS System                       13
                               12:15 Saturday, February 16, 2013

                      The Mixed Procedure

                  Solution for Random Effects
 
                              Std Err
  Effect  subject  Estimate      Pred    DF  t Value  Pr > |t|

  FPC_1   14         0.4332    0.1030   210     4.21    <.0001
  FPC_2   14       0.009979   0.06443   210     0.15    0.8771
  FPC_3   14              0         .     .      .       .    
  FPC_1   15         0.4346    0.1030   210     4.22    <.0001
  FPC_2   15        0.03736   0.06443   210     0.58    0.5626
                         The SAS System                       14
                               12:15 Saturday, February 16, 2013

                      The Mixed Procedure

                  Solution for Random Effects
 
                              Std Err
  Effect  subject  Estimate      Pred    DF  t Value  Pr > |t|

  FPC_3   15              0         .     .      .       .    
  FPC_1   16         0.4310    0.1030   210     4.19    <.0001
  FPC_2   16        0.03926   0.06443   210     0.61    0.5430
  FPC_3   16              0         .     .      .       .    
  FPC_1   17         0.3056    0.1030   210     2.97    0.0033
                         The SAS System                       15
                               12:15 Saturday, February 16, 2013

                      The Mixed Procedure

                  Solution for Random Effects
 
                              Std Err
  Effect  subject  Estimate      Pred    DF  t Value  Pr > |t|

  FPC_2   17       -0.05030   0.06443   210    -0.78    0.4358
  FPC_3   17              0         .     .      .       .    
  FPC_1   18         0.4688    0.1030   210     4.55    <.0001
  FPC_2   18        0.04467   0.06443   210     0.69    0.4889
  FPC_3   18              0         .     .      .       .    
                         The SAS System                       16
                               12:15 Saturday, February 16, 2013

                      The Mixed Procedure

                  Solution for Random Effects
 
                              Std Err
  Effect  subject  Estimate      Pred    DF  t Value  Pr > |t|

  FPC_1   19         0.4335    0.1030   210     4.21    <.0001
  FPC_2   19        0.04056   0.06443   210     0.63    0.5297
  FPC_3   19              0         .     .      .       .    
  FPC_1   2         0.02859    0.1030   210     0.28    0.7816
  FPC_2   2         0.05134   0.06443   210     0.80    0.4264
                         The SAS System                       17
                               12:15 Saturday, February 16, 2013

                      The Mixed Procedure

                  Solution for Random Effects
 
                              Std Err
  Effect  subject  Estimate      Pred    DF  t Value  Pr > |t|

  FPC_3   2               0         .     .      .       .    
  FPC_1   20         0.4317    0.1030   210     4.19    <.0001
  FPC_2   20       -0.03720   0.06443   210    -0.58    0.5642
  FPC_3   20              0         .     .      .       .    
  FPC_1   21        -0.6620    0.1030   210    -6.43    <.0001
                         The SAS System                       18
                               12:15 Saturday, February 16, 2013

                      The Mixed Procedure

                  Solution for Random Effects
 
                              Std Err
  Effect  subject  Estimate      Pred    DF  t Value  Pr > |t|

  FPC_2   21       -0.09178   0.06443   210    -1.42    0.1557
  FPC_3   21              0         .     .      .       .    
  FPC_1   22        -0.4584    0.1030   210    -4.45    <.0001
  FPC_2   22        0.03290   0.06443   210     0.51    0.6102
  FPC_3   22              0         .     .      .       .    
                         The SAS System                       19
                               12:15 Saturday, February 16, 2013

                      The Mixed Procedure

                  Solution for Random Effects
 
                              Std Err
  Effect  subject  Estimate      Pred    DF  t Value  Pr > |t|

  FPC_1   23        -0.3984    0.1030   210    -3.87    0.0001
  FPC_2   23       -0.02149   0.06443   210    -0.33    0.7390
  FPC_3   23              0         .     .      .       .    
  FPC_1   24        -0.3617    0.1030   210    -3.51    0.0005
  FPC_2   24        0.06520   0.06443   210     1.01    0.3127
                         The SAS System                       20
                               12:15 Saturday, February 16, 2013

                      The Mixed Procedure

                  Solution for Random Effects
 
                              Std Err
  Effect  subject  Estimate      Pred    DF  t Value  Pr > |t|

  FPC_3   24              0         .     .      .       .    
  FPC_1   25        -0.4347    0.1030   210    -4.22    <.0001
  FPC_2   25        0.05027   0.06443   210     0.78    0.4361
  FPC_3   25              0         .     .      .       .    
  FPC_1   26        -0.3513    0.1030   210    -3.41    0.0008
                         The SAS System                       21
                               12:15 Saturday, February 16, 2013

                      The Mixed Procedure

                  Solution for Random Effects
 
                              Std Err
  Effect  subject  Estimate      Pred    DF  t Value  Pr > |t|

  FPC_2   26        0.02710   0.06443   210     0.42    0.6744
  FPC_3   26              0         .     .      .       .    
  FPC_1   27        -0.5182    0.1030   210    -5.03    <.0001
  FPC_2   27        0.01568   0.06443   210     0.24    0.8080
  FPC_3   27              0         .     .      .       .    
                         The SAS System                       22
                               12:15 Saturday, February 16, 2013

                      The Mixed Procedure

                  Solution for Random Effects
 
                              Std Err
  Effect  subject  Estimate      Pred    DF  t Value  Pr > |t|

  FPC_1   28        -0.5564    0.1030   210    -5.40    <.0001
  FPC_2   28       -0.00740   0.06443   210    -0.11    0.9087
  FPC_3   28              0         .     .      .       .    
  FPC_1   29        -0.4346    0.1030   210    -4.22    <.0001
  FPC_2   29        0.01218   0.06443   210     0.19    0.8502
                         The SAS System                       23
                               12:15 Saturday, February 16, 2013

                      The Mixed Procedure

                  Solution for Random Effects
 
                              Std Err
  Effect  subject  Estimate      Pred    DF  t Value  Pr > |t|

  FPC_3   29              0         .     .      .       .    
  FPC_1   3        -0.01683    0.1030   210    -0.16    0.8703
  FPC_2   3         -0.1467   0.06443   210    -2.28    0.0238
  FPC_3   3               0         .     .      .       .    
  FPC_1   30        -0.5142    0.1030   210    -4.99    <.0001
                         The SAS System                       24
                               12:15 Saturday, February 16, 2013

                      The Mixed Procedure

                  Solution for Random Effects
 
                              Std Err
  Effect  subject  Estimate      Pred    DF  t Value  Pr > |t|

  FPC_2   30       -0.09953   0.06443   210    -1.54    0.1239
  FPC_3   30              0         .     .      .       .    
  FPC_1   4         0.09797    0.1030   210     0.95    0.3425
  FPC_2   4          0.1121   0.06443   210     1.74    0.0832
  FPC_3   4               0         .     .      .       .    
                         The SAS System                       25
                               12:15 Saturday, February 16, 2013

                      The Mixed Procedure

                  Solution for Random Effects
 
                              Std Err
  Effect  subject  Estimate      Pred    DF  t Value  Pr > |t|

  FPC_1   5         0.01419    0.1030   210     0.14    0.8905
  FPC_2   5         0.05738   0.06443   210     0.89    0.3741
  FPC_3   5               0         .     .      .       .    
  FPC_1   6         0.06196    0.1030   210     0.60    0.5481
  FPC_2   6        -0.01021   0.06443   210    -0.16    0.8743
                         The SAS System                       26
                               12:15 Saturday, February 16, 2013

                      The Mixed Procedure

                  Solution for Random Effects
 
                              Std Err
  Effect  subject  Estimate      Pred    DF  t Value  Pr > |t|

  FPC_3   6               0         .     .      .       .    
  FPC_1   7         0.09266    0.1030   210     0.90    0.3693
  FPC_2   7        -0.03708   0.06443   210    -0.58    0.5656
  FPC_3   7               0         .     .      .       .    
  FPC_1   8         0.08661    0.1030   210     0.84    0.4013
                         The SAS System                       27
                               12:15 Saturday, February 16, 2013

                      The Mixed Procedure

                  Solution for Random Effects
 
                              Std Err
  Effect  subject  Estimate      Pred    DF  t Value  Pr > |t|

  FPC_2   8         0.02692   0.06443   210     0.42    0.6765
  FPC_3   8               0         .     .      .       .    
  FPC_1   9         0.09266    0.1030   210     0.90    0.3693
  FPC_2   9        -0.04340   0.06443   210    -0.67    0.5013
  FPC_3   9               0         .     .      .       .    
                         The SAS System                       28
                               12:15 Saturday, February 16, 2013

                      The Mixed Procedure

                 Type 3 Tests of Fixed Effects
 
                     Num     Den
          Effect      DF      DF    F Value    Pr > F

          FPC_1        1      29       1.62    0.2133
          FPC_2        1      29       0.59    0.4495
          FPC_3        1      29      35.60    <.0001
