                         The SAS System                        1
                               12:02 Saturday, February 16, 2013

                      The Mixed Procedure

                       Model Information

     Data Set                     WORK.INPUTDATA           
     Dependent Variable           y                        
     Covariance Structure         Variance Components      
     Subject Effect               subject                  
     Estimation Method            ML                       
     Residual Variance Method     Profile                  
     Fixed Effects SE Method      Model-Based              
     Degrees of Freedom Method    Containment              
                         The SAS System                        2
                               12:02 Saturday, February 16, 2013

                      The Mixed Procedure

                    Class Level Information
 
      Class      Levels    Values

      subject        30    1 10 11 12 13 14 15 16 17 18  
                           19 2 20 21 22 23 24 25 26 27  
                           28 29 3 30 4 5 6 7 8 9        
                         The SAS System                        3
                               12:02 Saturday, February 16, 2013

                      The Mixed Procedure

                          Dimensions

              Covariance Parameters             6
              Columns in X                      5
              Columns in Z Per Subject          5
              Subjects                         30
              Max Obs Per Subject              10
                         The SAS System                        4
                               12:02 Saturday, February 16, 2013

                      The Mixed Procedure

                    Number of Observations

          Number of Observations Read             300
          Number of Observations Used             300
          Number of Observations Not Used           0


                         The SAS System                        5
                               12:02 Saturday, February 16, 2013

                      The Mixed Procedure

                       Iteration History
 
  Iteration    Evaluations        -2 Log Like       Criterion

          0              1       515.56720663                
          1              2       466.66995952      0.02731384
          2              1       465.31092340      0.00312096
          3              1       465.16537792      0.00006193
          4              1       465.16267085      0.00000003
                         The SAS System                        6
                               12:02 Saturday, February 16, 2013

                      The Mixed Procedure

                       Iteration History
 
  Iteration    Evaluations        -2 Log Like       Criterion

          5              1       465.16266959      0.00000000


                   Convergence criteria met.                    
                         The SAS System                        7
                               12:02 Saturday, February 16, 2013

                      The Mixed Procedure

                 Covariance Parameter Estimates
 
                Cov Parm     Subject    Estimate

                X_1          subject      0.1231
                X_2          subject      0.3026
                X_3          subject     0.03527
                X_4          subject     0.09372
                X_5          subject      0.6216
                Residual                  0.1753
                         The SAS System                        8
                               12:02 Saturday, February 16, 2013

                      The Mixed Procedure

                        Fit Statistics

             -2 Log Likelihood               465.2
             AIC (smaller is better)         487.2
             AICC (smaller is better)        488.1
             BIC (smaller is better)         502.6
                         The SAS System                        9
                               12:02 Saturday, February 16, 2013

                      The Mixed Procedure

                  Solution for Fixed Effects
 
                       Standard
 Effect    Estimate       Error      DF    t Value    Pr > |t|

 X_1         0.4621     0.09451      29       4.89      <.0001
 X_2       -0.07382      0.1183      29      -0.62      0.5376
 X_3       -0.00056     0.07313      29      -0.01      0.9939
 X_4       -0.02368     0.08388      29      -0.28      0.7797
 X_5       -0.04917      0.1598      29      -0.31      0.7606
                         The SAS System                       10
                               12:02 Saturday, February 16, 2013

                      The Mixed Procedure

                  Solution for Random Effects
 
                              Std Err
  Effect  subject  Estimate      Pred    DF  t Value  Pr > |t|

  X_1     1        -0.07234    0.2610   150    -0.28    0.7821
  X_2     1          0.4414    0.2962   150     1.49    0.1383
  X_3     1         -0.1521    0.1657   150    -0.92    0.3599
  X_4     1         0.01756    0.2284   150     0.08    0.9388
  X_5     1        -0.09113    0.3642   150    -0.25    0.8027
                         The SAS System                       11
                               12:02 Saturday, February 16, 2013

                      The Mixed Procedure

                  Solution for Random Effects
 
                              Std Err
  Effect  subject  Estimate      Pred    DF  t Value  Pr > |t|

  X_1     10       -0.02428    0.2610   150    -0.09    0.9260
  X_2     10         0.3990    0.2962   150     1.35    0.1801
  X_3     10       -0.07018    0.1657   150    -0.42    0.6724
  X_4     10         0.1608    0.2284   150     0.70    0.4824
  X_5     10         0.1384    0.3642   150     0.38    0.7044
                         The SAS System                       12
                               12:02 Saturday, February 16, 2013

                      The Mixed Procedure

                  Solution for Random Effects
 
                              Std Err
  Effect  subject  Estimate      Pred    DF  t Value  Pr > |t|

  X_1     11        -0.2550    0.2610   150    -0.98    0.3302
  X_2     11         0.1683    0.2962   150     0.57    0.5708
  X_3     11        0.01601    0.1657   150     0.10    0.9232
  X_4     11        -0.2266    0.2284   150    -0.99    0.3227
  X_5     11         1.2478    0.3642   150     3.43    0.0008
                         The SAS System                       13
                               12:02 Saturday, February 16, 2013

                      The Mixed Procedure

                  Solution for Random Effects
 
                              Std Err
  Effect  subject  Estimate      Pred    DF  t Value  Pr > |t|

  X_1     12        -0.2593    0.2610   150    -0.99    0.3222
  X_2     12       -0.01024    0.2962   150    -0.03    0.9725
  X_3     12       0.002016    0.1657   150     0.01    0.9903
  X_4     12        -0.2511    0.2284   150    -1.10    0.2733
  X_5     12         0.5404    0.3642   150     1.48    0.1399
                         The SAS System                       14
                               12:02 Saturday, February 16, 2013

                      The Mixed Procedure

                  Solution for Random Effects
 
                              Std Err
  Effect  subject  Estimate      Pred    DF  t Value  Pr > |t|

  X_1     13        -0.1302    0.2610   150    -0.50    0.6186
  X_2     13         0.2932    0.2962   150     0.99    0.3240
  X_3     13        0.08921    0.1657   150     0.54    0.5910
  X_4     13        -0.1227    0.2284   150    -0.54    0.5919
  X_5     13         0.7768    0.3642   150     2.13    0.0345
                         The SAS System                       15
                               12:02 Saturday, February 16, 2013

                      The Mixed Procedure

                  Solution for Random Effects
 
                              Std Err
  Effect  subject  Estimate      Pred    DF  t Value  Pr > |t|

  X_1     14       -0.05722    0.2610   150    -0.22    0.8268
  X_2     14         0.3022    0.2962   150     1.02    0.3093
  X_3     14        0.07847    0.1657   150     0.47    0.6364
  X_4     14       -0.08318    0.2284   150    -0.36    0.7162
  X_5     14         0.8991    0.3642   150     2.47    0.0147
                         The SAS System                       16
                               12:02 Saturday, February 16, 2013

                      The Mixed Procedure

                  Solution for Random Effects
 
                              Std Err
  Effect  subject  Estimate      Pred    DF  t Value  Pr > |t|

  X_1     15        -0.2036    0.2610   150    -0.78    0.4367
  X_2     15         0.2037    0.2962   150     0.69    0.4927
  X_3     15        0.06657    0.1657   150     0.40    0.6884
  X_4     15        -0.2454    0.2284   150    -1.07    0.2844
  X_5     15         1.0425    0.3642   150     2.86    0.0048
                         The SAS System                       17
                               12:02 Saturday, February 16, 2013

                      The Mixed Procedure

                  Solution for Random Effects
 
                              Std Err
  Effect  subject  Estimate      Pred    DF  t Value  Pr > |t|

  X_1     16        -0.3132    0.2610   150    -1.20    0.2320
  X_2     16        0.03157    0.2962   150     0.11    0.9153
  X_3     16       -0.00303    0.1657   150    -0.02    0.9854
  X_4     16        -0.3930    0.2284   150    -1.72    0.0874
  X_5     16         0.9220    0.3642   150     2.53    0.0124
                         The SAS System                       18
                               12:02 Saturday, February 16, 2013

                      The Mixed Procedure

                  Solution for Random Effects
 
                              Std Err
  Effect  subject  Estimate      Pred    DF  t Value  Pr > |t|

  X_1     17        -0.3222    0.2610   150    -1.23    0.2190
  X_2     17        0.08592    0.2962   150     0.29    0.7722
  X_3     17       -0.00185    0.1657   150    -0.01    0.9911
  X_4     17        -0.3910    0.2284   150    -1.71    0.0890
  X_5     17         0.7617    0.3642   150     2.09    0.0382
                         The SAS System                       19
                               12:02 Saturday, February 16, 2013

                      The Mixed Procedure

                  Solution for Random Effects
 
                              Std Err
  Effect  subject  Estimate      Pred    DF  t Value  Pr > |t|

  X_1     18        -0.2965    0.2610   150    -1.14    0.2579
  X_2     18       -0.02337    0.2962   150    -0.08    0.9372
  X_3     18       -0.00007    0.1657   150    -0.00    0.9997
  X_4     18        -0.3346    0.2284   150    -1.46    0.1450
  X_5     18         0.5770    0.3642   150     1.58    0.1152
                         The SAS System                       20
                               12:02 Saturday, February 16, 2013

                      The Mixed Procedure

                  Solution for Random Effects
 
                              Std Err
  Effect  subject  Estimate      Pred    DF  t Value  Pr > |t|

  X_1     19        -0.1324    0.2610   150    -0.51    0.6129
  X_2     19         0.3205    0.2962   150     1.08    0.2810
  X_3     19         0.1146    0.1657   150     0.69    0.4901
  X_4     19       -0.05331    0.2284   150    -0.23    0.8158
  X_5     19         0.9747    0.3642   150     2.68    0.0083
                         The SAS System                       21
                               12:02 Saturday, February 16, 2013

                      The Mixed Procedure

                  Solution for Random Effects
 
                              Std Err
  Effect  subject  Estimate      Pred    DF  t Value  Pr > |t|

  X_1     2        -0.09852    0.2610   150    -0.38    0.7064
  X_2     2          0.5383    0.2962   150     1.82    0.0712
  X_3     2        -0.08127    0.1657   150    -0.49    0.6244
  X_4     2          0.1601    0.2284   150     0.70    0.4845
  X_5     2        -0.02443    0.3642   150    -0.07    0.9466
                         The SAS System                       22
                               12:02 Saturday, February 16, 2013

                      The Mixed Procedure

                  Solution for Random Effects
 
                              Std Err
  Effect  subject  Estimate      Pred    DF  t Value  Pr > |t|

  X_1     20        -0.1421    0.2610   150    -0.54    0.5869
  X_2     20         0.1750    0.2962   150     0.59    0.5556
  X_3     20        0.02913    0.1657   150     0.18    0.8607
  X_4     20        -0.4001    0.2284   150    -1.75    0.0818
  X_5     20         0.7219    0.3642   150     1.98    0.0492
                         The SAS System                       23
                               12:02 Saturday, February 16, 2013

                      The Mixed Procedure

                  Solution for Random Effects
 
                              Std Err
  Effect  subject  Estimate      Pred    DF  t Value  Pr > |t|

  X_1     21         0.1512    0.2610   150     0.58    0.5632
  X_2     21        -0.5154    0.2962   150    -1.74    0.0839
  X_3     21        0.08314    0.1657   150     0.50    0.6165
  X_4     21        0.05490    0.2284   150     0.24    0.8104
  X_5     21        -0.8903    0.3642   150    -2.44    0.0157
                         The SAS System                       24
                               12:02 Saturday, February 16, 2013

                      The Mixed Procedure

                  Solution for Random Effects
 
                              Std Err
  Effect  subject  Estimate      Pred    DF  t Value  Pr > |t|

  X_1     22         0.6272    0.2610   150     2.40    0.0175
  X_2     22        -0.3828    0.2962   150    -1.29    0.1982
  X_3     22         0.1046    0.1657   150     0.63    0.5285
  X_4     22         0.4364    0.2284   150     1.91    0.0579
  X_5     22        -0.8596    0.3642   150    -2.36    0.0195
                         The SAS System                       25
                               12:02 Saturday, February 16, 2013

                      The Mixed Procedure

                  Solution for Random Effects
 
                              Std Err
  Effect  subject  Estimate      Pred    DF  t Value  Pr > |t|

  X_1     23         0.3184    0.2610   150     1.22    0.2246
  X_2     23        -0.5251    0.2962   150    -1.77    0.0783
  X_3     23        0.06774    0.1657   150     0.41    0.6832
  X_4     23        0.09940    0.2284   150     0.44    0.6640
  X_5     23        -0.7450    0.3642   150    -2.05    0.0425
                         The SAS System                       26
                               12:02 Saturday, February 16, 2013

                      The Mixed Procedure

                  Solution for Random Effects
 
                              Std Err
  Effect  subject  Estimate      Pred    DF  t Value  Pr > |t|

  X_1     24         0.2571    0.2610   150     0.99    0.3262
  X_2     24        -0.4488    0.2962   150    -1.51    0.1319
  X_3     24        0.07591    0.1657   150     0.46    0.6474
  X_4     24         0.1674    0.2284   150     0.73    0.4648
  X_5     24        -0.6857    0.3642   150    -1.88    0.0616
                         The SAS System                       27
                               12:02 Saturday, February 16, 2013

                      The Mixed Procedure

                  Solution for Random Effects
 
                              Std Err
  Effect  subject  Estimate      Pred    DF  t Value  Pr > |t|

  X_1     25         0.2860    0.2610   150     1.10    0.2751
  X_2     25        -0.6807    0.2962   150    -2.30    0.0229
  X_3     25        0.05887    0.1657   150     0.36    0.7228
  X_4     25        0.04655    0.2284   150     0.20    0.8388
  X_5     25        -1.0371    0.3642   150    -2.85    0.0050
                         The SAS System                       28
                               12:02 Saturday, February 16, 2013

                      The Mixed Procedure

                  Solution for Random Effects
 
                              Std Err
  Effect  subject  Estimate      Pred    DF  t Value  Pr > |t|

  X_1     26         0.3404    0.2610   150     1.30    0.1943
  X_2     26        -0.4495    0.2962   150    -1.52    0.1312
  X_3     26        0.08672    0.1657   150     0.52    0.6014
  X_4     26         0.2879    0.2284   150     1.26    0.2095
  X_5     26        -0.7214    0.3642   150    -1.98    0.0494
                         The SAS System                       29
                               12:02 Saturday, February 16, 2013

                      The Mixed Procedure

                  Solution for Random Effects
 
                              Std Err
  Effect  subject  Estimate      Pred    DF  t Value  Pr > |t|

  X_1     27         0.3137    0.2610   150     1.20    0.2314
  X_2     27        -1.0378    0.2962   150    -3.50    0.0006
  X_3     27        0.04739    0.1657   150     0.29    0.7752
  X_4     27        0.07615    0.2284   150     0.33    0.7393
  X_5     27        -1.0941    0.3642   150    -3.00    0.0031
                         The SAS System                       30
                               12:02 Saturday, February 16, 2013

                      The Mixed Procedure

                  Solution for Random Effects
 
                              Std Err
  Effect  subject  Estimate      Pred    DF  t Value  Pr > |t|

  X_1     28         0.3008    0.2610   150     1.15    0.2511
  X_2     28        -0.5801    0.2962   150    -1.96    0.0521
  X_3     28         0.1189    0.1657   150     0.72    0.4739
  X_4     28         0.1518    0.2284   150     0.66    0.5072
  X_5     28        -0.7147    0.3642   150    -1.96    0.0516
                         The SAS System                       31
                               12:02 Saturday, February 16, 2013

                      The Mixed Procedure

                  Solution for Random Effects
 
                              Std Err
  Effect  subject  Estimate      Pred    DF  t Value  Pr > |t|

  X_1     29         0.1988    0.2610   150     0.76    0.4476
  X_2     29        -0.8617    0.2962   150    -2.91    0.0042
  X_3     29        0.05091    0.1657   150     0.31    0.7590
  X_4     29        0.02193    0.2284   150     0.10    0.9236
  X_5     29        -0.8962    0.3642   150    -2.46    0.0150
                         The SAS System                       32
                               12:02 Saturday, February 16, 2013

                      The Mixed Procedure

                  Solution for Random Effects
 
                              Std Err
  Effect  subject  Estimate      Pred    DF  t Value  Pr > |t|

  X_1     3         -0.1673    0.2610   150    -0.64    0.5227
  X_2     3          0.3683    0.2962   150     1.24    0.2158
  X_3     3        -0.08109    0.1657   150    -0.49    0.6252
  X_4     3          0.1288    0.2284   150     0.56    0.5737
  X_5     3         -0.1814    0.3642   150    -0.50    0.6190
                         The SAS System                       33
                               12:02 Saturday, February 16, 2013

                      The Mixed Procedure

                  Solution for Random Effects
 
                              Std Err
  Effect  subject  Estimate      Pred    DF  t Value  Pr > |t|

  X_1     30         0.2116    0.2610   150     0.81    0.4188
  X_2     30        -0.6057    0.2962   150    -2.04    0.0426
  X_3     30        0.07055    0.1657   150     0.43    0.6708
  X_4     30         0.1024    0.2284   150     0.45    0.6546
  X_5     30        -0.9082    0.3642   150    -2.49    0.0137
                         The SAS System                       34
                               12:02 Saturday, February 16, 2013

                      The Mixed Procedure

                  Solution for Random Effects
 
                              Std Err
  Effect  subject  Estimate      Pred    DF  t Value  Pr > |t|

  X_1     4        -0.04152    0.2610   150    -0.16    0.8738
  X_2     4          0.5306    0.2962   150     1.79    0.0753
  X_3     4         -0.1201    0.1657   150    -0.72    0.4696
  X_4     4         0.09521    0.2284   150     0.42    0.6774
  X_5     4         0.02074    0.3642   150     0.06    0.9547
                         The SAS System                       35
                               12:02 Saturday, February 16, 2013

                      The Mixed Procedure

                  Solution for Random Effects
 
                              Std Err
  Effect  subject  Estimate      Pred    DF  t Value  Pr > |t|

  X_1     5         -0.2404    0.2610   150    -0.92    0.3587
  X_2     5          0.2016    0.2962   150     0.68    0.4973
  X_3     5         -0.1903    0.1657   150    -1.15    0.2525
  X_4     5        0.005820    0.2284   150     0.03    0.9797
  X_5     5        -0.05784    0.3642   150    -0.16    0.8740
                         The SAS System                       36
                               12:02 Saturday, February 16, 2013

                      The Mixed Procedure

                  Solution for Random Effects
 
                              Std Err
  Effect  subject  Estimate      Pred    DF  t Value  Pr > |t|

  X_1     6        0.005116    0.2610   150     0.02    0.9844
  X_2     6          0.5854    0.2962   150     1.98    0.0500
  X_3     6        -0.09596    0.1657   150    -0.58    0.5633
  X_4     6         0.03162    0.2284   150     0.14    0.8901
  X_5     6        -0.01405    0.3642   150    -0.04    0.9693
                         The SAS System                       37
                               12:02 Saturday, February 16, 2013

                      The Mixed Procedure

                  Solution for Random Effects
 
                              Std Err
  Effect  subject  Estimate      Pred    DF  t Value  Pr > |t|

  X_1     7        -0.07354    0.2610   150    -0.28    0.7786
  X_2     7          0.4924    0.2962   150     1.66    0.0986
  X_3     7         -0.1482    0.1657   150    -0.89    0.3725
  X_4     7          0.1022    0.2284   150     0.45    0.6553
  X_5     7         0.02133    0.3642   150     0.06    0.9534
                         The SAS System                       38
                               12:02 Saturday, February 16, 2013

                      The Mixed Procedure

                  Solution for Random Effects
 
                              Std Err
  Effect  subject  Estimate      Pred    DF  t Value  Pr > |t|

  X_1     8         -0.1382    0.2610   150    -0.53    0.5974
  X_2     8          0.3694    0.2962   150     1.25    0.2144
  X_3     8         -0.1250    0.1657   150    -0.75    0.4516
  X_4     8          0.1372    0.2284   150     0.60    0.5489
  X_5     8          0.1185    0.3642   150     0.33    0.7454
                         The SAS System                       39
                               12:02 Saturday, February 16, 2013

                      The Mixed Procedure

                  Solution for Random Effects
 
                              Std Err
  Effect  subject  Estimate      Pred    DF  t Value  Pr > |t|

  X_1     9        -0.04254    0.2610   150    -0.16    0.8708
  X_2     9          0.6147    0.2962   150     2.07    0.0397
  X_3     9        -0.09170    0.1657   150    -0.55    0.5807
  X_4     9          0.2168    0.2284   150     0.95    0.3440
  X_5     9          0.1584    0.3642   150     0.44    0.6642
                         The SAS System                       40
                               12:02 Saturday, February 16, 2013

                      The Mixed Procedure

                 Type 3 Tests of Fixed Effects
 
                     Num     Den
          Effect      DF      DF    F Value    Pr > F

          X_1          1      29      23.91    <.0001
          X_2          1      29       0.39    0.5376
          X_3          1      29       0.00    0.9939
          X_4          1      29       0.08    0.7797
          X_5          1      29       0.09    0.7606
