                         The SAS System                        1
                               12:14 Saturday, February 16, 2013

                      The Mixed Procedure

                       Model Information

     Data Set                     WORK.INPUTDATA           
     Dependent Variable           y                        
     Covariance Structure         Variance Components      
     Subject Effect               subject                  
     Estimation Method            ML                       
     Residual Variance Method     Profile                  
     Fixed Effects SE Method      Model-Based              
     Degrees of Freedom Method    Containment              
                         The SAS System                        2
                               12:14 Saturday, February 16, 2013

                      The Mixed Procedure

                    Class Level Information
 
      Class      Levels    Values

      subject        30    1 10 11 12 13 14 15 16 17 18  
                           19 2 20 21 22 23 24 25 26 27  
                           28 29 3 30 4 5 6 7 8 9        
                         The SAS System                        3
                               12:14 Saturday, February 16, 2013

                      The Mixed Procedure

                          Dimensions

              Covariance Parameters             2
              Columns in X                      1
              Columns in Z Per Subject          1
              Subjects                         30
              Max Obs Per Subject              10
                         The SAS System                        4
                               12:14 Saturday, February 16, 2013

                      The Mixed Procedure

                    Number of Observations

          Number of Observations Read             300
          Number of Observations Used             300
          Number of Observations Not Used           0


                         The SAS System                        5
                               12:14 Saturday, February 16, 2013

                      The Mixed Procedure

                       Iteration History
 
  Iteration    Evaluations        -2 Log Like       Criterion

          0              1       495.84809910                
          1              1       282.51296316      0.00000000
                         The SAS System                        6
                               12:14 Saturday, February 16, 2013

                      The Mixed Procedure

                   Convergence criteria met.                    


                 Covariance Parameter Estimates
 
                Cov Parm     Subject    Estimate

                FPC_1        subject      0.1383
                Residual                  0.1123
                         The SAS System                        7
                               12:14 Saturday, February 16, 2013

                      The Mixed Procedure

                        Fit Statistics

             -2 Log Likelihood               282.5
             AIC (smaller is better)         288.5
             AICC (smaller is better)        288.6
             BIC (smaller is better)         292.7
                         The SAS System                        8
                               12:14 Saturday, February 16, 2013

                      The Mixed Procedure

                  Solution for Fixed Effects
 
                       Standard
 Effect    Estimate       Error      DF    t Value    Pr > |t|

 FPC_1     -0.09299     0.06983      29      -1.33      0.1933
                         The SAS System                        9
                               12:14 Saturday, February 16, 2013

                      The Mixed Procedure

                  Solution for Random Effects
 
                              Std Err
  Effect  subject  Estimate      Pred    DF  t Value  Pr > |t|

  FPC_1   1         0.07453    0.1093   270     0.68    0.4959
  FPC_1   10        0.07045    0.1093   270     0.64    0.5197
  FPC_1   11         0.3975    0.1093   270     3.64    0.0003
  FPC_1   12         0.3836    0.1093   270     3.51    0.0005
  FPC_1   13         0.3568    0.1093   270     3.26    0.0012
                         The SAS System                       10
                               12:14 Saturday, February 16, 2013

                      The Mixed Procedure

                  Solution for Random Effects
 
                              Std Err
  Effect  subject  Estimate      Pred    DF  t Value  Pr > |t|

  FPC_1   14         0.4276    0.1093   270     3.91    0.0001
  FPC_1   15         0.4274    0.1093   270     3.91    0.0001
  FPC_1   16         0.4238    0.1093   270     3.88    0.0001
  FPC_1   17         0.3050    0.1093   270     2.79    0.0056
  FPC_1   18         0.4608    0.1093   270     4.22    <.0001
                         The SAS System                       11
                               12:14 Saturday, February 16, 2013

                      The Mixed Procedure

                  Solution for Random Effects
 
                              Std Err
  Effect  subject  Estimate      Pred    DF  t Value  Pr > |t|

  FPC_1   19         0.4261    0.1093   270     3.90    0.0001
  FPC_1   2         0.02529    0.1093   270     0.23    0.8172
  FPC_1   20         0.4288    0.1093   270     3.92    0.0001
  FPC_1   21        -0.6490    0.1093   270    -5.94    <.0001
  FPC_1   22        -0.4549    0.1093   270    -4.16    <.0001
                         The SAS System                       12
                               12:14 Saturday, February 16, 2013

                      The Mixed Procedure

                  Solution for Random Effects
 
                              Std Err
  Effect  subject  Estimate      Pred    DF  t Value  Pr > |t|

  FPC_1   23        -0.3925    0.1093   270    -3.59    0.0004
  FPC_1   24        -0.3612    0.1093   270    -3.31    0.0011
  FPC_1   25        -0.4325    0.1093   270    -3.96    <.0001
  FPC_1   26        -0.3488    0.1093   270    -3.19    0.0016
  FPC_1   27        -0.5131    0.1093   270    -4.69    <.0001
                         The SAS System                       13
                               12:14 Saturday, February 16, 2013

                      The Mixed Procedure

                  Solution for Random Effects
 
                              Std Err
  Effect  subject  Estimate      Pred    DF  t Value  Pr > |t|

  FPC_1   28        -0.5495    0.1093   270    -5.03    <.0001
  FPC_1   29        -0.4302    0.1093   270    -3.94    0.0001
  FPC_1   3        -0.00815    0.1093   270    -0.07    0.9406
  FPC_1   30        -0.5025    0.1093   270    -4.60    <.0001
  FPC_1   4         0.09034    0.1093   270     0.83    0.4092
                         The SAS System                       14
                               12:14 Saturday, February 16, 2013

                      The Mixed Procedure

                  Solution for Random Effects
 
                              Std Err
  Effect  subject  Estimate      Pred    DF  t Value  Pr > |t|

  FPC_1   5         0.01071    0.1093   270     0.10    0.9220
  FPC_1   6         0.06183    0.1093   270     0.57    0.5721
  FPC_1   7         0.09373    0.1093   270     0.86    0.3919
  FPC_1   8         0.08404    0.1093   270     0.77    0.4426
  FPC_1   9         0.09409    0.1093   270     0.86    0.3901
                         The SAS System                       15
                               12:14 Saturday, February 16, 2013

                      The Mixed Procedure

                 Type 3 Tests of Fixed Effects
 
                     Num     Den
          Effect      DF      DF    F Value    Pr > F

          FPC_1        1      29       1.77    0.1933
