                         The SAS System                        1
                               12:14 Saturday, February 16, 2013

                      The Mixed Procedure

                       Model Information

     Data Set                     WORK.INPUTDATA           
     Dependent Variable           y                        
     Covariance Structure         Variance Components      
     Subject Effect               subject                  
     Estimation Method            ML                       
     Residual Variance Method     Profile                  
     Fixed Effects SE Method      Model-Based              
     Degrees of Freedom Method    Containment              
                         The SAS System                        2
                               12:14 Saturday, February 16, 2013

                      The Mixed Procedure

                    Class Level Information
 
      Class      Levels    Values

      subject        30    1 10 11 12 13 14 15 16 17 18  
                           19 2 20 21 22 23 24 25 26 27  
                           28 29 3 30 4 5 6 7 8 9        
                         The SAS System                        3
                               12:14 Saturday, February 16, 2013

                      The Mixed Procedure

                          Dimensions

              Covariance Parameters             3
              Columns in X                      2
              Columns in Z Per Subject          2
              Subjects                         30
              Max Obs Per Subject              10
                         The SAS System                        4
                               12:14 Saturday, February 16, 2013

                      The Mixed Procedure

                    Number of Observations

          Number of Observations Read             300
          Number of Observations Used             300
          Number of Observations Not Used           0


                         The SAS System                        5
                               12:14 Saturday, February 16, 2013

                      The Mixed Procedure

                       Iteration History
 
  Iteration    Evaluations        -2 Log Like       Criterion

          0              1       494.28879474                
          1              2       274.29566665      0.00000031
          2              1       274.29562328      0.00000000
                         The SAS System                        6
                               12:14 Saturday, February 16, 2013

                      The Mixed Procedure

                   Convergence criteria met.                    


                 Covariance Parameter Estimates
 
                Cov Parm     Subject    Estimate

                FPC_1        subject      0.1391
                FPC_2        subject    0.006447
                Residual                  0.1029
                         The SAS System                        7
                               12:14 Saturday, February 16, 2013

                      The Mixed Procedure

                        Fit Statistics

             -2 Log Likelihood               274.3
             AIC (smaller is better)         284.3
             AICC (smaller is better)        284.5
             BIC (smaller is better)         291.3
                         The SAS System                        8
                               12:14 Saturday, February 16, 2013

                      The Mixed Procedure

                  Solution for Fixed Effects
 
                       Standard
 Effect    Estimate       Error      DF    t Value    Pr > |t|

 FPC_1     -0.09063     0.06987      29      -1.30      0.2048
 FPC_2      0.03864     0.02320      29       1.67      0.1065
                         The SAS System                        9
                               12:14 Saturday, February 16, 2013

                      The Mixed Procedure

                  Solution for Random Effects
 
                              Std Err
  Effect  subject  Estimate      Pred    DF  t Value  Pr > |t|

  FPC_1   1         0.08008    0.1068   240     0.75    0.4541
  FPC_2   1         0.08912   0.06291   240     1.42    0.1579
  FPC_1   10        0.07108    0.1068   240     0.67    0.5063
  FPC_2   10       0.004922   0.06291   240     0.08    0.9377
  FPC_1   11         0.3940    0.1068   240     3.69    0.0003
                         The SAS System                       10
                               12:14 Saturday, February 16, 2013

                      The Mixed Procedure

                  Solution for Random Effects
 
                              Std Err
  Effect  subject  Estimate      Pred    DF  t Value  Pr > |t|

  FPC_2   11       -0.09286   0.06291   240    -1.48    0.1413
  FPC_1   12         0.3846    0.1068   240     3.60    0.0004
  FPC_2   12       -0.01556   0.06291   240    -0.25    0.8049
  FPC_1   13         0.3555    0.1068   240     3.33    0.0010
  FPC_2   13       -0.05111   0.06291   240    -0.81    0.4173
                         The SAS System                       11
                               12:14 Saturday, February 16, 2013

                      The Mixed Procedure

                  Solution for Random Effects
 
                              Std Err
  Effect  subject  Estimate      Pred    DF  t Value  Pr > |t|

  FPC_1   14         0.4302    0.1068   240     4.03    <.0001
  FPC_2   14       0.008259   0.06291   240     0.13    0.8957
  FPC_1   15         0.4313    0.1068   240     4.04    <.0001
  FPC_2   15        0.03118   0.06291   240     0.50    0.6206
  FPC_1   16         0.4277    0.1068   240     4.01    <.0001
                         The SAS System                       12
                               12:14 Saturday, February 16, 2013

                      The Mixed Procedure

                  Solution for Random Effects
 
                              Std Err
  Effect  subject  Estimate      Pred    DF  t Value  Pr > |t|

  FPC_2   16        0.03277   0.06291   240     0.52    0.6029
  FPC_1   17         0.3040    0.1068   240     2.85    0.0048
  FPC_2   17       -0.04218   0.06291   240    -0.67    0.5033
  FPC_1   18         0.4652    0.1068   240     4.36    <.0001
  FPC_2   18        0.03729   0.06291   240     0.59    0.5539
                         The SAS System                       13
                               12:14 Saturday, February 16, 2013

                      The Mixed Procedure

                  Solution for Random Effects
 
                              Std Err
  Effect  subject  Estimate      Pred    DF  t Value  Pr > |t|

  FPC_1   19         0.4302    0.1068   240     4.03    <.0001
  FPC_2   19        0.03386   0.06291   240     0.54    0.5909
  FPC_1   2         0.02791    0.1068   240     0.26    0.7941
  FPC_2   2         0.04297   0.06291   240     0.68    0.4952
  FPC_1   20         0.4291    0.1068   240     4.02    <.0001
                         The SAS System                       14
                               12:14 Saturday, February 16, 2013

                      The Mixed Procedure

                  Solution for Random Effects
 
                              Std Err
  Effect  subject  Estimate      Pred    DF  t Value  Pr > |t|

  FPC_2   20       -0.03124   0.06291   240    -0.50    0.6200
  FPC_1   21        -0.6566    0.1068   240    -6.15    <.0001
  FPC_2   21       -0.07669   0.06291   240    -1.22    0.2241
  FPC_1   22        -0.4556    0.1068   240    -4.27    <.0001
  FPC_2   22        0.02764   0.06291   240     0.44    0.6608
                         The SAS System                       15
                               12:14 Saturday, February 16, 2013

                      The Mixed Procedure

                  Solution for Random Effects
 
                              Std Err
  Effect  subject  Estimate      Pred    DF  t Value  Pr > |t|

  FPC_1   23        -0.3955    0.1068   240    -3.70    0.0003
  FPC_2   23       -0.01790   0.06291   240    -0.28    0.7762
  FPC_1   24        -0.3598    0.1068   240    -3.37    0.0009
  FPC_2   24        0.05466   0.06291   240     0.87    0.3858
  FPC_1   25        -0.4322    0.1068   240    -4.05    <.0001
                         The SAS System                       16
                               12:14 Saturday, February 16, 2013

                      The Mixed Procedure

                  Solution for Random Effects
 
                              Std Err
  Effect  subject  Estimate      Pred    DF  t Value  Pr > |t|

  FPC_2   25        0.04218   0.06291   240     0.67    0.5032
  FPC_1   26        -0.3492    0.1068   240    -3.27    0.0012
  FPC_2   26        0.02277   0.06291   240     0.36    0.7178
  FPC_1   27        -0.5148    0.1068   240    -4.82    <.0001
  FPC_2   27        0.01324   0.06291   240     0.21    0.8335
                         The SAS System                       17
                               12:14 Saturday, February 16, 2013

                      The Mixed Procedure

                  Solution for Random Effects
 
                              Std Err
  Effect  subject  Estimate      Pred    DF  t Value  Pr > |t|

  FPC_1   28        -0.5525    0.1068   240    -5.17    <.0001
  FPC_2   28       -0.00607   0.06291   240    -0.10    0.9232
  FPC_1   29        -0.4317    0.1068   240    -4.04    <.0001
  FPC_2   29        0.01029   0.06291   240     0.16    0.8702
  FPC_1   3        -0.01533    0.1068   240    -0.14    0.8860
                         The SAS System                       18
                               12:14 Saturday, February 16, 2013

                      The Mixed Procedure

                  Solution for Random Effects
 
                              Std Err
  Effect  subject  Estimate      Pred    DF  t Value  Pr > |t|

  FPC_2   3         -0.1228   0.06291   240    -1.95    0.0522
  FPC_1   30        -0.5098    0.1068   240    -4.77    <.0001
  FPC_2   30       -0.08321   0.06291   240    -1.32    0.1872
  FPC_1   4         0.09624    0.1068   240     0.90    0.3684
  FPC_2   4         0.09386   0.06291   240     1.49    0.1371
                         The SAS System                       19
                               12:14 Saturday, February 16, 2013

                      The Mixed Procedure

                  Solution for Random Effects
 
                              Std Err
  Effect  subject  Estimate      Pred    DF  t Value  Pr > |t|

  FPC_1   5         0.01355    0.1068   240     0.13    0.8991
  FPC_2   5         0.04803   0.06291   240     0.76    0.4460
  FPC_1   6         0.06163    0.1068   240     0.58    0.5644
  FPC_2   6        -0.00856   0.06291   240    -0.14    0.8919
  FPC_1   7         0.09238    0.1068   240     0.87    0.3879
                         The SAS System                       20
                               12:14 Saturday, February 16, 2013

                      The Mixed Procedure

                  Solution for Random Effects
 
                              Std Err
  Effect  subject  Estimate      Pred    DF  t Value  Pr > |t|

  FPC_2   7        -0.03106   0.06291   240    -0.49    0.6220
  FPC_1   8         0.08576    0.1068   240     0.80    0.4227
  FPC_2   8         0.02251   0.06291   240     0.36    0.7208
  FPC_1   9         0.09244    0.1068   240     0.87    0.3876
  FPC_2   9        -0.03635   0.06291   240    -0.58    0.5640
                         The SAS System                       21
                               12:14 Saturday, February 16, 2013

                      The Mixed Procedure

                 Type 3 Tests of Fixed Effects
 
                     Num     Den
          Effect      DF      DF    F Value    Pr > F

          FPC_1        1      29       1.68    0.2048
          FPC_2        1      29       2.77    0.1065
