                         The SAS System                        1
                               12:02 Saturday, February 16, 2013

                      The Mixed Procedure

                       Model Information

     Data Set                     WORK.INPUTDATA           
     Dependent Variable           y                        
     Covariance Structure         Variance Components      
     Subject Effect               subject                  
     Estimation Method            ML                       
     Residual Variance Method     Profile                  
     Fixed Effects SE Method      Model-Based              
     Degrees of Freedom Method    Containment              
                         The SAS System                        2
                               12:02 Saturday, February 16, 2013

                      The Mixed Procedure

                    Class Level Information
 
      Class      Levels    Values

      subject        30    1 10 11 12 13 14 15 16 17 18  
                           19 2 20 21 22 23 24 25 26 27  
                           28 29 3 30 4 5 6 7 8 9        
                         The SAS System                        3
                               12:02 Saturday, February 16, 2013

                      The Mixed Procedure

                          Dimensions

              Covariance Parameters             9
              Columns in X                      8
              Columns in Z Per Subject          8
              Subjects                         30
              Max Obs Per Subject              10
                         The SAS System                        4
                               12:02 Saturday, February 16, 2013

                      The Mixed Procedure

                    Number of Observations

          Number of Observations Read             300
          Number of Observations Used             300
          Number of Observations Not Used           0


                         The SAS System                        5
                               12:02 Saturday, February 16, 2013

                      The Mixed Procedure

                       Iteration History
 
  Iteration    Evaluations        -2 Log Like       Criterion

          0              1       500.49464938                
          1              3       439.37550355      0.07012198
          2              2       436.57359754      0.00077642
          3              1       436.52749879      0.00000242
          4              1       436.52735953      0.00000000
                         The SAS System                        6
                               12:02 Saturday, February 16, 2013

                      The Mixed Procedure

                   Convergence criteria met.                    


                 Covariance Parameter Estimates
 
                Cov Parm     Subject    Estimate

                X_1          subject      0.1623
                X_2          subject     0.07635
                X_3          subject      0.3720
                         The SAS System                        7
                               12:02 Saturday, February 16, 2013

                      The Mixed Procedure

                 Covariance Parameter Estimates
 
                Cov Parm     Subject    Estimate

                X_4          subject      0.1786
                X_5          subject      0.2581
                X_6          subject      0.1436
                X_7          subject      0.2455
                X_8          subject      0.5327
                Residual                 0.08423
                         The SAS System                        8
                               12:02 Saturday, February 16, 2013

                      The Mixed Procedure

                        Fit Statistics

             -2 Log Likelihood               436.5
             AIC (smaller is better)         470.5
             AICC (smaller is better)        472.7
             BIC (smaller is better)         494.3
                         The SAS System                        9
                               12:02 Saturday, February 16, 2013

                      The Mixed Procedure

                  Solution for Fixed Effects
 
                       Standard
 Effect    Estimate       Error      DF    t Value    Pr > |t|

 X_1         0.3685     0.09065      29       4.07      0.0003
 X_2         0.3813     0.07316      29       5.21      <.0001
 X_3       -0.07281      0.1214      29      -0.60      0.5534
 X_4        -0.2050     0.09107      29      -2.25      0.0322
 X_5         0.1882      0.1046      29       1.80      0.0824
                         The SAS System                       10
                               12:02 Saturday, February 16, 2013

                      The Mixed Procedure

                  Solution for Fixed Effects
 
                       Standard
 Effect    Estimate       Error      DF    t Value    Pr > |t|

 X_6       -0.04264     0.08441      29      -0.51      0.6173
 X_7        -0.1805      0.1048      29      -1.72      0.0958
 X_8        0.02286      0.1434      29       0.16      0.8744
                         The SAS System                       11
                               12:02 Saturday, February 16, 2013

                      The Mixed Procedure

                  Solution for Random Effects
 
                              Std Err
  Effect  subject  Estimate      Pred    DF  t Value  Pr > |t|

  X_1     1         -0.1968    0.2429    60    -0.81    0.4210
  X_2     1          0.2053    0.2031    60     1.01    0.3162
  X_3     1          0.5668    0.2626    60     2.16    0.0349
  X_4     1         -0.2961    0.2333    60    -1.27    0.2093
  X_5     1         -0.4318    0.2478    60    -1.74    0.0865
                         The SAS System                       12
                               12:02 Saturday, February 16, 2013

                      The Mixed Procedure

                  Solution for Random Effects
 
                              Std Err
  Effect  subject  Estimate      Pred    DF  t Value  Pr > |t|

  X_6     1          0.1166    0.2238    60     0.52    0.6042
  X_7     1        0.003296    0.2623    60     0.01    0.9900
  X_8     1         -0.1187    0.2968    60    -0.40    0.6907
  X_1     10        -0.1073    0.2429    60    -0.44    0.6604
  X_2     10         0.1880    0.2031    60     0.93    0.3583
                         The SAS System                       13
                               12:02 Saturday, February 16, 2013

                      The Mixed Procedure

                  Solution for Random Effects
 
                              Std Err
  Effect  subject  Estimate      Pred    DF  t Value  Pr > |t|

  X_3     10         0.4731    0.2626    60     1.80    0.0766
  X_4     10        -0.1088    0.2333    60    -0.47    0.6428
  X_5     10        -0.1881    0.2478    60    -0.76    0.4507
  X_6     10         0.2768    0.2238    60     1.24    0.2210
  X_7     10         0.2335    0.2623    60     0.89    0.3769
                         The SAS System                       14
                               12:02 Saturday, February 16, 2013

                      The Mixed Procedure

                  Solution for Random Effects
 
                              Std Err
  Effect  subject  Estimate      Pred    DF  t Value  Pr > |t|

  X_8     10        0.08245    0.2968    60     0.28    0.7821
  X_1     11        -0.2451    0.2429    60    -1.01    0.3170
  X_2     11        -0.2543    0.2031    60    -1.25    0.2154
  X_3     11         0.1745    0.2626    60     0.66    0.5089
  X_4     11         0.5366    0.2333    60     2.30    0.0249
                         The SAS System                       15
                               12:02 Saturday, February 16, 2013

                      The Mixed Procedure

                  Solution for Random Effects
 
                              Std Err
  Effect  subject  Estimate      Pred    DF  t Value  Pr > |t|

  X_5     11        -0.4937    0.2478    60    -1.99    0.0509
  X_6     11        -0.3476    0.2238    60    -1.55    0.1257
  X_7     11         0.6782    0.2623    60     2.59    0.0122
  X_8     11         1.2084    0.2968    60     4.07    0.0001
  X_1     12        -0.2622    0.2429    60    -1.08    0.2847
                         The SAS System                       16
                               12:02 Saturday, February 16, 2013

                      The Mixed Procedure

                  Solution for Random Effects
 
                              Std Err
  Effect  subject  Estimate      Pred    DF  t Value  Pr > |t|

  X_2     12        -0.2828    0.2031    60    -1.39    0.1689
  X_3     12        0.03490    0.2626    60     0.13    0.8947
  X_4     12         0.2647    0.2333    60     1.13    0.2611
  X_5     12        -0.3123    0.2478    60    -1.26    0.2124
  X_6     12        -0.3450    0.2238    60    -1.54    0.1284
                         The SAS System                       17
                               12:02 Saturday, February 16, 2013

                      The Mixed Procedure

                  Solution for Random Effects
 
                              Std Err
  Effect  subject  Estimate      Pred    DF  t Value  Pr > |t|

  X_7     12         0.1184    0.2623    60     0.45    0.6534
  X_8     12         0.5919    0.2968    60     1.99    0.0506
  X_1     13       -0.09439    0.2429    60    -0.39    0.6990
  X_2     13        -0.1250    0.2031    60    -0.62    0.5405
  X_3     13         0.2989    0.2626    60     1.14    0.2594
                         The SAS System                       18
                               12:02 Saturday, February 16, 2013

                      The Mixed Procedure

                  Solution for Random Effects
 
                              Std Err
  Effect  subject  Estimate      Pred    DF  t Value  Pr > |t|

  X_4     13         0.5583    0.2333    60     2.39    0.0199
  X_5     13        -0.1041    0.2478    60    -0.42    0.6758
  X_6     13        -0.2160    0.2238    60    -0.97    0.3383
  X_7     13         0.3938    0.2623    60     1.50    0.1385
  X_8     13         0.7727    0.2968    60     2.60    0.0116
                         The SAS System                       19
                               12:02 Saturday, February 16, 2013

                      The Mixed Procedure

                  Solution for Random Effects
 
                              Std Err
  Effect  subject  Estimate      Pred    DF  t Value  Pr > |t|

  X_1     14       -0.00838    0.2429    60    -0.03    0.9726
  X_2     14       -0.06153    0.2031    60    -0.30    0.7630
  X_3     14         0.2624    0.2626    60     1.00    0.3216
  X_4     14         0.5972    0.2333    60     2.56    0.0130
  X_5     14        -0.1874    0.2478    60    -0.76    0.4525
                         The SAS System                       20
                               12:02 Saturday, February 16, 2013

                      The Mixed Procedure

                  Solution for Random Effects
 
                              Std Err
  Effect  subject  Estimate      Pred    DF  t Value  Pr > |t|

  X_6     14        -0.1778    0.2238    60    -0.79    0.4301
  X_7     14         0.6027    0.2623    60     2.30    0.0251
  X_8     14         0.8219    0.2968    60     2.77    0.0075
  X_1     15        -0.1934    0.2429    60    -0.80    0.4292
  X_2     15        -0.1899    0.2031    60    -0.93    0.3536
                         The SAS System                       21
                               12:02 Saturday, February 16, 2013

                      The Mixed Procedure

                  Solution for Random Effects
 
                              Std Err
  Effect  subject  Estimate      Pred    DF  t Value  Pr > |t|

  X_3     15         0.1948    0.2626    60     0.74    0.4611
  X_4     15         0.5591    0.2333    60     2.40    0.0197
  X_5     15        -0.2451    0.2478    60    -0.99    0.3266
  X_6     15        -0.3964    0.2238    60    -1.77    0.0817
  X_7     15         0.4615    0.2623    60     1.76    0.0836
                         The SAS System                       22
                               12:02 Saturday, February 16, 2013

                      The Mixed Procedure

                  Solution for Random Effects
 
                              Std Err
  Effect  subject  Estimate      Pred    DF  t Value  Pr > |t|

  X_8     15         1.0584    0.2968    60     3.57    0.0007
  X_1     16        -0.3221    0.2429    60    -1.33    0.1899
  X_2     16        -0.3237    0.2031    60    -1.59    0.1163
  X_3     16        0.03705    0.2626    60     0.14    0.8882
  X_4     16         0.4622    0.2333    60     1.98    0.0522
                         The SAS System                       23
                               12:02 Saturday, February 16, 2013

                      The Mixed Procedure

                  Solution for Random Effects
 
                              Std Err
  Effect  subject  Estimate      Pred    DF  t Value  Pr > |t|

  X_5     16        -0.5491    0.2478    60    -2.22    0.0305
  X_6     16        -0.5796    0.2238    60    -2.59    0.0120
  X_7     16         0.3724    0.2623    60     1.42    0.1609
  X_8     16         0.9189    0.2968    60     3.10    0.0030
  X_1     17        -0.3533    0.2429    60    -1.45    0.1511
                         The SAS System                       24
                               12:02 Saturday, February 16, 2013

                      The Mixed Procedure

                  Solution for Random Effects
 
                              Std Err
  Effect  subject  Estimate      Pred    DF  t Value  Pr > |t|

  X_2     17        -0.2886    0.2031    60    -1.42    0.1606
  X_3     17         0.1108    0.2626    60     0.42    0.6746
  X_4     17         0.4115    0.2333    60     1.76    0.0829
  X_5     17        -0.4791    0.2478    60    -1.93    0.0579
  X_6     17        -0.5945    0.2238    60    -2.66    0.0101
                         The SAS System                       25
                               12:02 Saturday, February 16, 2013

                      The Mixed Procedure

                  Solution for Random Effects
 
                              Std Err
  Effect  subject  Estimate      Pred    DF  t Value  Pr > |t|

  X_7     17         0.3066    0.2623    60     1.17    0.2471
  X_8     17         0.7454    0.2968    60     2.51    0.0147
  X_1     18        -0.3416    0.2429    60    -1.41    0.1648
  X_2     18        -0.2659    0.2031    60    -1.31    0.1956
  X_3     18       -0.03347    0.2626    60    -0.13    0.8990
                         The SAS System                       26
                               12:02 Saturday, February 16, 2013

                      The Mixed Procedure

                  Solution for Random Effects
 
                              Std Err
  Effect  subject  Estimate      Pred    DF  t Value  Pr > |t|

  X_4     18         0.3440    0.2333    60     1.47    0.1456
  X_5     18        -0.4047    0.2478    60    -1.63    0.1076
  X_6     18        -0.5016    0.2238    60    -2.24    0.0287
  X_7     18         0.2109    0.2623    60     0.80    0.4246
  X_8     18         0.5687    0.2968    60     1.92    0.0601
                         The SAS System                       27
                               12:02 Saturday, February 16, 2013

                      The Mixed Procedure

                  Solution for Random Effects
 
                              Std Err
  Effect  subject  Estimate      Pred    DF  t Value  Pr > |t|

  X_1     19        -0.1103    0.2429    60    -0.45    0.6514
  X_2     19        -0.1010    0.2031    60    -0.50    0.6207
  X_3     19         0.3062    0.2626    60     1.17    0.2481
  X_4     19         0.6160    0.2333    60     2.64    0.0106
  X_5     19       -0.02027    0.2478    60    -0.08    0.9351
                         The SAS System                       28
                               12:02 Saturday, February 16, 2013

                      The Mixed Procedure

                  Solution for Random Effects
 
                              Std Err
  Effect  subject  Estimate      Pred    DF  t Value  Pr > |t|

  X_6     19        -0.1211    0.2238    60    -0.54    0.5905
  X_7     19         0.5090    0.2623    60     1.94    0.0570
  X_8     19         0.9827    0.2968    60     3.31    0.0016
  X_1     2         -0.2367    0.2429    60    -0.97    0.3338
  X_2     2          0.2194    0.2031    60     1.08    0.2844
                         The SAS System                       29
                               12:02 Saturday, February 16, 2013

                      The Mixed Procedure

                  Solution for Random Effects
 
                              Std Err
  Effect  subject  Estimate      Pred    DF  t Value  Pr > |t|

  X_3     2          0.6609    0.2626    60     2.52    0.0145
  X_4     2         -0.1626    0.2333    60    -0.70    0.4887
  X_5     2         -0.1703    0.2478    60    -0.69    0.4946
  X_6     2          0.2598    0.2238    60     1.16    0.2504
  X_7     2          0.1950    0.2623    60     0.74    0.4601
                         The SAS System                       30
                               12:02 Saturday, February 16, 2013

                      The Mixed Procedure

                  Solution for Random Effects
 
                              Std Err
  Effect  subject  Estimate      Pred    DF  t Value  Pr > |t|

  X_8     2         -0.1108    0.2968    60    -0.37    0.7101
  X_1     20        -0.1274    0.2429    60    -0.52    0.6018
  X_2     20        -0.1357    0.2031    60    -0.67    0.5066
  X_3     20         0.1554    0.2626    60     0.59    0.5561
  X_4     20         0.4572    0.2333    60     1.96    0.0547
                         The SAS System                       31
                               12:02 Saturday, February 16, 2013

                      The Mixed Procedure

                  Solution for Random Effects
 
                              Std Err
  Effect  subject  Estimate      Pred    DF  t Value  Pr > |t|

  X_5     20        -0.3485    0.2478    60    -1.41    0.1648
  X_6     20        -0.6003    0.2238    60    -2.68    0.0094
  X_7     20         0.1686    0.2623    60     0.64    0.5227
  X_8     20         0.7708    0.2968    60     2.60    0.0118
  X_1     21         0.2554    0.2429    60     1.05    0.2973
                         The SAS System                       32
                               12:02 Saturday, February 16, 2013

                      The Mixed Procedure

                  Solution for Random Effects
 
                              Std Err
  Effect  subject  Estimate      Pred    DF  t Value  Pr > |t|

  X_2     21        -0.1069    0.2031    60    -0.53    0.6006
  X_3     21        -0.5809    0.2626    60    -2.21    0.0308
  X_4     21        -0.1326    0.2333    60    -0.57    0.5719
  X_5     21         0.5146    0.2478    60     2.08    0.0421
  X_6     21        0.05923    0.2238    60     0.26    0.7922
                         The SAS System                       33
                               12:02 Saturday, February 16, 2013

                      The Mixed Procedure

                  Solution for Random Effects
 
                              Std Err
  Effect  subject  Estimate      Pred    DF  t Value  Pr > |t|

  X_7     21        -0.5937    0.2623    60    -2.26    0.0272
  X_8     21        -0.8215    0.2968    60    -2.77    0.0075
  X_1     22         0.8318    0.2429    60     3.42    0.0011
  X_2     22         0.3023    0.2031    60     1.49    0.1420
  X_3     22        -0.5103    0.2626    60    -1.94    0.0566
                         The SAS System                       34
                               12:02 Saturday, February 16, 2013

                      The Mixed Procedure

                  Solution for Random Effects
 
                              Std Err
  Effect  subject  Estimate      Pred    DF  t Value  Pr > |t|

  X_4     22        -0.3258    0.2333    60    -1.40    0.1678
  X_5     22         0.9016    0.2478    60     3.64    0.0006
  X_6     22         0.6126    0.2238    60     2.74    0.0081
  X_7     22        -0.4501    0.2623    60    -1.72    0.0913
  X_8     22        -0.7819    0.2968    60    -2.63    0.0107
                         The SAS System                       35
                               12:02 Saturday, February 16, 2013

                      The Mixed Procedure

                  Solution for Random Effects
 
                              Std Err
  Effect  subject  Estimate      Pred    DF  t Value  Pr > |t|

  X_1     23         0.4689    0.2429    60     1.93    0.0583
  X_2     23       0.007219    0.2031    60     0.04    0.9718
  X_3     23        -0.6301    0.2626    60    -2.40    0.0195
  X_4     23        -0.1845    0.2333    60    -0.79    0.4323
  X_5     23         0.5007    0.2478    60     2.02    0.0478
                         The SAS System                       36
                               12:02 Saturday, February 16, 2013

                      The Mixed Procedure

                  Solution for Random Effects
 
                              Std Err
  Effect  subject  Estimate      Pred    DF  t Value  Pr > |t|

  X_6     23         0.1168    0.2238    60     0.52    0.6037
  X_7     23        -0.4656    0.2623    60    -1.78    0.0810
  X_8     23        -0.6941    0.2968    60    -2.34    0.0227
  X_1     24         0.3658    0.2429    60     1.51    0.1374
  X_2     24        0.01871    0.2031    60     0.09    0.9269
                         The SAS System                       37
                               12:02 Saturday, February 16, 2013

                      The Mixed Procedure

                  Solution for Random Effects
 
                              Std Err
  Effect  subject  Estimate      Pred    DF  t Value  Pr > |t|

  X_3     24        -0.5330    0.2626    60    -2.03    0.0468
  X_4     24        -0.1880    0.2333    60    -0.81    0.4235
  X_5     24         0.5619    0.2478    60     2.27    0.0269
  X_6     24         0.2147    0.2238    60     0.96    0.3412
  X_7     24        -0.4091    0.2623    60    -1.56    0.1241
                         The SAS System                       38
                               12:02 Saturday, February 16, 2013

                      The Mixed Procedure

                  Solution for Random Effects
 
                              Std Err
  Effect  subject  Estimate      Pred    DF  t Value  Pr > |t|

  X_8     24        -0.6337    0.2968    60    -2.14    0.0368
  X_1     25         0.3904    0.2429    60     1.61    0.1133
  X_2     25       0.001336    0.2031    60     0.01    0.9948
  X_3     25        -0.7911    0.2626    60    -3.01    0.0038
  X_4     25        -0.3639    0.2333    60    -1.56    0.1241
                         The SAS System                       39
                               12:02 Saturday, February 16, 2013

                      The Mixed Procedure

                  Solution for Random Effects
 
                              Std Err
  Effect  subject  Estimate      Pred    DF  t Value  Pr > |t|

  X_5     25         0.6215    0.2478    60     2.51    0.0148
  X_6     25        0.04318    0.2238    60     0.19    0.8477
  X_7     25        -0.7515    0.2623    60    -2.87    0.0057
  X_8     25        -0.9261    0.2968    60    -3.12    0.0028
  X_1     26         0.4630    0.2429    60     1.91    0.0614
                         The SAS System                       40
                               12:02 Saturday, February 16, 2013

                      The Mixed Procedure

                  Solution for Random Effects
 
                              Std Err
  Effect  subject  Estimate      Pred    DF  t Value  Pr > |t|

  X_2     26        0.08972    0.2031    60     0.44    0.6603
  X_3     26        -0.5710    0.2626    60    -2.17    0.0336
  X_4     26        -0.1766    0.2333    60    -0.76    0.4521
  X_5     26         0.6239    0.2478    60     2.52    0.0145
  X_6     26         0.3780    0.2238    60     1.69    0.0964
                         The SAS System                       41
                               12:02 Saturday, February 16, 2013

                      The Mixed Procedure

                  Solution for Random Effects
 
                              Std Err
  Effect  subject  Estimate      Pred    DF  t Value  Pr > |t|

  X_7     26        -0.2952    0.2623    60    -1.13    0.2649
  X_8     26        -0.7209    0.2968    60    -2.43    0.0181
  X_1     27         0.4506    0.2429    60     1.85    0.0685
  X_2     27       -0.09998    0.2031    60    -0.49    0.6244
  X_3     27        -1.1859    0.2626    60    -4.52    <.0001
                         The SAS System                       42
                               12:02 Saturday, February 16, 2013

                      The Mixed Procedure

                  Solution for Random Effects
 
                              Std Err
  Effect  subject  Estimate      Pred    DF  t Value  Pr > |t|

  X_4     27        -0.5057    0.2333    60    -2.17    0.0342
  X_5     27         0.6674    0.2478    60     2.69    0.0092
  X_6     27        0.09332    0.2238    60     0.42    0.6782
  X_7     27        -0.8039    0.2623    60    -3.06    0.0033
  X_8     27        -0.9647    0.2968    60    -3.25    0.0019
                         The SAS System                       43
                               12:02 Saturday, February 16, 2013

                      The Mixed Procedure

                  Solution for Random Effects
 
                              Std Err
  Effect  subject  Estimate      Pred    DF  t Value  Pr > |t|

  X_1     28         0.4344    0.2429    60     1.79    0.0788
  X_2     28       -0.00070    0.2031    60    -0.00    0.9972
  X_3     28        -0.7239    0.2626    60    -2.76    0.0077
  X_4     28        -0.1088    0.2333    60    -0.47    0.6427
  X_5     28         0.6871    0.2478    60     2.77    0.0074
                         The SAS System                       44
                               12:02 Saturday, February 16, 2013

                      The Mixed Procedure

                  Solution for Random Effects
 
                              Std Err
  Effect  subject  Estimate      Pred    DF  t Value  Pr > |t|

  X_6     28         0.1901    0.2238    60     0.85    0.3990
  X_7     28        -0.5118    0.2623    60    -1.95    0.0557
  X_8     28        -0.6158    0.2968    60    -2.08    0.0423
  X_1     29         0.3187    0.2429    60     1.31    0.1945
  X_2     29        -0.1598    0.2031    60    -0.79    0.4344
                         The SAS System                       45
                               12:02 Saturday, February 16, 2013

                      The Mixed Procedure

                  Solution for Random Effects
 
                              Std Err
  Effect  subject  Estimate      Pred    DF  t Value  Pr > |t|

  X_3     29        -0.9808    0.2626    60    -3.74    0.0004
  X_4     29        -0.3122    0.2333    60    -1.34    0.1860
  X_5     29         0.4914    0.2478    60     1.98    0.0519
  X_6     29        0.02423    0.2238    60     0.11    0.9142
  X_7     29        -0.6701    0.2623    60    -2.55    0.0132
                         The SAS System                       46
                               12:02 Saturday, February 16, 2013

                      The Mixed Procedure

                  Solution for Random Effects
 
                              Std Err
  Effect  subject  Estimate      Pred    DF  t Value  Pr > |t|

  X_8     29        -0.7921    0.2968    60    -2.67    0.0098
  X_1     3         -0.3792    0.2429    60    -1.56    0.1238
  X_2     3          0.2100    0.2031    60     1.03    0.3053
  X_3     3          0.4267    0.2626    60     1.62    0.1094
  X_4     3         -0.2112    0.2333    60    -0.91    0.3691
                         The SAS System                       47
                               12:02 Saturday, February 16, 2013

                      The Mixed Procedure

                  Solution for Random Effects
 
                              Std Err
  Effect  subject  Estimate      Pred    DF  t Value  Pr > |t|

  X_5     3         -0.1347    0.2478    60    -0.54    0.5887
  X_6     3          0.2077    0.2238    60     0.93    0.3571
  X_7     3         0.08893    0.2623    60     0.34    0.7358
  X_8     3         -0.2638    0.2968    60    -0.89    0.3776
  X_1     30         0.2951    0.2429    60     1.21    0.2292
                         The SAS System                       48
                               12:02 Saturday, February 16, 2013

                      The Mixed Procedure

                  Solution for Random Effects
 
                              Std Err
  Effect  subject  Estimate      Pred    DF  t Value  Pr > |t|

  X_2     30       -0.03224    0.2031    60    -0.16    0.8744
  X_3     30        -0.7350    0.2626    60    -2.80    0.0069
  X_4     30        -0.1907    0.2333    60    -0.82    0.4169
  X_5     30         0.5091    0.2478    60     2.05    0.0443
  X_6     30         0.1487    0.2238    60     0.66    0.5091
                         The SAS System                       49
                               12:02 Saturday, February 16, 2013

                      The Mixed Procedure

                  Solution for Random Effects
 
                              Std Err
  Effect  subject  Estimate      Pred    DF  t Value  Pr > |t|

  X_7     30        -0.6055    0.2623    60    -2.31    0.0244
  X_8     30        -0.8281    0.2968    60    -2.79    0.0070
  X_1     4         -0.1471    0.2429    60    -0.61    0.5471
  X_2     4          0.2331    0.2031    60     1.15    0.2558
  X_3     4          0.6559    0.2626    60     2.50    0.0152
                         The SAS System                       50
                               12:02 Saturday, February 16, 2013

                      The Mixed Procedure

                  Solution for Random Effects
 
                              Std Err
  Effect  subject  Estimate      Pred    DF  t Value  Pr > |t|

  X_4     4         -0.2051    0.2333    60    -0.88    0.3829
  X_5     4         -0.3384    0.2478    60    -1.37    0.1771
  X_6     4          0.1982    0.2238    60     0.89    0.3795
  X_7     4          0.1634    0.2623    60     0.62    0.5357
  X_8     4        -0.04677    0.2968    60    -0.16    0.8753
                         The SAS System                       51
                               12:02 Saturday, February 16, 2013

                      The Mixed Procedure

                  Solution for Random Effects
 
                              Std Err
  Effect  subject  Estimate      Pred    DF  t Value  Pr > |t|

  X_1     5         -0.4011    0.2429    60    -1.65    0.1039
  X_2     5         0.01617    0.2031    60     0.08    0.9368
  X_3     5          0.3820    0.2626    60     1.45    0.1509
  X_4     5         -0.4828    0.2333    60    -2.07    0.0428
  X_5     5         -0.4687    0.2478    60    -1.89    0.0634
                         The SAS System                       52
                               12:02 Saturday, February 16, 2013

                      The Mixed Procedure

                  Solution for Random Effects
 
                              Std Err
  Effect  subject  Estimate      Pred    DF  t Value  Pr > |t|

  X_6     5         0.06330    0.2238    60     0.28    0.7783
  X_7     5          0.1123    0.2623    60     0.43    0.6700
  X_8     5         -0.1404    0.2968    60    -0.47    0.6379
  X_1     6        -0.06689    0.2429    60    -0.28    0.7840
  X_2     6          0.2488    0.2031    60     1.22    0.2254
                         The SAS System                       53
                               12:02 Saturday, February 16, 2013

                      The Mixed Procedure

                  Solution for Random Effects
 
                              Std Err
  Effect  subject  Estimate      Pred    DF  t Value  Pr > |t|

  X_3     6          0.6795    0.2626    60     2.59    0.0121
  X_4     6        -0.05247    0.2333    60    -0.22    0.8228
  X_5     6         -0.3737    0.2478    60    -1.51    0.1367
  X_6     6          0.1206    0.2238    60     0.54    0.5921
  X_7     6         0.07921    0.2623    60     0.30    0.7637
                         The SAS System                       54
                               12:02 Saturday, February 16, 2013

                      The Mixed Procedure

                  Solution for Random Effects
 
                              Std Err
  Effect  subject  Estimate      Pred    DF  t Value  Pr > |t|

  X_8     6        -0.05769    0.2968    60    -0.19    0.8465
  X_1     7         -0.2205    0.2429    60    -0.91    0.3677
  X_2     7          0.2486    0.2031    60     1.22    0.2258
  X_3     7          0.6059    0.2626    60     2.31    0.0245
  X_4     7         -0.2799    0.2333    60    -1.20    0.2350
                         The SAS System                       55
                               12:02 Saturday, February 16, 2013

                      The Mixed Procedure

                  Solution for Random Effects
 
                              Std Err
  Effect  subject  Estimate      Pred    DF  t Value  Pr > |t|

  X_5     7         -0.4037    0.2478    60    -1.63    0.1085
  X_6     7          0.1900    0.2238    60     0.85    0.3992
  X_7     7          0.2611    0.2623    60     1.00    0.3236
  X_8     7         -0.1011    0.2968    60    -0.34    0.7345
  X_1     8         -0.2879    0.2429    60    -1.19    0.2407
                         The SAS System                       56
                               12:02 Saturday, February 16, 2013

                      The Mixed Procedure

                  Solution for Random Effects
 
                              Std Err
  Effect  subject  Estimate      Pred    DF  t Value  Pr > |t|

  X_2     8          0.1523    0.2031    60     0.75    0.4562
  X_3     8          0.5012    0.2626    60     1.91    0.0610
  X_4     8         -0.3137    0.2333    60    -1.34    0.1839
  X_5     8         -0.2651    0.2478    60    -1.07    0.2890
  X_6     8          0.2375    0.2238    60     1.06    0.2928
                         The SAS System                       57
                               12:02 Saturday, February 16, 2013

                      The Mixed Procedure

                  Solution for Random Effects
 
                              Std Err
  Effect  subject  Estimate      Pred    DF  t Value  Pr > |t|

  X_7     8          0.2447    0.2623    60     0.93    0.3547
  X_8     8         0.04446    0.2968    60     0.15    0.8814
  X_1     9         -0.1726    0.2429    60    -0.71    0.4803
  X_2     9          0.2872    0.2031    60     1.41    0.1625
  X_3     9          0.7487    0.2626    60     2.85    0.0060
                         The SAS System                       58
                               12:02 Saturday, February 16, 2013

                      The Mixed Procedure

                  Solution for Random Effects
 
                              Std Err
  Effect  subject  Estimate      Pred    DF  t Value  Pr > |t|

  X_4     9         -0.2054    0.2333    60    -0.88    0.3822
  X_5     9         -0.1604    0.2478    60    -0.65    0.5199
  X_6     9          0.3285    0.2238    60     1.47    0.1474
  X_7     9          0.3530    0.2623    60     1.35    0.1835
  X_8     9         0.05167    0.2968    60     0.17    0.8624
                         The SAS System                       59
                               12:02 Saturday, February 16, 2013

                      The Mixed Procedure

                 Type 3 Tests of Fixed Effects
 
                     Num     Den
          Effect      DF      DF    F Value    Pr > F

          X_1          1      29      16.53    0.0003
          X_2          1      29      27.16    <.0001
          X_3          1      29       0.36    0.5534
          X_4          1      29       5.07    0.0322
          X_5          1      29       3.24    0.0824
                         The SAS System                       60
                               12:02 Saturday, February 16, 2013

                      The Mixed Procedure

                 Type 3 Tests of Fixed Effects
 
                     Num     Den
          Effect      DF      DF    F Value    Pr > F

          X_6          1      29       0.26    0.6173
          X_7          1      29       2.96    0.0958
          X_8          1      29       0.03    0.8744
