                         The SAS System                        1
                               12:12 Saturday, February 16, 2013

                      The Mixed Procedure

                       Model Information

     Data Set                     WORK.INPUTDATA           
     Dependent Variable           y                        
     Covariance Structure         Compound Symmetry        
     Subject Effect               subject                  
     Estimation Method            ML                       
     Residual Variance Method     Profile                  
     Fixed Effects SE Method      Model-Based              
     Degrees of Freedom Method    Containment              
                         The SAS System                        2
                               12:12 Saturday, February 16, 2013

                      The Mixed Procedure

                    Class Level Information
 
      Class      Levels    Values

      subject        30    1 10 11 12 13 14 15 16 17 18  
                           19 2 20 21 22 23 24 25 26 27  
                           28 29 3 30 4 5 6 7 8 9        
                         The SAS System                        3
                               12:12 Saturday, February 16, 2013

                      The Mixed Procedure

                          Dimensions

              Covariance Parameters             3
              Columns in X                      4
              Columns in Z Per Subject          4
              Subjects                         30
              Max Obs Per Subject              10
                         The SAS System                        4
                               12:12 Saturday, February 16, 2013

                      The Mixed Procedure

                    Number of Observations

          Number of Observations Read             300
          Number of Observations Used             300
          Number of Observations Not Used           0


                         The SAS System                        5
                               12:12 Saturday, February 16, 2013

                      The Mixed Procedure

                       Iteration History
 
  Iteration    Evaluations        -2 Log Like       Criterion

          0              1       495.20010993                
          1              2       440.98725208      0.08937884
          2              1       434.96148850      0.01785638
          3              1       433.77245188      0.00123510
          4              1       433.69619717      0.00000792
                         The SAS System                        6
                               12:12 Saturday, February 16, 2013

                      The Mixed Procedure

                       Iteration History
 
  Iteration    Evaluations        -2 Log Like       Criterion

          5              1       433.69572941      0.00000000


                   Convergence criteria met.                    
                         The SAS System                        7
                               12:12 Saturday, February 16, 2013

                      The Mixed Procedure

                 Covariance Parameter Estimates
 
                Cov Parm     Subject    Estimate

                Variance     subject      0.4080
                CS           subject    -0.08575
                Residual                  0.1367
                         The SAS System                        8
                               12:12 Saturday, February 16, 2013

                      The Mixed Procedure

                        Fit Statistics

             -2 Log Likelihood               433.7
             AIC (smaller is better)         447.7
             AICC (smaller is better)        448.1
             BIC (smaller is better)         457.5
                         The SAS System                        9
                               12:12 Saturday, February 16, 2013

                      The Mixed Procedure

                Null Model Likelihood Ratio Test
 
                  DF    Chi-Square      Pr > ChiSq

                   2         61.50          <.0001


                         The SAS System                       10
                               12:12 Saturday, February 16, 2013

                      The Mixed Procedure

                  Solution for Fixed Effects
 
                       Standard
 Effect    Estimate       Error      DF    t Value    Pr > |t|

 X_1         0.5172      0.1178      29       4.39      0.0001
 X_2        -0.1254      0.1147      29      -1.09      0.2834
 X_3         0.1372      0.1147      29       1.20      0.2415
 X_4        0.02479      0.1178      29       0.21      0.8348
                         The SAS System                       11
                               12:12 Saturday, February 16, 2013

                      The Mixed Procedure

                  Solution for Random Effects
 
                              Std Err
  Effect  subject  Estimate      Pred    DF  t Value  Pr > |t|

  X_1     1         0.06669    0.2761   180     0.24    0.8094
  X_2     1         0.07728    0.2581   180     0.30    0.7650
  X_3     1         0.05312    0.2581   180     0.21    0.8372
  X_4     1        -8.31E-6    0.2761   180    -0.00    1.0000
  X_1     10        -0.1501    0.2761   180    -0.54    0.5875
                         The SAS System                       12
                               12:12 Saturday, February 16, 2013

                      The Mixed Procedure

                  Solution for Random Effects
 
                              Std Err
  Effect  subject  Estimate      Pred    DF  t Value  Pr > |t|

  X_2     10       -0.07655    0.2581   180    -0.30    0.7671
  X_3     10        -0.3744    0.2581   180    -1.45    0.1486
  X_4     10       -0.08828    0.2761   180    -0.32    0.7495
  X_1     11        -0.3219    0.2761   180    -1.17    0.2452
  X_2     11         0.5177    0.2581   180     2.01    0.0464
                         The SAS System                       13
                               12:12 Saturday, February 16, 2013

                      The Mixed Procedure

                  Solution for Random Effects
 
                              Std Err
  Effect  subject  Estimate      Pred    DF  t Value  Pr > |t|

  X_3     11        -0.5356    0.2581   180    -2.08    0.0394
  X_4     11         0.7566    0.2761   180     2.74    0.0068
  X_1     12        -0.5279    0.2761   180    -1.91    0.0575
  X_2     12         0.4930    0.2581   180     1.91    0.0577
  X_3     12        -0.6034    0.2581   180    -2.34    0.0205
                         The SAS System                       14
                               12:12 Saturday, February 16, 2013

                      The Mixed Procedure

                  Solution for Random Effects
 
                              Std Err
  Effect  subject  Estimate      Pred    DF  t Value  Pr > |t|

  X_4     12         0.8505    0.2761   180     3.08    0.0024
  X_1     13        -0.3553    0.2761   180    -1.29    0.1999
  X_2     13         0.5177    0.2581   180     2.01    0.0463
  X_3     13        -0.6288    0.2581   180    -2.44    0.0158
  X_4     13         0.6994    0.2761   180     2.53    0.0122
                         The SAS System                       15
                               12:12 Saturday, February 16, 2013

                      The Mixed Procedure

                  Solution for Random Effects
 
                              Std Err
  Effect  subject  Estimate      Pred    DF  t Value  Pr > |t|

  X_1     14        -0.4774    0.2761   180    -1.73    0.0855
  X_2     14         0.3731    0.2581   180     1.45    0.1500
  X_3     14        -0.5355    0.2581   180    -2.08    0.0394
  X_4     14         0.6960    0.2761   180     2.52    0.0126
  X_1     15        -0.4077    0.2761   180    -1.48    0.1415
                         The SAS System                       16
                               12:12 Saturday, February 16, 2013

                      The Mixed Procedure

                  Solution for Random Effects
 
                              Std Err
  Effect  subject  Estimate      Pred    DF  t Value  Pr > |t|

  X_2     15         0.5059    0.2581   180     1.96    0.0515
  X_3     15        -0.4959    0.2581   180    -1.92    0.0563
  X_4     15         0.6358    0.2761   180     2.30    0.0224
  X_1     16        -0.4650    0.2761   180    -1.68    0.0939
  X_2     16         0.4787    0.2581   180     1.85    0.0653
                         The SAS System                       17
                               12:12 Saturday, February 16, 2013

                      The Mixed Procedure

                  Solution for Random Effects
 
                              Std Err
  Effect  subject  Estimate      Pred    DF  t Value  Pr > |t|

  X_3     16        -0.3287    0.2581   180    -1.27    0.2044
  X_4     16         0.4790    0.2761   180     1.73    0.0845
  X_1     17        -0.5803    0.2761   180    -2.10    0.0370
  X_2     17         0.2961    0.2581   180     1.15    0.2527
  X_3     17        -0.6936    0.2581   180    -2.69    0.0079
                         The SAS System                       18
                               12:12 Saturday, February 16, 2013

                      The Mixed Procedure

                  Solution for Random Effects
 
                              Std Err
  Effect  subject  Estimate      Pred    DF  t Value  Pr > |t|

  X_4     17         0.6963    0.2761   180     2.52    0.0125
  X_1     18        -0.4834    0.2761   180    -1.75    0.0817
  X_2     18         0.4349    0.2581   180     1.69    0.0937
  X_3     18        -0.7912    0.2581   180    -3.07    0.0025
  X_4     18         0.7697    0.2761   180     2.79    0.0059
                         The SAS System                       19
                               12:12 Saturday, February 16, 2013

                      The Mixed Procedure

                  Solution for Random Effects
 
                              Std Err
  Effect  subject  Estimate      Pred    DF  t Value  Pr > |t|

  X_1     19        -0.4361    0.2761   180    -1.58    0.1160
  X_2     19         0.5180    0.2581   180     2.01    0.0462
  X_3     19        -0.4804    0.2581   180    -1.86    0.0643
  X_4     19         0.9679    0.2761   180     3.51    0.0006
  X_1     2         0.05128    0.2761   180     0.19    0.8529
                         The SAS System                       20
                               12:12 Saturday, February 16, 2013

                      The Mixed Procedure

                  Solution for Random Effects
 
                              Std Err
  Effect  subject  Estimate      Pred    DF  t Value  Pr > |t|

  X_2     2          0.3549    0.2581   180     1.38    0.1708
  X_3     2         0.01480    0.2581   180     0.06    0.9543
  X_4     2          0.2149    0.2761   180     0.78    0.4373
  X_1     20        -0.2945    0.2761   180    -1.07    0.2875
  X_2     20         0.3706    0.2581   180     1.44    0.1528
                         The SAS System                       21
                               12:12 Saturday, February 16, 2013

                      The Mixed Procedure

                  Solution for Random Effects
 
                              Std Err
  Effect  subject  Estimate      Pred    DF  t Value  Pr > |t|

  X_3     20        -0.7114    0.2581   180    -2.76    0.0064
  X_4     20         0.5860    0.2761   180     2.12    0.0352
  X_1     21         0.2786    0.2761   180     1.01    0.3143
  X_2     21        -0.7605    0.2581   180    -2.95    0.0036
  X_3     21         0.6219    0.2581   180     2.41    0.0170
                         The SAS System                       22
                               12:12 Saturday, February 16, 2013

                      The Mixed Procedure

                  Solution for Random Effects
 
                              Std Err
  Effect  subject  Estimate      Pred    DF  t Value  Pr > |t|

  X_4     21        -0.7875    0.2761   180    -2.85    0.0049
  X_1     22         0.2705    0.2761   180     0.98    0.3286
  X_2     22        -0.9835    0.2581   180    -3.81    0.0002
  X_3     22         0.7108    0.2581   180     2.75    0.0065
  X_4     22        -0.9889    0.2761   180    -3.58    0.0004
                         The SAS System                       23
                               12:12 Saturday, February 16, 2013

                      The Mixed Procedure

                  Solution for Random Effects
 
                              Std Err
  Effect  subject  Estimate      Pred    DF  t Value  Pr > |t|

  X_1     23         0.4367    0.2761   180     1.58    0.1155
  X_2     23        -0.4629    0.2581   180    -1.79    0.0746
  X_3     23         0.7061    0.2581   180     2.74    0.0068
  X_4     23        -0.7656    0.2761   180    -2.77    0.0061
  X_1     24         0.3921    0.2761   180     1.42    0.1573
                         The SAS System                       24
                               12:12 Saturday, February 16, 2013

                      The Mixed Procedure

                  Solution for Random Effects
 
                              Std Err
  Effect  subject  Estimate      Pred    DF  t Value  Pr > |t|

  X_2     24        -0.5722    0.2581   180    -2.22    0.0279
  X_3     24         0.6886    0.2581   180     2.67    0.0083
  X_4     24        -0.7264    0.2761   180    -2.63    0.0093
  X_1     25         0.7575    0.2761   180     2.74    0.0067
  X_2     25        -0.5574    0.2581   180    -2.16    0.0321
                         The SAS System                       25
                               12:12 Saturday, February 16, 2013

                      The Mixed Procedure

                  Solution for Random Effects
 
                              Std Err
  Effect  subject  Estimate      Pred    DF  t Value  Pr > |t|

  X_3     25         0.9938    0.2581   180     3.85    0.0002
  X_4     25        -0.8772    0.2761   180    -3.18    0.0018
  X_1     26         0.3654    0.2761   180     1.32    0.1875
  X_2     26        -0.3677    0.2581   180    -1.42    0.1560
  X_3     26         0.5870    0.2581   180     2.27    0.0241
                         The SAS System                       26
                               12:12 Saturday, February 16, 2013

                      The Mixed Procedure

                  Solution for Random Effects
 
                              Std Err
  Effect  subject  Estimate      Pred    DF  t Value  Pr > |t|

  X_4     26        -0.8608    0.2761   180    -3.12    0.0021
  X_1     27         0.4700    0.2761   180     1.70    0.0905
  X_2     27        -0.6263    0.2581   180    -2.43    0.0162
  X_3     27         0.5452    0.2581   180     2.11    0.0360
  X_4     27        -0.8499    0.2761   180    -3.08    0.0024
                         The SAS System                       27
                               12:12 Saturday, February 16, 2013

                      The Mixed Procedure

                  Solution for Random Effects
 
                              Std Err
  Effect  subject  Estimate      Pred    DF  t Value  Pr > |t|

  X_1     28         0.5323    0.2761   180     1.93    0.0555
  X_2     28        -0.3216    0.2581   180    -1.25    0.2144
  X_3     28         0.8115    0.2581   180     3.14    0.0019
  X_4     28        -0.7038    0.2761   180    -2.55    0.0116
  X_1     29         0.3265    0.2761   180     1.18    0.2386
                         The SAS System                       28
                               12:12 Saturday, February 16, 2013

                      The Mixed Procedure

                  Solution for Random Effects
 
                              Std Err
  Effect  subject  Estimate      Pred    DF  t Value  Pr > |t|

  X_2     29        -0.4534    0.2581   180    -1.76    0.0807
  X_3     29         0.6873    0.2581   180     2.66    0.0084
  X_4     29        -0.7393    0.2761   180    -2.68    0.0081
  X_1     3         0.04243    0.2761   180     0.15    0.8781
  X_2     3         0.05096    0.2581   180     0.20    0.8437
                         The SAS System                       29
                               12:12 Saturday, February 16, 2013

                      The Mixed Procedure

                  Solution for Random Effects
 
                              Std Err
  Effect  subject  Estimate      Pred    DF  t Value  Pr > |t|

  X_3     3        -0.05403    0.2581   180    -0.21    0.8344
  X_4     3          0.1157    0.2761   180     0.42    0.6758
  X_1     30         0.5006    0.2761   180     1.81    0.0715
  X_2     30        -0.5769    0.2581   180    -2.24    0.0266
  X_3     30         0.6775    0.2581   180     2.62    0.0094
                         The SAS System                       30
                               12:12 Saturday, February 16, 2013

                      The Mixed Procedure

                  Solution for Random Effects
 
                              Std Err
  Effect  subject  Estimate      Pred    DF  t Value  Pr > |t|

  X_4     30        -0.7848    0.2761   180    -2.84    0.0050
  X_1     4        -0.04687    0.2761   180    -0.17    0.8654
  X_2     4        0.003002    0.2581   180     0.01    0.9907
  X_3     4         -0.1395    0.2581   180    -0.54    0.5896
  X_4     4          0.1041    0.2761   180     0.38    0.7067
                         The SAS System                       31
                               12:12 Saturday, February 16, 2013

                      The Mixed Procedure

                  Solution for Random Effects
 
                              Std Err
  Effect  subject  Estimate      Pred    DF  t Value  Pr > |t|

  X_1     5         0.05964    0.2761   180     0.22    0.8292
  X_2     5          0.2703    0.2581   180     1.05    0.2964
  X_3     5        -0.04873    0.2581   180    -0.19    0.8504
  X_4     5          0.2214    0.2761   180     0.80    0.4237
  X_1     6         0.05209    0.2761   180     0.19    0.8506
                         The SAS System                       32
                               12:12 Saturday, February 16, 2013

                      The Mixed Procedure

                  Solution for Random Effects
 
                              Std Err
  Effect  subject  Estimate      Pred    DF  t Value  Pr > |t|

  X_2     6        -0.03733    0.2581   180    -0.14    0.8852
  X_3     6         -0.2080    0.2581   180    -0.81    0.4214
  X_4     6        -0.06636    0.2761   180    -0.24    0.8104
  X_1     7        -0.06656    0.2761   180    -0.24    0.8098
  X_2     7         0.01296    0.2581   180     0.05    0.9600
                         The SAS System                       33
                               12:12 Saturday, February 16, 2013

                      The Mixed Procedure

                  Solution for Random Effects
 
                              Std Err
  Effect  subject  Estimate      Pred    DF  t Value  Pr > |t|

  X_3     7         -0.1147    0.2581   180    -0.44    0.6572
  X_4     7          0.2617    0.2761   180     0.95    0.3445
  X_1     8         -0.1113    0.2761   180    -0.40    0.6874
  X_2     8          0.3234    0.2581   180     1.25    0.2118
  X_3     8        -0.08249    0.2581   180    -0.32    0.7496
                         The SAS System                       34
                               12:12 Saturday, February 16, 2013

                      The Mixed Procedure

                  Solution for Random Effects
 
                              Std Err
  Effect  subject  Estimate      Pred    DF  t Value  Pr > |t|

  X_4     8        -0.00763    0.2761   180    -0.03    0.9780
  X_1     9          0.1221    0.2761   180     0.44    0.6588
  X_2     9          0.1977    0.2581   180     0.77    0.4446
  X_3     9         -0.2714    0.2581   180    -1.05    0.2945
  X_4     9          0.1915    0.2761   180     0.69    0.4888
                         The SAS System                       35
                               12:12 Saturday, February 16, 2013

                      The Mixed Procedure

                 Type 3 Tests of Fixed Effects
 
                     Num     Den
          Effect      DF      DF    F Value    Pr > F

          X_1          1      29      19.29    0.0001
          X_2          1      29       1.19    0.2834
          X_3          1      29       1.43    0.2415
          X_4          1      29       0.04    0.8348
