                         The SAS System                        1
                               12:12 Saturday, February 16, 2013

                      The Mixed Procedure

                       Model Information

     Data Set                     WORK.INPUTDATA           
     Dependent Variable           y                        
     Covariance Structure         Unstructured             
     Subject Effect               subject                  
     Estimation Method            ML                       
     Residual Variance Method     Profile                  
     Fixed Effects SE Method      Model-Based              
     Degrees of Freedom Method    Containment              
                         The SAS System                        2
                               12:12 Saturday, February 16, 2013

                      The Mixed Procedure

                    Class Level Information
 
      Class      Levels    Values

      subject        30    1 10 11 12 13 14 15 16 17 18  
                           19 2 20 21 22 23 24 25 26 27  
                           28 29 3 30 4 5 6 7 8 9        
                         The SAS System                        3
                               12:12 Saturday, February 16, 2013

                      The Mixed Procedure

                          Dimensions

              Covariance Parameters            11
              Columns in X                      4
              Columns in Z Per Subject          4
              Subjects                         30
              Max Obs Per Subject              10
                         The SAS System                        4
                               12:12 Saturday, February 16, 2013

                      The Mixed Procedure

                    Number of Observations

          Number of Observations Read             300
          Number of Observations Used             300
          Number of Observations Not Used           0


                         The SAS System                        5
                               12:12 Saturday, February 16, 2013

                      The Mixed Procedure

                       Iteration History
 
  Iteration    Evaluations        -2 Log Like       Criterion

          0              1       495.20010993                
          1              2       255.99955091     25.08069311
          2              2       248.99213012     20.11925113
          3              3       239.96246288      0.02070699
          4              3       238.32219309      0.00095731
                         The SAS System                        6
                               12:12 Saturday, February 16, 2013

                      The Mixed Procedure

                       Iteration History
 
  Iteration    Evaluations        -2 Log Like       Criterion

          5              1       238.16366733      0.00001595
          6              1       238.16113388      0.00000001
                         The SAS System                        7
                               12:12 Saturday, February 16, 2013

                      The Mixed Procedure

                   Convergence criteria met.                    


                 Covariance Parameter Estimates
 
                Cov Parm     Subject    Estimate

                UN(1,1)      subject      0.1262
                UN(2,1)      subject     -0.1924
                UN(2,2)      subject      0.2920
                         The SAS System                        8
                               12:12 Saturday, February 16, 2013

                      The Mixed Procedure

                 Covariance Parameter Estimates
 
                Cov Parm     Subject    Estimate

                UN(3,1)      subject      0.2919
                UN(3,2)      subject     -0.3398
                UN(3,3)      subject      0.3906
                UN(4,1)      subject     -0.3337
                UN(4,2)      subject      0.4995
                UN(4,3)      subject     -0.5199
                         The SAS System                        9
                               12:12 Saturday, February 16, 2013

                      The Mixed Procedure

                 Covariance Parameter Estimates
 
                Cov Parm     Subject    Estimate

                UN(4,4)      subject      0.6569
                Residual                  0.1327
                         The SAS System                       10
                               12:12 Saturday, February 16, 2013

                      The Mixed Procedure

                        Fit Statistics

             -2 Log Likelihood               238.2
             AIC (smaller is better)         268.2
             AICC (smaller is better)        269.9
             BIC (smaller is better)         289.2
                         The SAS System                       11
                               12:12 Saturday, February 16, 2013

                      The Mixed Procedure

                Null Model Likelihood Ratio Test
 
                  DF    Chi-Square      Pr > ChiSq

                  10        257.04          <.0001


                         The SAS System                       12
                               12:12 Saturday, February 16, 2013

                      The Mixed Procedure

                  Solution for Fixed Effects
 
                       Standard
 Effect    Estimate       Error      DF    t Value    Pr > |t|

 X_1         0.5172     0.08509      29       6.08      <.0001
 X_2        -0.1254      0.1099      29      -1.14      0.2633
 X_3         0.1372      0.1240      29       1.11      0.2776
 X_4        0.02479      0.1579      29       0.16      0.8763
                         The SAS System                       13
                               12:12 Saturday, February 16, 2013

                      The Mixed Procedure

                  Solution for Random Effects
 
                              Std Err
  Effect  subject  Estimate      Pred    DF  t Value  Pr > |t|

  X_1     1         0.03557         0   180    Infty    <.0001
  X_2     1        -0.02940         0   180   -Infty    <.0001
  X_3     1         0.08862         0   180    Infty    <.0001
  X_4     1          0.1149         0   180    Infty    <.0001
  X_1     10        -0.4054         0   180   -Infty    <.0001
                         The SAS System                       14
                               12:12 Saturday, February 16, 2013

                      The Mixed Procedure

                  Solution for Random Effects
 
                              Std Err
  Effect  subject  Estimate      Pred    DF  t Value  Pr > |t|

  X_2     10        -0.5418         0   180   -Infty    <.0001
  X_3     10         0.1517         0   180    Infty    <.0001
  X_4     10         0.4688         0   180    Infty    <.0001
  X_1     11        -0.5864         0   180   -Infty    <.0001
  X_2     11         0.8789         0   180    Infty    <.0001
                         The SAS System                       15
                               12:12 Saturday, February 16, 2013

                      The Mixed Procedure

                  Solution for Random Effects
 
                              Std Err
  Effect  subject  Estimate      Pred    DF  t Value  Pr > |t|

  X_3     11        -0.6137         0   180   -Infty    <.0001
  X_4     11         0.7240         0   180    Infty    <.0001
  X_1     12        -0.1532         0   180   -Infty    <.0001
  X_2     12         0.8214         0   180    Infty    <.0001
  X_3     12        -1.0902         0   180   -Infty    <.0001
                         The SAS System                       16
                               12:12 Saturday, February 16, 2013

                      The Mixed Procedure

                  Solution for Random Effects
 
                              Std Err
  Effect  subject  Estimate      Pred    DF  t Value  Pr > |t|

  X_4     12         0.8015         0   180    Infty    <.0001
  X_1     13        -0.5898         0   180   -Infty    <.0001
  X_2     13         0.5695         0   180    Infty    <.0001
  X_3     13        -0.5503         0   180   -Infty    <.0001
  X_4     13         0.9912         0   180    Infty    <.0001
                         The SAS System                       17
                               12:12 Saturday, February 16, 2013

                      The Mixed Procedure

                  Solution for Random Effects
 
                              Std Err
  Effect  subject  Estimate      Pred    DF  t Value  Pr > |t|

  X_1     14        -0.1167         0   180   -Infty    <.0001
  X_2     14         0.6372         0   180    Infty    <.0001
  X_3     14        -0.9490         0   180   -Infty    <.0001
  X_4     14         0.6581         0   180    Infty    <.0001
  X_1     15         0.1134         0   180    Infty    <.0001
                         The SAS System                       18
                               12:12 Saturday, February 16, 2013

                      The Mixed Procedure

                  Solution for Random Effects
 
                              Std Err
  Effect  subject  Estimate      Pred    DF  t Value  Pr > |t|

  X_2     15         0.2432         0   180    Infty    <.0001
  X_3     15        -0.8128         0   180   -Infty    <.0001
  X_4     15         1.1246         0   180    Infty    <.0001
  X_1     16         1.0928         0   180    Infty    <.0001
  X_2     16        -0.4158         0   180   -Infty    <.0001
                         The SAS System                       19
                               12:12 Saturday, February 16, 2013

                      The Mixed Procedure

                  Solution for Random Effects
 
                              Std Err
  Effect  subject  Estimate      Pred    DF  t Value  Pr > |t|

  X_3     16        -1.0787         0   180   -Infty    <.0001
  X_4     16         1.4343         0   180    Infty    <.0001
  X_1     17        -0.2952         0   180   -Infty    <.0001
  X_2     17         0.5724         0   180    Infty    <.0001
  X_3     17        -0.9969         0   180   -Infty    <.0001
                         The SAS System                       20
                               12:12 Saturday, February 16, 2013

                      The Mixed Procedure

                  Solution for Random Effects
 
                              Std Err
  Effect  subject  Estimate      Pred    DF  t Value  Pr > |t|

  X_4     17         0.6741         0   180    Infty    <.0001
  X_1     18        -0.8308         0   180   -Infty    <.0001
  X_2     18         0.7324         0   180    Infty    <.0001
  X_3     18        -0.6921         0   180   -Infty    <.0001
  X_4     18         0.8522         0   180    Infty    <.0001
                         The SAS System                       21
                               12:12 Saturday, February 16, 2013

                      The Mixed Procedure

                  Solution for Random Effects
 
                              Std Err
  Effect  subject  Estimate      Pred    DF  t Value  Pr > |t|

  X_1     19        -0.3830         0   180   -Infty    <.0001
  X_2     19         1.4422         0   180    Infty    <.0001
  X_3     19        -1.0804         0   180   -Infty    <.0001
  X_4     19         0.3417         0   180    Infty    <.0001
  X_1     2          0.1522         0   180    Infty    <.0001
                         The SAS System                       22
                               12:12 Saturday, February 16, 2013

                      The Mixed Procedure

                  Solution for Random Effects
 
                              Std Err
  Effect  subject  Estimate      Pred    DF  t Value  Pr > |t|

  X_2     2         0.08846         0   180    Infty    <.0001
  X_3     2        -0.05792         0   180   -Infty    <.0001
  X_4     2          0.5641         0   180    Infty    <.0001
  X_1     20        -1.1659         0   180   -Infty    <.0001
  X_2     20         0.6200         0   180    Infty    <.0001
                         The SAS System                       23
                               12:12 Saturday, February 16, 2013

                      The Mixed Procedure

                  Solution for Random Effects
 
                              Std Err
  Effect  subject  Estimate      Pred    DF  t Value  Pr > |t|

  X_3     20        -0.2123         0   180   -Infty    <.0001
  X_4     20         0.7240         0   180    Infty    <.0001
  X_1     21         0.5491         0   180    Infty    <.0001
  X_2     21        -0.4962         0   180   -Infty    <.0001
  X_3     21         0.4505         0   180    Infty    <.0001
                         The SAS System                       24
                               12:12 Saturday, February 16, 2013

                      The Mixed Procedure

                  Solution for Random Effects
 
                              Std Err
  Effect  subject  Estimate      Pred    DF  t Value  Pr > |t|

  X_4     21        -1.4593         0   180   -Infty    <.0001
  X_1     22         0.7661         0   180    Infty    <.0001
  X_2     22        -0.7445         0   180   -Infty    <.0001
  X_3     22         0.4592         0   180    Infty    <.0001
  X_4     22        -1.7457         0   180   -Infty    <.0001
                         The SAS System                       25
                               12:12 Saturday, February 16, 2013

                      The Mixed Procedure

                  Solution for Random Effects
 
                              Std Err
  Effect  subject  Estimate      Pred    DF  t Value  Pr > |t|

  X_1     23         0.7195         0   180    Infty    <.0001
  X_2     23        -0.7650         0   180   -Infty    <.0001
  X_3     23         0.6837         0   180    Infty    <.0001
  X_4     23        -0.8228         0   180   -Infty    <.0001
  X_1     24         0.5401         0   180    Infty    <.0001
                         The SAS System                       26
                               12:12 Saturday, February 16, 2013

                      The Mixed Procedure

                  Solution for Random Effects
 
                              Std Err
  Effect  subject  Estimate      Pred    DF  t Value  Pr > |t|

  X_2     24        -0.4500         0   180   -Infty    <.0001
  X_3     24         0.5901         0   180    Infty    <.0001
  X_4     24        -1.2118         0   180   -Infty    <.0001
  X_1     25         0.1978         0   180    Infty    <.0001
  X_2     25        -0.1968         0   180   -Infty    <.0001
                         The SAS System                       27
                               12:12 Saturday, February 16, 2013

                      The Mixed Procedure

                  Solution for Random Effects
 
                              Std Err
  Effect  subject  Estimate      Pred    DF  t Value  Pr > |t|

  X_3     25         1.2000         0   180    Infty    <.0001
  X_4     25        -1.6079         0   180   -Infty    <.0001
  X_1     26         1.0892         0   180    Infty    <.0001
  X_2     26        -1.5458         0   180   -Infty    <.0001
  X_3     26         0.6901         0   180    Infty    <.0001
                         The SAS System                       28
                               12:12 Saturday, February 16, 2013

                      The Mixed Procedure

                  Solution for Random Effects
 
                              Std Err
  Effect  subject  Estimate      Pred    DF  t Value  Pr > |t|

  X_4     26       -0.04456         0   180   -Infty    <.0001
  X_1     27       -0.05720         0   180   -Infty    <.0001
  X_2     27        -0.6330         0   180   -Infty    <.0001
  X_3     27         1.0384         0   180    Infty    <.0001
  X_4     27        -1.1235         0   180   -Infty    <.0001
                         The SAS System                       29
                               12:12 Saturday, February 16, 2013

                      The Mixed Procedure

                  Solution for Random Effects
 
                              Std Err
  Effect  subject  Estimate      Pred    DF  t Value  Pr > |t|

  X_1     28         0.7916         0   180    Infty    <.0001
  X_2     28        -0.6383         0   180   -Infty    <.0001
  X_3     28         0.7369         0   180    Infty    <.0001
  X_4     28        -0.7323         0   180   -Infty    <.0001
  X_1     29         1.0995         0   180    Infty    <.0001
                         The SAS System                       30
                               12:12 Saturday, February 16, 2013

                      The Mixed Procedure

                  Solution for Random Effects
 
                              Std Err
  Effect  subject  Estimate      Pred    DF  t Value  Pr > |t|

  X_2     29        -0.9427         0   180   -Infty    <.0001
  X_3     29         0.4160         0   180    Infty    <.0001
  X_4     29        -0.6515         0   180   -Infty    <.0001
  X_1     3         -0.4606         0   180   -Infty    <.0001
  X_2     3          0.4181         0   180    Infty    <.0001
                         The SAS System                       31
                               12:12 Saturday, February 16, 2013

                      The Mixed Procedure

                  Solution for Random Effects
 
                              Std Err
  Effect  subject  Estimate      Pred    DF  t Value  Pr > |t|

  X_3     3          0.1051         0   180    Infty    <.0001
  X_4     3         -0.1663         0   180   -Infty    <.0001
  X_1     30         0.1595         0   180    Infty    <.0001
  X_2     30        -0.4159         0   180   -Infty    <.0001
  X_3     30         0.9073         0   180    Infty    <.0001
                         The SAS System                       32
                               12:12 Saturday, February 16, 2013

                      The Mixed Procedure

                  Solution for Random Effects
 
                              Std Err
  Effect  subject  Estimate      Pred    DF  t Value  Pr > |t|

  X_4     30        -1.2608         0   180   -Infty    <.0001
  X_1     4         -0.4038         0   180   -Infty    <.0001
  X_2     4          0.2750         0   180    Infty    <.0001
  X_3     4        0.001981         0   180    Infty    <.0001
  X_4     4        -0.08935         0   180   -Infty    <.0001
                         The SAS System                       33
                               12:12 Saturday, February 16, 2013

                      The Mixed Procedure

                  Solution for Random Effects
 
                              Std Err
  Effect  subject  Estimate      Pred    DF  t Value  Pr > |t|

  X_1     5         -0.2600         0   180   -Infty    <.0001
  X_2     5          0.3335         0   180    Infty    <.0001
  X_3     5         0.05219         0   180    Infty    <.0001
  X_4     5          0.2809         0   180    Infty    <.0001
  X_1     6         -0.7519         0   180   -Infty    <.0001
                         The SAS System                       34
                               12:12 Saturday, February 16, 2013

                      The Mixed Procedure

                  Solution for Random Effects
 
                              Std Err
  Effect  subject  Estimate      Pred    DF  t Value  Pr > |t|

  X_2     6        -0.06782         0   180   -Infty    <.0001
  X_3     6          0.4318         0   180    Infty    <.0001
  X_4     6         0.08384         0   180    Infty    <.0001
  X_1     7         -0.5548         0   180   -Infty    <.0001
  X_2     7          0.8212         0   180    Infty    <.0001
                         The SAS System                       35
                               12:12 Saturday, February 16, 2013

                      The Mixed Procedure

                  Solution for Random Effects
 
                              Std Err
  Effect  subject  Estimate      Pred    DF  t Value  Pr > |t|

  X_3     7         -0.1630         0   180   -Infty    <.0001
  X_4     7         -0.4464         0   180   -Infty    <.0001
  X_1     8          0.9579         0   180    Infty    <.0001
  X_2     8         -1.0868         0   180   -Infty    <.0001
  X_3     8         -0.2208         0   180   -Infty    <.0001
                         The SAS System                       36
                               12:12 Saturday, February 16, 2013

                      The Mixed Procedure

                  Solution for Random Effects
 
                              Std Err
  Effect  subject  Estimate      Pred    DF  t Value  Pr > |t|

  X_4     8          1.3845         0   180    Infty    <.0001
  X_1     9         -1.2495         0   180   -Infty    <.0001
  X_2     9          0.5164         0   180    Infty    <.0001
  X_3     9          0.5146         0   180    Infty    <.0001
  X_4     9          0.1392         0   180    Infty    <.0001
                         The SAS System                       37
                               12:12 Saturday, February 16, 2013

                      The Mixed Procedure

                 Type 3 Tests of Fixed Effects
 
                     Num     Den
          Effect      DF      DF    F Value    Pr > F

          X_1          1      29      36.95    <.0001
          X_2          1      29       1.30    0.2633
          X_3          1      29       1.22    0.2776
          X_4          1      29       0.02    0.8763
