                         The SAS System                        1
                               12:14 Saturday, February 16, 2013

                      The Mixed Procedure

                       Model Information

     Data Set                     WORK.INPUTDATA           
     Dependent Variable           y                        
     Covariance Structure         Variance Components      
     Subject Effect               subject                  
     Estimation Method            ML                       
     Residual Variance Method     Profile                  
     Fixed Effects SE Method      Model-Based              
     Degrees of Freedom Method    Containment              
                         The SAS System                        2
                               12:14 Saturday, February 16, 2013

                      The Mixed Procedure

                    Class Level Information
 
      Class      Levels    Values

      subject        30    1 10 11 12 13 14 15 16 17 18  
                           19 2 20 21 22 23 24 25 26 27  
                           28 29 3 30 4 5 6 7 8 9        
                         The SAS System                        3
                               12:14 Saturday, February 16, 2013

                      The Mixed Procedure

                          Dimensions

              Covariance Parameters             6
              Columns in X                      5
              Columns in Z Per Subject          5
              Subjects                         30
              Max Obs Per Subject              10
                         The SAS System                        4
                               12:14 Saturday, February 16, 2013

                      The Mixed Procedure

                    Number of Observations

          Number of Observations Read             300
          Number of Observations Used             300
          Number of Observations Not Used           0


                         The SAS System                        5
                               12:14 Saturday, February 16, 2013

                      The Mixed Procedure

                       Iteration History
 
  Iteration    Evaluations        -2 Log Like       Criterion

          0              1       491.61487870                
          1              2       438.00360270      0.01026257
          2              1       437.33954627      0.00074887
          3              1       437.29428133      0.00000750
          4              1       437.29385024      0.00000000
                         The SAS System                        6
                               12:14 Saturday, February 16, 2013

                      The Mixed Procedure

                   Convergence criteria met.                    


                 Covariance Parameter Estimates
 
                Cov Parm     Subject    Estimate

                X_1          subject     0.07016
                X_2          subject      0.2358
                X_3          subject     0.03088
                         The SAS System                        7
                               12:14 Saturday, February 16, 2013

                      The Mixed Procedure

                 Covariance Parameter Estimates
 
                Cov Parm     Subject    Estimate

                X_4          subject     0.07313
                X_5          subject      0.6475
                Residual                  0.1656
                         The SAS System                        8
                               12:14 Saturday, February 16, 2013

                      The Mixed Procedure

                        Fit Statistics

             -2 Log Likelihood               437.3
             AIC (smaller is better)         459.3
             AICC (smaller is better)        460.2
             BIC (smaller is better)         474.7
                         The SAS System                        9
                               12:14 Saturday, February 16, 2013

                      The Mixed Procedure

                  Solution for Fixed Effects
 
                       Standard
 Effect    Estimate       Error      DF    t Value    Pr > |t|

 X_1         0.3419     0.08308      29       4.12      0.0003
 X_2       -0.08858      0.1075      29      -0.82      0.4167
 X_3       -0.07037     0.07051      29      -1.00      0.3265
 X_4       -0.02805     0.07832      29      -0.36      0.7228
 X_5       -0.05177      0.1617      29      -0.32      0.7511
                         The SAS System                       10
                               12:14 Saturday, February 16, 2013

                      The Mixed Procedure

                  Solution for Random Effects
 
                              Std Err
  Effect  subject  Estimate      Pred    DF  t Value  Pr > |t|

  X_1     1         0.02847    0.2168   150     0.13    0.8957
  X_2     1          0.5155    0.2777   150     1.86    0.0653
  X_3     1        -0.06687    0.1562   150    -0.43    0.6691
  X_4     1          0.1781    0.2098   150     0.85    0.3972
  X_5     1          0.2395    0.3592   150     0.67    0.5059
                         The SAS System                       11
                               12:14 Saturday, February 16, 2013

                      The Mixed Procedure

                  Solution for Random Effects
 
                              Std Err
  Effect  subject  Estimate      Pred    DF  t Value  Pr > |t|

  X_1     10       -0.09460    0.2168   150    -0.44    0.6632
  X_2     10         0.3526    0.2777   150     1.27    0.2061
  X_3     10       -0.09062    0.1562   150    -0.58    0.5626
  X_4     10        0.07882    0.2098   150     0.38    0.7077
  X_5     10       -0.04568    0.3592   150    -0.13    0.8990
                         The SAS System                       12
                               12:14 Saturday, February 16, 2013

                      The Mixed Procedure

                  Solution for Random Effects
 
                              Std Err
  Effect  subject  Estimate      Pred    DF  t Value  Pr > |t|

  X_1     11        -0.1987    0.2168   150    -0.92    0.3608
  X_2     11       -0.07753    0.2777   150    -0.28    0.7804
  X_3     11       -0.04774    0.1562   150    -0.31    0.7603
  X_4     11        -0.2983    0.2098   150    -1.42    0.1572
  X_5     11         0.7749    0.3592   150     2.16    0.0326
                         The SAS System                       13
                               12:14 Saturday, February 16, 2013

                      The Mixed Procedure

                  Solution for Random Effects
 
                              Std Err
  Effect  subject  Estimate      Pred    DF  t Value  Pr > |t|

  X_1     12        -0.1381    0.2168   150    -0.64    0.5251
  X_2     12         0.2807    0.2777   150     1.01    0.3136
  X_3     12       -0.02325    0.1562   150    -0.15    0.8819
  X_4     12        -0.1957    0.2098   150    -0.93    0.3523
  X_5     12         0.7143    0.3592   150     1.99    0.0486
                         The SAS System                       14
                               12:14 Saturday, February 16, 2013

                      The Mixed Procedure

                  Solution for Random Effects
 
                              Std Err
  Effect  subject  Estimate      Pred    DF  t Value  Pr > |t|

  X_1     13        -0.1828    0.2168   150    -0.84    0.4004
  X_2     13         0.1192    0.2777   150     0.43    0.6684
  X_3     13        0.02509    0.1562   150     0.16    0.8726
  X_4     13        -0.2783    0.2098   150    -1.33    0.1867
  X_5     13         0.5779    0.3592   150     1.61    0.1097
                         The SAS System                       15
                               12:14 Saturday, February 16, 2013

                      The Mixed Procedure

                  Solution for Random Effects
 
                              Std Err
  Effect  subject  Estimate      Pred    DF  t Value  Pr > |t|

  X_1     14        -0.1162    0.2168   150    -0.54    0.5929
  X_2     14         0.2115    0.2777   150     0.76    0.4474
  X_3     14        0.05538    0.1562   150     0.35    0.7234
  X_4     14        -0.2236    0.2098   150    -1.07    0.2883
  X_5     14         0.9775    0.3592   150     2.72    0.0073
                         The SAS System                       16
                               12:14 Saturday, February 16, 2013

                      The Mixed Procedure

                  Solution for Random Effects
 
                              Std Err
  Effect  subject  Estimate      Pred    DF  t Value  Pr > |t|

  X_1     15       -0.09870    0.2168   150    -0.46    0.6496
  X_2     15         0.2758    0.2777   150     0.99    0.3221
  X_3     15        0.06534    0.1562   150     0.42    0.6763
  X_4     15        -0.1513    0.2098   150    -0.72    0.4720
  X_5     15         0.9399    0.3592   150     2.62    0.0098
                         The SAS System                       17
                               12:14 Saturday, February 16, 2013

                      The Mixed Procedure

                  Solution for Random Effects
 
                              Std Err
  Effect  subject  Estimate      Pred    DF  t Value  Pr > |t|

  X_1     16       -0.05469    0.2168   150    -0.25    0.8012
  X_2     16         0.2662    0.2777   150     0.96    0.3392
  X_3     16        0.08030    0.1562   150     0.51    0.6079
  X_4     16        -0.2506    0.2098   150    -1.19    0.2342
  X_5     16         0.9991    0.3592   150     2.78    0.0061
                         The SAS System                       18
                               12:14 Saturday, February 16, 2013

                      The Mixed Procedure

                  Solution for Random Effects
 
                              Std Err
  Effect  subject  Estimate      Pred    DF  t Value  Pr > |t|

  X_1     17        -0.1184    0.2168   150    -0.55    0.5858
  X_2     17       -0.01594    0.2777   150    -0.06    0.9543
  X_3     17       0.008245    0.1562   150     0.05    0.9580
  X_4     17        -0.2236    0.2098   150    -1.07    0.2882
  X_5     17         0.6620    0.3592   150     1.84    0.0673
                         The SAS System                       19
                               12:14 Saturday, February 16, 2013

                      The Mixed Procedure

                  Solution for Random Effects
 
                              Std Err
  Effect  subject  Estimate      Pred    DF  t Value  Pr > |t|

  X_1     18       -0.09347    0.2168   150    -0.43    0.6670
  X_2     18         0.2851    0.2777   150     1.03    0.3062
  X_3     18        0.06478    0.1562   150     0.41    0.6789
  X_4     18        -0.1798    0.2098   150    -0.86    0.3928
  X_5     18         1.1205    0.3592   150     3.12    0.0022
                         The SAS System                       20
                               12:14 Saturday, February 16, 2013

                      The Mixed Procedure

                  Solution for Random Effects
 
                              Std Err
  Effect  subject  Estimate      Pred    DF  t Value  Pr > |t|

  X_1     19       -0.06800    0.2168   150    -0.31    0.7542
  X_2     19         0.2564    0.2777   150     0.92    0.3572
  X_3     19        0.05240    0.1562   150     0.34    0.7377
  X_4     19        -0.1987    0.2098   150    -0.95    0.3451
  X_5     19         1.0903    0.3592   150     3.04    0.0028
                         The SAS System                       21
                               12:14 Saturday, February 16, 2013

                      The Mixed Procedure

                  Solution for Random Effects
 
                              Std Err
  Effect  subject  Estimate      Pred    DF  t Value  Pr > |t|

  X_1     2        -0.02760    0.2168   150    -0.13    0.8989
  X_2     2          0.4638    0.2777   150     1.67    0.0969
  X_3     2        -0.07972    0.1562   150    -0.51    0.6105
  X_4     2          0.1322    0.2098   150     0.63    0.5295
  X_5     2         -0.1265    0.3592   150    -0.35    0.7252
                         The SAS System                       22
                               12:14 Saturday, February 16, 2013

                      The Mixed Procedure

                  Solution for Random Effects
 
                              Std Err
  Effect  subject  Estimate      Pred    DF  t Value  Pr > |t|

  X_1     20        -0.1975    0.2168   150    -0.91    0.3637
  X_2     20         0.1112    0.2777   150     0.40    0.6894
  X_3     20        0.04750    0.1562   150     0.30    0.7614
  X_4     20        -0.2509    0.2098   150    -1.20    0.2337
  X_5     20         0.9221    0.3592   150     2.57    0.0112
                         The SAS System                       23
                               12:14 Saturday, February 16, 2013

                      The Mixed Procedure

                  Solution for Random Effects
 
                              Std Err
  Effect  subject  Estimate      Pred    DF  t Value  Pr > |t|

  X_1     21         0.2811    0.2168   150     1.30    0.1968
  X_2     21        -0.8966    0.2777   150    -3.23    0.0015
  X_3     21        0.01639    0.1562   150     0.10    0.9165
  X_4     21       -0.04133    0.2098   150    -0.20    0.8441
  X_5     21        -1.2008    0.3592   150    -3.34    0.0010
                         The SAS System                       24
                               12:14 Saturday, February 16, 2013

                      The Mixed Procedure

                  Solution for Random Effects
 
                              Std Err
  Effect  subject  Estimate      Pred    DF  t Value  Pr > |t|

  X_1     22         0.2344    0.2168   150     1.08    0.2814
  X_2     22        -0.5184    0.2777   150    -1.87    0.0638
  X_3     22         0.1376    0.1562   150     0.88    0.3796
  X_4     22         0.1363    0.2098   150     0.65    0.5170
  X_5     22        -0.7804    0.3592   150    -2.17    0.0314
                         The SAS System                       25
                               12:14 Saturday, February 16, 2013

                      The Mixed Procedure

                  Solution for Random Effects
 
                              Std Err
  Effect  subject  Estimate      Pred    DF  t Value  Pr > |t|

  X_1     23         0.1282    0.2168   150     0.59    0.5552
  X_2     23        -0.5209    0.2777   150    -1.88    0.0626
  X_3     23        0.04481    0.1562   150     0.29    0.7746
  X_4     23         0.1352    0.2098   150     0.64    0.5202
  X_5     23        -0.6798    0.3592   150    -1.89    0.0603
                         The SAS System                       26
                               12:14 Saturday, February 16, 2013

                      The Mixed Procedure

                  Solution for Random Effects
 
                              Std Err
  Effect  subject  Estimate      Pred    DF  t Value  Pr > |t|

  X_1     24         0.2212    0.2168   150     1.02    0.3092
  X_2     24        -0.2080    0.2777   150    -0.75    0.4549
  X_3     24        0.09787    0.1562   150     0.63    0.5318
  X_4     24         0.1719    0.2098   150     0.82    0.4139
  X_5     24        -0.7449    0.3592   150    -2.07    0.0398
                         The SAS System                       27
                               12:14 Saturday, February 16, 2013

                      The Mixed Procedure

                  Solution for Random Effects
 
                              Std Err
  Effect  subject  Estimate      Pred    DF  t Value  Pr > |t|

  X_1     25         0.2251    0.2168   150     1.04    0.3009
  X_2     25        -0.4463    0.2777   150    -1.61    0.1101
  X_3     25         0.1095    0.1562   150     0.70    0.4845
  X_4     25         0.2108    0.2098   150     1.00    0.3166
  X_5     25        -0.6910    0.3592   150    -1.92    0.0563
                         The SAS System                       28
                               12:14 Saturday, February 16, 2013

                      The Mixed Procedure

                  Solution for Random Effects
 
                              Std Err
  Effect  subject  Estimate      Pred    DF  t Value  Pr > |t|

  X_1     26         0.1899    0.2168   150     0.88    0.3824
  X_2     26        -0.4405    0.2777   150    -1.59    0.1147
  X_3     26        0.08049    0.1562   150     0.52    0.6070
  X_4     26         0.1544    0.2098   150     0.74    0.4629
  X_5     26        -0.5325    0.3592   150    -1.48    0.1403
                         The SAS System                       29
                               12:14 Saturday, February 16, 2013

                      The Mixed Procedure

                  Solution for Random Effects
 
                              Std Err
  Effect  subject  Estimate      Pred    DF  t Value  Pr > |t|

  X_1     27         0.2063    0.2168   150     0.95    0.3429
  X_2     27        -0.4155    0.2777   150    -1.50    0.1367
  X_3     27        0.07318    0.1562   150     0.47    0.6400
  X_4     27         0.1659    0.2098   150     0.79    0.4305
  X_5     27        -1.0227    0.3592   150    -2.85    0.0050
                         The SAS System                       30
                               12:14 Saturday, February 16, 2013

                      The Mixed Procedure

                  Solution for Random Effects
 
                              Std Err
  Effect  subject  Estimate      Pred    DF  t Value  Pr > |t|

  X_1     28         0.1878    0.2168   150     0.87    0.3878
  X_2     28        -0.6143    0.2777   150    -2.21    0.0285
  X_3     28        0.05169    0.1562   150     0.33    0.7411
  X_4     28         0.2658    0.2098   150     1.27    0.2071
  X_5     28        -1.0519    0.3592   150    -2.93    0.0039
                         The SAS System                       31
                               12:14 Saturday, February 16, 2013

                      The Mixed Procedure

                  Solution for Random Effects
 
                              Std Err
  Effect  subject  Estimate      Pred    DF  t Value  Pr > |t|

  X_1     29         0.2131    0.2168   150     0.98    0.3272
  X_2     29        -0.3723    0.2777   150    -1.34    0.1820
  X_3     29        0.05723    0.1562   150     0.37    0.7145
  X_4     29         0.1032    0.2098   150     0.49    0.6236
  X_5     29        -0.8656    0.3592   150    -2.41    0.0172
                         The SAS System                       32
                               12:14 Saturday, February 16, 2013

                      The Mixed Procedure

                  Solution for Random Effects
 
                              Std Err
  Effect  subject  Estimate      Pred    DF  t Value  Pr > |t|

  X_1     3         -0.2055    0.2168   150    -0.95    0.3447
  X_2     3        -0.03017    0.2777   150    -0.11    0.9136
  X_3     3         -0.1793    0.1562   150    -1.15    0.2528
  X_4     3        -0.07505    0.2098   150    -0.36    0.7211
  X_5     3         -0.3212    0.3592   150    -0.89    0.3727
                         The SAS System                       33
                               12:14 Saturday, February 16, 2013

                      The Mixed Procedure

                  Solution for Random Effects
 
                              Std Err
  Effect  subject  Estimate      Pred    DF  t Value  Pr > |t|

  X_1     30        0.06773    0.2168   150     0.31    0.7552
  X_2     30        -0.7123    0.2777   150    -2.57    0.0113
  X_3     30        0.01919    0.1562   150     0.12    0.9024
  X_4     30        0.07777    0.2098   150     0.37    0.7114
  X_5     30        -1.0499    0.3592   150    -2.92    0.0040
                         The SAS System                       34
                               12:14 Saturday, February 16, 2013

                      The Mixed Procedure

                  Solution for Random Effects
 
                              Std Err
  Effect  subject  Estimate      Pred    DF  t Value  Pr > |t|

  X_1     4         0.03329    0.2168   150     0.15    0.8782
  X_2     4          0.6478    0.2777   150     2.33    0.0210
  X_3     4        -0.07398    0.1562   150    -0.47    0.6364
  X_4     4          0.1574    0.2098   150     0.75    0.4544
  X_5     4          0.1212    0.3592   150     0.34    0.7363
                         The SAS System                       35
                               12:14 Saturday, February 16, 2013

                      The Mixed Procedure

                  Solution for Random Effects
 
                              Std Err
  Effect  subject  Estimate      Pred    DF  t Value  Pr > |t|

  X_1     5         0.05139    0.2168   150     0.24    0.8129
  X_2     5          0.3622    0.2777   150     1.30    0.1941
  X_3     5         -0.1144    0.1562   150    -0.73    0.4649
  X_4     5          0.1432    0.2098   150     0.68    0.4961
  X_5     5        0.000340    0.3592   150     0.00    0.9992
                         The SAS System                       36
                               12:14 Saturday, February 16, 2013

                      The Mixed Procedure

                  Solution for Random Effects
 
                              Std Err
  Effect  subject  Estimate      Pred    DF  t Value  Pr > |t|

  X_1     6        -0.09827    0.2168   150    -0.45    0.6510
  X_2     6          0.1406    0.2777   150     0.51    0.6132
  X_3     6        -0.09594    0.1562   150    -0.61    0.5399
  X_4     6         0.09770    0.2098   150     0.47    0.6421
  X_5     6          0.1689    0.3592   150     0.47    0.6388
                         The SAS System                       37
                               12:14 Saturday, February 16, 2013

                      The Mixed Procedure

                  Solution for Random Effects
 
                              Std Err
  Effect  subject  Estimate      Pred    DF  t Value  Pr > |t|

  X_1     7         -0.1444    0.2168   150    -0.67    0.5065
  X_2     7          0.2899    0.2777   150     1.04    0.2981
  X_3     7         -0.1304    0.1562   150    -0.83    0.4052
  X_4     7         0.03922    0.2098   150     0.19    0.8520
  X_5     7        -0.04458    0.3592   150    -0.12    0.9014
                         The SAS System                       38
                               12:14 Saturday, February 16, 2013

                      The Mixed Procedure

                  Solution for Random Effects
 
                              Std Err
  Effect  subject  Estimate      Pred    DF  t Value  Pr > |t|

  X_1     8        -0.05894    0.2168   150    -0.27    0.7861
  X_2     8          0.3646    0.2777   150     1.31    0.1911
  X_3     8        -0.06911    0.1562   150    -0.44    0.6587
  X_4     8         0.09646    0.2098   150     0.46    0.6463
  X_5     8        -0.02112    0.3592   150    -0.06    0.9532
                         The SAS System                       39
                               12:14 Saturday, February 16, 2013

                      The Mixed Procedure

                  Solution for Random Effects
 
                              Std Err
  Effect  subject  Estimate      Pred    DF  t Value  Pr > |t|

  X_1     9         -0.1721    0.2168   150    -0.79    0.4286
  X_2     9          0.3255    0.2777   150     1.17    0.2429
  X_3     9         -0.1157    0.1562   150    -0.74    0.4600
  X_4     9         0.02281    0.2098   150     0.11    0.9136
  X_5     9         -0.1301    0.3592   150    -0.36    0.7178
                         The SAS System                       40
                               12:14 Saturday, February 16, 2013

                      The Mixed Procedure

                 Type 3 Tests of Fixed Effects
 
                     Num     Den
          Effect      DF      DF    F Value    Pr > F

          X_1          1      29      16.94    0.0003
          X_2          1      29       0.68    0.4167
          X_3          1      29       1.00    0.3265
          X_4          1      29       0.13    0.7228
          X_5          1      29       0.10    0.7511
