                         The SAS System                        1
                               12:02 Saturday, February 16, 2013

                      The Mixed Procedure

                       Model Information

     Data Set                     WORK.INPUTDATA           
     Dependent Variable           y                        
     Covariance Structure         Variance Components      
     Subject Effect               subject                  
     Estimation Method            ML                       
     Residual Variance Method     Profile                  
     Fixed Effects SE Method      Model-Based              
     Degrees of Freedom Method    Containment              
                         The SAS System                        2
                               12:02 Saturday, February 16, 2013

                      The Mixed Procedure

                    Class Level Information
 
      Class      Levels    Values

      subject        30    1 10 11 12 13 14 15 16 17 18  
                           19 2 20 21 22 23 24 25 26 27  
                           28 29 3 30 4 5 6 7 8 9        
                         The SAS System                        3
                               12:02 Saturday, February 16, 2013

                      The Mixed Procedure

                          Dimensions

              Covariance Parameters             3
              Columns in X                      2
              Columns in Z Per Subject          2
              Subjects                         30
              Max Obs Per Subject              10
                         The SAS System                        4
                               12:02 Saturday, February 16, 2013

                      The Mixed Procedure

                    Number of Observations

          Number of Observations Read             300
          Number of Observations Used             300
          Number of Observations Not Used           0


                         The SAS System                        5
                               12:02 Saturday, February 16, 2013

                      The Mixed Procedure

                       Iteration History
 
  Iteration    Evaluations        -2 Log Like       Criterion

          0              1       528.48956414                
          1              4       528.48956414      0.00000000
                         The SAS System                        6
                               12:02 Saturday, February 16, 2013

                      The Mixed Procedure

                   Convergence criteria met.                    


                 Covariance Parameter Estimates
 
                Cov Parm     Subject    Estimate

                X_1          subject           0
                X_2          subject           0
                Residual                  0.3409
                         The SAS System                        7
                               12:02 Saturday, February 16, 2013

                      The Mixed Procedure

                        Fit Statistics

             -2 Log Likelihood               528.5
             AIC (smaller is better)         534.5
             AICC (smaller is better)        534.6
             BIC (smaller is better)         538.7
                         The SAS System                        8
                               12:02 Saturday, February 16, 2013

                      The Mixed Procedure

                  Solution for Fixed Effects
 
                       Standard
 Effect    Estimate       Error      DF    t Value    Pr > |t|

 X_1         0.1993     0.06265      29       3.18      0.0035
 X_2        -0.1206     0.06265      29      -1.92      0.0642
                         The SAS System                        9
                               12:02 Saturday, February 16, 2013

                      The Mixed Procedure

                  Solution for Random Effects
 
                              Std Err
  Effect  subject  Estimate      Pred    DF  t Value  Pr > |t|

  X_1     1               0         .     .      .       .    
  X_2     1               0         .     .      .       .    
  X_1     10              0         .     .      .       .    
  X_2     10              0         .     .      .       .    
  X_1     11              0         .     .      .       .    
                         The SAS System                       10
                               12:02 Saturday, February 16, 2013

                      The Mixed Procedure

                  Solution for Random Effects
 
                              Std Err
  Effect  subject  Estimate      Pred    DF  t Value  Pr > |t|

  X_2     11              0         .     .      .       .    
  X_1     12              0         .     .      .       .    
  X_2     12              0         .     .      .       .    
  X_1     13              0         .     .      .       .    
  X_2     13              0         .     .      .       .    
                         The SAS System                       11
                               12:02 Saturday, February 16, 2013

                      The Mixed Procedure

                  Solution for Random Effects
 
                              Std Err
  Effect  subject  Estimate      Pred    DF  t Value  Pr > |t|

  X_1     14              0         .     .      .       .    
  X_2     14              0         .     .      .       .    
  X_1     15              0         .     .      .       .    
  X_2     15              0         .     .      .       .    
  X_1     16              0         .     .      .       .    
                         The SAS System                       12
                               12:02 Saturday, February 16, 2013

                      The Mixed Procedure

                  Solution for Random Effects
 
                              Std Err
  Effect  subject  Estimate      Pred    DF  t Value  Pr > |t|

  X_2     16              0         .     .      .       .    
  X_1     17              0         .     .      .       .    
  X_2     17              0         .     .      .       .    
  X_1     18              0         .     .      .       .    
  X_2     18              0         .     .      .       .    
                         The SAS System                       13
                               12:02 Saturday, February 16, 2013

                      The Mixed Procedure

                  Solution for Random Effects
 
                              Std Err
  Effect  subject  Estimate      Pred    DF  t Value  Pr > |t|

  X_1     19              0         .     .      .       .    
  X_2     19              0         .     .      .       .    
  X_1     2               0         .     .      .       .    
  X_2     2               0         .     .      .       .    
  X_1     20              0         .     .      .       .    
                         The SAS System                       14
                               12:02 Saturday, February 16, 2013

                      The Mixed Procedure

                  Solution for Random Effects
 
                              Std Err
  Effect  subject  Estimate      Pred    DF  t Value  Pr > |t|

  X_2     20              0         .     .      .       .    
  X_1     21              0         .     .      .       .    
  X_2     21              0         .     .      .       .    
  X_1     22              0         .     .      .       .    
  X_2     22              0         .     .      .       .    
                         The SAS System                       15
                               12:02 Saturday, February 16, 2013

                      The Mixed Procedure

                  Solution for Random Effects
 
                              Std Err
  Effect  subject  Estimate      Pred    DF  t Value  Pr > |t|

  X_1     23              0         .     .      .       .    
  X_2     23              0         .     .      .       .    
  X_1     24              0         .     .      .       .    
  X_2     24              0         .     .      .       .    
  X_1     25              0         .     .      .       .    
                         The SAS System                       16
                               12:02 Saturday, February 16, 2013

                      The Mixed Procedure

                  Solution for Random Effects
 
                              Std Err
  Effect  subject  Estimate      Pred    DF  t Value  Pr > |t|

  X_2     25              0         .     .      .       .    
  X_1     26              0         .     .      .       .    
  X_2     26              0         .     .      .       .    
  X_1     27              0         .     .      .       .    
  X_2     27              0         .     .      .       .    
                         The SAS System                       17
                               12:02 Saturday, February 16, 2013

                      The Mixed Procedure

                  Solution for Random Effects
 
                              Std Err
  Effect  subject  Estimate      Pred    DF  t Value  Pr > |t|

  X_1     28              0         .     .      .       .    
  X_2     28              0         .     .      .       .    
  X_1     29              0         .     .      .       .    
  X_2     29              0         .     .      .       .    
  X_1     3               0         .     .      .       .    
                         The SAS System                       18
                               12:02 Saturday, February 16, 2013

                      The Mixed Procedure

                  Solution for Random Effects
 
                              Std Err
  Effect  subject  Estimate      Pred    DF  t Value  Pr > |t|

  X_2     3               0         .     .      .       .    
  X_1     30              0         .     .      .       .    
  X_2     30              0         .     .      .       .    
  X_1     4               0         .     .      .       .    
  X_2     4               0         .     .      .       .    
                         The SAS System                       19
                               12:02 Saturday, February 16, 2013

                      The Mixed Procedure

                  Solution for Random Effects
 
                              Std Err
  Effect  subject  Estimate      Pred    DF  t Value  Pr > |t|

  X_1     5               0         .     .      .       .    
  X_2     5               0         .     .      .       .    
  X_1     6               0         .     .      .       .    
  X_2     6               0         .     .      .       .    
  X_1     7               0         .     .      .       .    
                         The SAS System                       20
                               12:02 Saturday, February 16, 2013

                      The Mixed Procedure

                  Solution for Random Effects
 
                              Std Err
  Effect  subject  Estimate      Pred    DF  t Value  Pr > |t|

  X_2     7               0         .     .      .       .    
  X_1     8               0         .     .      .       .    
  X_2     8               0         .     .      .       .    
  X_1     9               0         .     .      .       .    
  X_2     9               0         .     .      .       .    
                         The SAS System                       21
                               12:02 Saturday, February 16, 2013

                      The Mixed Procedure

                 Type 3 Tests of Fixed Effects
 
                     Num     Den
          Effect      DF      DF    F Value    Pr > F

          X_1          1      29      10.12    0.0035
          X_2          1      29       3.70    0.0642
