                         The SAS System                        1
                               12:12 Saturday, February 16, 2013

                      The Mixed Procedure

                       Model Information

     Data Set                     WORK.INPUTDATA           
     Dependent Variable           y                        
     Covariance Structure         Variance Components      
     Subject Effect               subject                  
     Estimation Method            ML                       
     Residual Variance Method     Profile                  
     Fixed Effects SE Method      Model-Based              
     Degrees of Freedom Method    Containment              
                         The SAS System                        2
                               12:12 Saturday, February 16, 2013

                      The Mixed Procedure

                    Class Level Information
 
      Class      Levels    Values

      subject        30    1 10 11 12 13 14 15 16 17 18  
                           19 2 20 21 22 23 24 25 26 27  
                           28 29 3 30 4 5 6 7 8 9        
                         The SAS System                        3
                               12:12 Saturday, February 16, 2013

                      The Mixed Procedure

                          Dimensions

              Covariance Parameters             6
              Columns in X                      5
              Columns in Z Per Subject          5
              Subjects                         30
              Max Obs Per Subject              10
                         The SAS System                        4
                               12:12 Saturday, February 16, 2013

                      The Mixed Procedure

                    Number of Observations

          Number of Observations Read             300
          Number of Observations Used             300
          Number of Observations Not Used           0


                         The SAS System                        5
                               12:12 Saturday, February 16, 2013

                      The Mixed Procedure

                       Iteration History
 
  Iteration    Evaluations        -2 Log Like       Criterion

          0              1       502.27483812                
          1              2       455.58306768      0.02723515
          2              1       454.05043035      0.00322523
          3              1       453.87902451      0.00008424
          4              1       453.87483299      0.00000009
                         The SAS System                        6
                               12:12 Saturday, February 16, 2013

                      The Mixed Procedure

                       Iteration History
 
  Iteration    Evaluations        -2 Log Like       Criterion

          5              1       453.87482860      0.00000000


                   Convergence criteria met.                    
                         The SAS System                        7
                               12:12 Saturday, February 16, 2013

                      The Mixed Procedure

                 Covariance Parameter Estimates
 
                Cov Parm     Subject    Estimate

                X_1          subject      0.1105
                X_2          subject      0.2654
                X_3          subject     0.07365
                X_4          subject     0.09796
                X_5          subject      0.6139
                Residual                  0.1642
                         The SAS System                        8
                               12:12 Saturday, February 16, 2013

                      The Mixed Procedure

                        Fit Statistics

             -2 Log Likelihood               453.9
             AIC (smaller is better)         475.9
             AICC (smaller is better)        476.8
             BIC (smaller is better)         491.3
                         The SAS System                        9
                               12:12 Saturday, February 16, 2013

                      The Mixed Procedure

                  Solution for Fixed Effects
 
                       Standard
 Effect    Estimate       Error      DF    t Value    Pr > |t|

 X_1         0.5043     0.09060      29       5.57      <.0001
 X_2        0.04218      0.1118      29       0.38      0.7088
 X_3       0.004760     0.07978      29       0.06      0.9528
 X_4        0.06481     0.08325      29       0.78      0.4426
 X_5        0.07026      0.1581      29       0.44      0.6600
                         The SAS System                       10
                               12:12 Saturday, February 16, 2013

                      The Mixed Procedure

                  Solution for Random Effects
 
                              Std Err
  Effect  subject  Estimate      Pred    DF  t Value  Pr > |t|

  X_1     1        -0.07082    0.2496   150    -0.28    0.7770
  X_2     1          0.4744    0.2844   150     1.67    0.0974
  X_3     1         -0.2148    0.2127   150    -1.01    0.3142
  X_4     1          0.2225    0.2285   150     0.97    0.3318
  X_5     1        -0.07039    0.3555   150    -0.20    0.8433
                         The SAS System                       11
                               12:12 Saturday, February 16, 2013

                      The Mixed Procedure

                  Solution for Random Effects
 
                              Std Err
  Effect  subject  Estimate      Pred    DF  t Value  Pr > |t|

  X_1     10        -0.2399    0.2496   150    -0.96    0.3381
  X_2     10        0.02976    0.2844   150     0.10    0.9168
  X_3     10        -0.3186    0.2127   150    -1.50    0.1362
  X_4     10        -0.1542    0.2285   150    -0.67    0.5007
  X_5     10        -0.3177    0.3555   150    -0.89    0.3729
                         The SAS System                       12
                               12:12 Saturday, February 16, 2013

                      The Mixed Procedure

                  Solution for Random Effects
 
                              Std Err
  Effect  subject  Estimate      Pred    DF  t Value  Pr > |t|

  X_1     11        -0.1151    0.2496   150    -0.46    0.6453
  X_2     11         0.2748    0.2844   150     0.97    0.3354
  X_3     11        0.08892    0.2127   150     0.42    0.6765
  X_4     11        -0.2097    0.2285   150    -0.92    0.3601
  X_5     11         0.9371    0.3555   150     2.64    0.0093
                         The SAS System                       13
                               12:12 Saturday, February 16, 2013

                      The Mixed Procedure

                  Solution for Random Effects
 
                              Std Err
  Effect  subject  Estimate      Pred    DF  t Value  Pr > |t|

  X_1     12        -0.2030    0.2496   150    -0.81    0.4174
  X_2     12        0.05202    0.2844   150     0.18    0.8551
  X_3     12         0.1250    0.2127   150     0.59    0.5575
  X_4     12        -0.3015    0.2285   150    -1.32    0.1891
  X_5     12         1.0377    0.3555   150     2.92    0.0041
                         The SAS System                       14
                               12:12 Saturday, February 16, 2013

                      The Mixed Procedure

                  Solution for Random Effects
 
                              Std Err
  Effect  subject  Estimate      Pred    DF  t Value  Pr > |t|

  X_1     13        -0.1648    0.2496   150    -0.66    0.5100
  X_2     13         0.3013    0.2844   150     1.06    0.2910
  X_3     13       -0.01900    0.2127   150    -0.09    0.9289
  X_4     13        -0.2119    0.2285   150    -0.93    0.3552
  X_5     13         0.7858    0.3555   150     2.21    0.0286
                         The SAS System                       15
                               12:12 Saturday, February 16, 2013

                      The Mixed Procedure

                  Solution for Random Effects
 
                              Std Err
  Effect  subject  Estimate      Pred    DF  t Value  Pr > |t|

  X_1     14        -0.2246    0.2496   150    -0.90    0.3696
  X_2     14        0.04565    0.2844   150     0.16    0.8727
  X_3     14        0.03925    0.2127   150     0.18    0.8539
  X_4     14        -0.2506    0.2285   150    -1.10    0.2745
  X_5     14         0.8037    0.3555   150     2.26    0.0252
                         The SAS System                       16
                               12:12 Saturday, February 16, 2013

                      The Mixed Procedure

                  Solution for Random Effects
 
                              Std Err
  Effect  subject  Estimate      Pred    DF  t Value  Pr > |t|

  X_1     15        -0.1492    0.2496   150    -0.60    0.5508
  X_2     15         0.1413    0.2844   150     0.50    0.6200
  X_3     15         0.1249    0.2127   150     0.59    0.5580
  X_4     15        -0.2358    0.2285   150    -1.03    0.3039
  X_5     15         0.7805    0.3555   150     2.20    0.0297
                         The SAS System                       17
                               12:12 Saturday, February 16, 2013

                      The Mixed Procedure

                  Solution for Random Effects
 
                              Std Err
  Effect  subject  Estimate      Pred    DF  t Value  Pr > |t|

  X_1     16        -0.1853    0.2496   150    -0.74    0.4591
  X_2     16        0.08223    0.2844   150     0.29    0.7729
  X_3     16         0.1627    0.2127   150     0.76    0.4455
  X_4     16        -0.1597    0.2285   150    -0.70    0.4857
  X_5     16         0.5757    0.3555   150     1.62    0.1074
                         The SAS System                       18
                               12:12 Saturday, February 16, 2013

                      The Mixed Procedure

                  Solution for Random Effects
 
                              Std Err
  Effect  subject  Estimate      Pred    DF  t Value  Pr > |t|

  X_1     17        -0.3136    0.2496   150    -1.26    0.2109
  X_2     17        -0.1303    0.2844   150    -0.46    0.6476
  X_3     17        0.01166    0.2127   150     0.05    0.9563
  X_4     17        -0.4149    0.2285   150    -1.82    0.0714
  X_5     17         0.7694    0.3555   150     2.16    0.0320
                         The SAS System                       19
                               12:12 Saturday, February 16, 2013

                      The Mixed Procedure

                  Solution for Random Effects
 
                              Std Err
  Effect  subject  Estimate      Pred    DF  t Value  Pr > |t|

  X_1     18        -0.2394    0.2496   150    -0.96    0.3391
  X_2     18        0.07604    0.2844   150     0.27    0.7895
  X_3     18       -0.04942    0.2127   150    -0.23    0.8166
  X_4     18        -0.3351    0.2285   150    -1.47    0.1446
  X_5     18         0.7978    0.3555   150     2.24    0.0263
                         The SAS System                       20
                               12:12 Saturday, February 16, 2013

                      The Mixed Procedure

                  Solution for Random Effects
 
                              Std Err
  Effect  subject  Estimate      Pred    DF  t Value  Pr > |t|

  X_1     19        -0.1250    0.2496   150    -0.50    0.6172
  X_2     19         0.1911    0.2844   150     0.67    0.5025
  X_3     19         0.1380    0.2127   150     0.65    0.5174
  X_4     19        -0.1408    0.2285   150    -0.62    0.5388
  X_5     19         1.1937    0.3555   150     3.36    0.0010
                         The SAS System                       21
                               12:12 Saturday, February 16, 2013

                      The Mixed Procedure

                  Solution for Random Effects
 
                              Std Err
  Effect  subject  Estimate      Pred    DF  t Value  Pr > |t|

  X_1     2        -0.01434    0.2496   150    -0.06    0.9543
  X_2     2          0.6707    0.2844   150     2.36    0.0196
  X_3     2        -0.07500    0.2127   150    -0.35    0.7249
  X_4     2          0.2428    0.2285   150     1.06    0.2897
  X_5     2          0.2524    0.3555   150     0.71    0.4789
                         The SAS System                       22
                               12:12 Saturday, February 16, 2013

                      The Mixed Procedure

                  Solution for Random Effects
 
                              Std Err
  Effect  subject  Estimate      Pred    DF  t Value  Pr > |t|

  X_1     20        -0.1274    0.2496   150    -0.51    0.6106
  X_2     20        0.05328    0.2844   150     0.19    0.8516
  X_3     20        0.01334    0.2127   150     0.06    0.9501
  X_4     20        -0.4073    0.2285   150    -1.78    0.0767
  X_5     20         0.7010    0.3555   150     1.97    0.0505
                         The SAS System                       23
                               12:12 Saturday, February 16, 2013

                      The Mixed Procedure

                  Solution for Random Effects
 
                              Std Err
  Effect  subject  Estimate      Pred    DF  t Value  Pr > |t|

  X_1     21         0.1678    0.2496   150     0.67    0.5025
  X_2     21        -0.7830    0.2844   150    -2.75    0.0066
  X_3     21        0.05263    0.2127   150     0.25    0.8049
  X_4     21        0.09916    0.2285   150     0.43    0.6650
  X_5     21        -0.9328    0.3555   150    -2.62    0.0096
                         The SAS System                       24
                               12:12 Saturday, February 16, 2013

                      The Mixed Procedure

                  Solution for Random Effects
 
                              Std Err
  Effect  subject  Estimate      Pred    DF  t Value  Pr > |t|

  X_1     22         0.1321    0.2496   150     0.53    0.5973
  X_2     22        -1.0299    0.2844   150    -3.62    0.0004
  X_3     22        0.03023    0.2127   150     0.14    0.8872
  X_4     22        0.06696    0.2285   150     0.29    0.7699
  X_5     22        -1.2076    0.3555   150    -3.40    0.0009
                         The SAS System                       25
                               12:12 Saturday, February 16, 2013

                      The Mixed Procedure

                  Solution for Random Effects
 
                              Std Err
  Effect  subject  Estimate      Pred    DF  t Value  Pr > |t|

  X_1     23         0.3122    0.2496   150     1.25    0.2130
  X_2     23        -0.4320    0.2844   150    -1.52    0.1308
  X_3     23         0.1914    0.2127   150     0.90    0.3696
  X_4     23         0.1736    0.2285   150     0.76    0.4487
  X_5     23        -0.7671    0.3555   150    -2.16    0.0325
                         The SAS System                       26
                               12:12 Saturday, February 16, 2013

                      The Mixed Procedure

                  Solution for Random Effects
 
                              Std Err
  Effect  subject  Estimate      Pred    DF  t Value  Pr > |t|

  X_1     24         0.2522    0.2496   150     1.01    0.3139
  X_2     24        -0.4987    0.2844   150    -1.75    0.0815
  X_3     24         0.1288    0.2127   150     0.61    0.5458
  X_4     24         0.1708    0.2285   150     0.75    0.4558
  X_5     24        -0.7640    0.3555   150    -2.15    0.0332
                         The SAS System                       27
                               12:12 Saturday, February 16, 2013

                      The Mixed Procedure

                  Solution for Random Effects
 
                              Std Err
  Effect  subject  Estimate      Pred    DF  t Value  Pr > |t|

  X_1     25         0.5280    0.2496   150     2.12    0.0361
  X_2     25        -0.3335    0.2844   150    -1.17    0.2428
  X_3     25         0.2486    0.2127   150     1.17    0.2444
  X_4     25         0.3543    0.2285   150     1.55    0.1231
  X_5     25        -0.8074    0.3555   150    -2.27    0.0246
                         The SAS System                       28
                               12:12 Saturday, February 16, 2013

                      The Mixed Procedure

                  Solution for Random Effects
 
                              Std Err
  Effect  subject  Estimate      Pred    DF  t Value  Pr > |t|

  X_1     26         0.2285    0.2496   150     0.92    0.3613
  X_2     26        -0.3640    0.2844   150    -1.28    0.2026
  X_3     26         0.1527    0.2127   150     0.72    0.4739
  X_4     26         0.1035    0.2285   150     0.45    0.6512
  X_5     26        -0.9349    0.3555   150    -2.63    0.0094
                         The SAS System                       29
                               12:12 Saturday, February 16, 2013

                      The Mixed Procedure

                  Solution for Random Effects
 
                              Std Err
  Effect  subject  Estimate      Pred    DF  t Value  Pr > |t|

  X_1     27         0.3290    0.2496   150     1.32    0.1895
  X_2     27        -0.7140    0.2844   150    -2.51    0.0131
  X_3     27         0.1831    0.2127   150     0.86    0.3908
  X_4     27       -0.05510    0.2285   150    -0.24    0.8098
  X_5     27        -0.8487    0.3555   150    -2.39    0.0182
                         The SAS System                       30
                               12:12 Saturday, February 16, 2013

                      The Mixed Procedure

                  Solution for Random Effects
 
                              Std Err
  Effect  subject  Estimate      Pred    DF  t Value  Pr > |t|

  X_1     28         0.3835    0.2496   150     1.54    0.1265
  X_2     28        -0.1694    0.2844   150    -0.60    0.5524
  X_3     28         0.2252    0.2127   150     1.06    0.2914
  X_4     28         0.3135    0.2285   150     1.37    0.1722
  X_5     28        -0.6468    0.3555   150    -1.82    0.0709
                         The SAS System                       31
                               12:12 Saturday, February 16, 2013

                      The Mixed Procedure

                  Solution for Random Effects
 
                              Std Err
  Effect  subject  Estimate      Pred    DF  t Value  Pr > |t|

  X_1     29         0.2324    0.2496   150     0.93    0.3534
  X_2     29        -0.4557    0.2844   150    -1.60    0.1112
  X_3     29         0.1639    0.2127   150     0.77    0.4422
  X_4     29         0.2098    0.2285   150     0.92    0.3600
  X_5     29        -0.8242    0.3555   150    -2.32    0.0218
                         The SAS System                       32
                               12:12 Saturday, February 16, 2013

                      The Mixed Procedure

                  Solution for Random Effects
 
                              Std Err
  Effect  subject  Estimate      Pred    DF  t Value  Pr > |t|

  X_1     3        -0.09126    0.2496   150    -0.37    0.7152
  X_2     3          0.4345    0.2844   150     1.53    0.1287
  X_3     3         -0.2458    0.2127   150    -1.16    0.2497
  X_4     3          0.1842    0.2285   150     0.81    0.4214
  X_5     3         0.02415    0.3555   150     0.07    0.9459
                         The SAS System                       33
                               12:12 Saturday, February 16, 2013

                      The Mixed Procedure

                  Solution for Random Effects
 
                              Std Err
  Effect  subject  Estimate      Pred    DF  t Value  Pr > |t|

  X_1     30         0.3387    0.2496   150     1.36    0.1768
  X_2     30        -0.5074    0.2844   150    -1.78    0.0764
  X_3     30         0.1392    0.2127   150     0.65    0.5139
  X_4     30         0.1495    0.2285   150     0.65    0.5140
  X_5     30        -0.8044    0.3555   150    -2.26    0.0251
                         The SAS System                       34
                               12:12 Saturday, February 16, 2013

                      The Mixed Procedure

                  Solution for Random Effects
 
                              Std Err
  Effect  subject  Estimate      Pred    DF  t Value  Pr > |t|

  X_1     4         -0.1467    0.2496   150    -0.59    0.5576
  X_2     4          0.2849    0.2844   150     1.00    0.3180
  X_3     4         -0.2451    0.2127   150    -1.15    0.2510
  X_4     4         0.06391    0.2285   150     0.28    0.7801
  X_5     4         0.01439    0.3555   150     0.04    0.9678
                         The SAS System                       35
                               12:12 Saturday, February 16, 2013

                      The Mixed Procedure

                  Solution for Random Effects
 
                              Std Err
  Effect  subject  Estimate      Pred    DF  t Value  Pr > |t|

  X_1     5        -0.03254    0.2496   150    -0.13    0.8965
  X_2     5          0.6014    0.2844   150     2.11    0.0361
  X_3     5         -0.1193    0.2127   150    -0.56    0.5757
  X_4     5          0.1927    0.2285   150     0.84    0.4005
  X_5     5          0.2329    0.3555   150     0.66    0.5134
                         The SAS System                       36
                               12:12 Saturday, February 16, 2013

                      The Mixed Procedure

                  Solution for Random Effects
 
                              Std Err
  Effect  subject  Estimate      Pred    DF  t Value  Pr > |t|

  X_1     6         -0.1054    0.2496   150    -0.42    0.6735
  X_2     6          0.2415    0.2844   150     0.85    0.3972
  X_3     6         -0.2841    0.2127   150    -1.34    0.1837
  X_4     6        0.005102    0.2285   150     0.02    0.9822
  X_5     6         -0.2295    0.3555   150    -0.65    0.5196
                         The SAS System                       37
                               12:12 Saturday, February 16, 2013

                      The Mixed Procedure

                  Solution for Random Effects
 
                              Std Err
  Effect  subject  Estimate      Pred    DF  t Value  Pr > |t|

  X_1     7         -0.1472    0.2496   150    -0.59    0.5562
  X_2     7          0.3456    0.2844   150     1.22    0.2262
  X_3     7         -0.2686    0.2127   150    -1.26    0.2086
  X_4     7          0.1657    0.2285   150     0.73    0.4694
  X_5     7          0.1680    0.3555   150     0.47    0.6372
                         The SAS System                       38
                               12:12 Saturday, February 16, 2013

                      The Mixed Procedure

                  Solution for Random Effects
 
                              Std Err
  Effect  subject  Estimate      Pred    DF  t Value  Pr > |t|

  X_1     8         -0.1746    0.2496   150    -0.70    0.4853
  X_2     8          0.5501    0.2844   150     1.93    0.0550
  X_3     8         -0.1318    0.2127   150    -0.62    0.5365
  X_4     8         0.09932    0.2285   150     0.43    0.6644
  X_5     8        -0.07209    0.3555   150    -0.20    0.8396
                         The SAS System                       39
                               12:12 Saturday, February 16, 2013

                      The Mixed Procedure

                  Solution for Random Effects
 
                              Std Err
  Effect  subject  Estimate      Pred    DF  t Value  Pr > |t|

  X_1     9        -0.03420    0.2496   150    -0.14    0.8912
  X_2     9          0.5670    0.2844   150     1.99    0.0480
  X_3     9         -0.2479    0.2127   150    -1.17    0.2456
  X_4     9         0.05918    0.2285   150     0.26    0.7960
  X_5     9          0.1533    0.3555   150     0.43    0.6669
                         The SAS System                       40
                               12:12 Saturday, February 16, 2013

                      The Mixed Procedure

                 Type 3 Tests of Fixed Effects
 
                     Num     Den
          Effect      DF      DF    F Value    Pr > F

          X_1          1      29      30.99    <.0001
          X_2          1      29       0.14    0.7088
          X_3          1      29       0.00    0.9528
          X_4          1      29       0.61    0.4426
          X_5          1      29       0.20    0.6600
