                         The SAS System                        1
                               12:02 Saturday, February 16, 2013

                      The Mixed Procedure

                       Model Information

     Data Set                     WORK.INPUTDATA           
     Dependent Variable           y                        
     Covariance Structure         Variance Components      
     Subject Effect               subject                  
     Estimation Method            ML                       
     Residual Variance Method     Profile                  
     Fixed Effects SE Method      Model-Based              
     Degrees of Freedom Method    Containment              
                         The SAS System                        2
                               12:02 Saturday, February 16, 2013

                      The Mixed Procedure

                    Class Level Information
 
      Class      Levels    Values

      subject        30    1 10 11 12 13 14 15 16 17 18  
                           19 2 20 21 22 23 24 25 26 27  
                           28 29 3 30 4 5 6 7 8 9        
                         The SAS System                        3
                               12:02 Saturday, February 16, 2013

                      The Mixed Procedure

                          Dimensions

              Covariance Parameters             7
              Columns in X                      6
              Columns in Z Per Subject          6
              Subjects                         30
              Max Obs Per Subject              10
                         The SAS System                        4
                               12:02 Saturday, February 16, 2013

                      The Mixed Procedure

                    Number of Observations

          Number of Observations Read             300
          Number of Observations Used             300
          Number of Observations Not Used           0


                         The SAS System                        5
                               12:02 Saturday, February 16, 2013

                      The Mixed Procedure

                       Iteration History
 
  Iteration    Evaluations        -2 Log Like       Criterion

          0              1       501.62289745                
          1              2       362.54352234      0.18229260
          2              1       340.31165408      0.07221050
          3              1       330.79345073      0.02047159
          4              1       328.09390275      0.00328414
                         The SAS System                        6
                               12:02 Saturday, February 16, 2013

                      The Mixed Procedure

                       Iteration History
 
  Iteration    Evaluations        -2 Log Like       Criterion

          5              1       327.68135120      0.00017722
          6              1       327.66066355      0.00000088
          7              1       327.66056474      0.00000000
                         The SAS System                        7
                               12:02 Saturday, February 16, 2013

                      The Mixed Procedure

                   Convergence criteria met.                    


                 Covariance Parameter Estimates
 
                Cov Parm     Subject    Estimate

                X_1          subject      0.2391
                X_2          subject      0.4349
                X_3          subject      0.5310
                         The SAS System                        8
                               12:02 Saturday, February 16, 2013

                      The Mixed Procedure

                 Covariance Parameter Estimates
 
                Cov Parm     Subject    Estimate

                X_4          subject      0.6572
                X_5          subject      0.1093
                X_6          subject      0.7088
                Residual                 0.04006
                         The SAS System                        9
                               12:02 Saturday, February 16, 2013

                      The Mixed Procedure

                        Fit Statistics

             -2 Log Likelihood               327.7
             AIC (smaller is better)         353.7
             AICC (smaller is better)        354.9
             BIC (smaller is better)         371.9
                         The SAS System                       10
                               12:02 Saturday, February 16, 2013

                      The Mixed Procedure

                  Solution for Fixed Effects
 
                       Standard
 Effect    Estimate       Error      DF    t Value    Pr > |t|

 X_1         0.4279     0.09560      29       4.48      0.0001
 X_2         0.1037      0.1256      29       0.83      0.4156
 X_3        -0.3591      0.1385      29      -2.59      0.0148
 X_4         0.3201      0.1529      29       2.09      0.0452
 X_5        -0.1825     0.07006      29      -2.60      0.0144
                         The SAS System                       11
                               12:02 Saturday, February 16, 2013

                      The Mixed Procedure

                  Solution for Fixed Effects
 
                       Standard
 Effect    Estimate       Error      DF    t Value    Pr > |t|

 X_6       -0.01027      0.1575      29      -0.07      0.9484
                         The SAS System                       12
                               12:02 Saturday, February 16, 2013

                      The Mixed Procedure

                  Solution for Random Effects
 
                              Std Err
  Effect  subject  Estimate      Pred    DF  t Value  Pr > |t|

  X_1     1         -0.2265    0.1935   120    -1.17    0.2439
  X_2     1          0.8189    0.2187   120     3.74    0.0003
  X_3     1         -0.3325    0.2378   120    -1.40    0.1647
  X_4     1         -0.4885    0.2465   120    -1.98    0.0498
  X_5     1          0.1946    0.1752   120     1.11    0.2689
                         The SAS System                       13
                               12:02 Saturday, February 16, 2013

                      The Mixed Procedure

                  Solution for Random Effects
 
                              Std Err
  Effect  subject  Estimate      Pred    DF  t Value  Pr > |t|

  X_6     1         -0.1463    0.2357   120    -0.62    0.5359
  X_1     10        -0.1097    0.1935   120    -0.57    0.5718
  X_2     10         0.6585    0.2187   120     3.01    0.0032
  X_3     10        -0.1091    0.2378   120    -0.46    0.6474
  X_4     10        -0.2089    0.2465   120    -0.85    0.3984
                         The SAS System                       14
                               12:02 Saturday, February 16, 2013

                      The Mixed Procedure

                  Solution for Random Effects
 
                              Std Err
  Effect  subject  Estimate      Pred    DF  t Value  Pr > |t|

  X_5     10         0.3941    0.1752   120     2.25    0.0263
  X_6     10         0.1097    0.2357   120     0.47    0.6425
  X_1     11        -0.4082    0.1935   120    -2.11    0.0369
  X_2     11        -0.2138    0.2187   120    -0.98    0.3303
  X_3     11         1.0774    0.2378   120     4.53    <.0001
                         The SAS System                       15
                               12:02 Saturday, February 16, 2013

                      The Mixed Procedure

                  Solution for Random Effects
 
                              Std Err
  Effect  subject  Estimate      Pred    DF  t Value  Pr > |t|

  X_4     11        -0.9928    0.2465   120    -4.03    <.0001
  X_5     11       -0.07438    0.1752   120    -0.42    0.6720
  X_6     11         1.4534    0.2357   120     6.17    <.0001
  X_1     12        -0.4411    0.1935   120    -2.28    0.0244
  X_2     12        -0.2450    0.2187   120    -1.12    0.2649
                         The SAS System                       16
                               12:02 Saturday, February 16, 2013

                      The Mixed Procedure

                  Solution for Random Effects
 
                              Std Err
  Effect  subject  Estimate      Pred    DF  t Value  Pr > |t|

  X_3     12         0.5446    0.2378   120     2.29    0.0238
  X_4     12        -0.5815    0.2465   120    -2.36    0.0199
  X_5     12        -0.2881    0.1752   120    -1.64    0.1027
  X_6     12         0.6597    0.2357   120     2.80    0.0060
  X_1     13        -0.1947    0.1935   120    -1.01    0.3163
                         The SAS System                       17
                               12:02 Saturday, February 16, 2013

                      The Mixed Procedure

                  Solution for Random Effects
 
                              Std Err
  Effect  subject  Estimate      Pred    DF  t Value  Pr > |t|

  X_2     13        0.02232    0.2187   120     0.10    0.9189
  X_3     13         0.9704    0.2378   120     4.08    <.0001
  X_4     13        -0.3941    0.2465   120    -1.60    0.1125
  X_5     13       -0.08698    0.1752   120    -0.50    0.6205
  X_6     13         0.9181    0.2357   120     3.90    0.0002
                         The SAS System                       18
                               12:02 Saturday, February 16, 2013

                      The Mixed Procedure

                  Solution for Random Effects
 
                              Std Err
  Effect  subject  Estimate      Pred    DF  t Value  Pr > |t|

  X_1     14       -0.05087    0.1935   120    -0.26    0.7931
  X_2     14       -0.00323    0.2187   120    -0.01    0.9883
  X_3     14         1.0608    0.2378   120     4.46    <.0001
  X_4     14        -0.5650    0.2465   120    -2.29    0.0237
  X_5     14        0.06903    0.1752   120     0.39    0.6943
                         The SAS System                       19
                               12:02 Saturday, February 16, 2013

                      The Mixed Procedure

                  Solution for Random Effects
 
                              Std Err
  Effect  subject  Estimate      Pred    DF  t Value  Pr > |t|

  X_6     14         1.0322    0.2357   120     4.38    <.0001
  X_1     15        -0.3215    0.1935   120    -1.66    0.0991
  X_2     15        -0.1308    0.2187   120    -0.60    0.5510
  X_3     15         1.0311    0.2378   120     4.34    <.0001
  X_4     15        -0.6444    0.2465   120    -2.61    0.0101
                         The SAS System                       20
                               12:02 Saturday, February 16, 2013

                      The Mixed Procedure

                  Solution for Random Effects
 
                              Std Err
  Effect  subject  Estimate      Pred    DF  t Value  Pr > |t|

  X_5     15        -0.2399    0.1752   120    -1.37    0.1736
  X_6     15         1.2443    0.2357   120     5.28    <.0001
  X_1     16        -0.5138    0.1935   120    -2.66    0.0090
  X_2     16        -0.3664    0.2187   120    -1.68    0.0965
  X_3     16         0.9778    0.2378   120     4.11    <.0001
                         The SAS System                       21
                               12:02 Saturday, February 16, 2013

                      The Mixed Procedure

                  Solution for Random Effects
 
                              Std Err
  Effect  subject  Estimate      Pred    DF  t Value  Pr > |t|

  X_4     16        -1.0802    0.2465   120    -4.38    <.0001
  X_5     16        -0.3760    0.1752   120    -2.15    0.0339
  X_6     16         1.0999    0.2357   120     4.67    <.0001
  X_1     17        -0.5470    0.1935   120    -2.83    0.0055
  X_2     17        -0.2417    0.2187   120    -1.10    0.2714
                         The SAS System                       22
                               12:02 Saturday, February 16, 2013

                      The Mixed Procedure

                  Solution for Random Effects
 
                              Std Err
  Effect  subject  Estimate      Pred    DF  t Value  Pr > |t|

  X_3     17         0.8880    0.2378   120     3.73    0.0003
  X_4     17        -0.9685    0.2465   120    -3.93    0.0001
  X_5     17        -0.4137    0.1752   120    -2.36    0.0199
  X_6     17         0.9157    0.2357   120     3.89    0.0002
  X_1     18        -0.4974    0.1935   120    -2.57    0.0114
                         The SAS System                       23
                               12:02 Saturday, February 16, 2013

                      The Mixed Procedure

                  Solution for Random Effects
 
                              Std Err
  Effect  subject  Estimate      Pred    DF  t Value  Pr > |t|

  X_2     18        -0.3581    0.2187   120    -1.64    0.1042
  X_3     18         0.7776    0.2378   120     3.27    0.0014
  X_4     18        -0.8529    0.2465   120    -3.46    0.0007
  X_5     18        -0.3472    0.1752   120    -1.98    0.0498
  X_6     18         0.6940    0.2357   120     2.94    0.0039
                         The SAS System                       24
                               12:02 Saturday, February 16, 2013

                      The Mixed Procedure

                  Solution for Random Effects
 
                              Std Err
  Effect  subject  Estimate      Pred    DF  t Value  Pr > |t|

  X_1     19        -0.1986    0.1935   120    -1.03    0.3067
  X_2     19        0.03702    0.2187   120     0.17    0.8659
  X_3     19         1.0425    0.2378   120     4.38    <.0001
  X_4     19        -0.2940    0.2465   120    -1.19    0.2355
  X_5     19        0.01549    0.1752   120     0.09    0.9297
                         The SAS System                       25
                               12:02 Saturday, February 16, 2013

                      The Mixed Procedure

                  Solution for Random Effects
 
                              Std Err
  Effect  subject  Estimate      Pred    DF  t Value  Pr > |t|

  X_6     19         1.1467    0.2357   120     4.86    <.0001
  X_1     2         -0.2777    0.1935   120    -1.44    0.1539
  X_2     2          0.9094    0.2187   120     4.16    <.0001
  X_3     2         -0.1847    0.2378   120    -0.78    0.4389
  X_4     2         -0.1630    0.2465   120    -0.66    0.5097
                         The SAS System                       26
                               12:02 Saturday, February 16, 2013

                      The Mixed Procedure

                  Solution for Random Effects
 
                              Std Err
  Effect  subject  Estimate      Pred    DF  t Value  Pr > |t|

  X_5     2          0.3735    0.1752   120     2.13    0.0351
  X_6     2        -0.08307    0.2357   120    -0.35    0.7251
  X_1     20        -0.2131    0.1935   120    -1.10    0.2729
  X_2     20        -0.1197    0.2187   120    -0.55    0.5852
  X_3     20         0.9096    0.2378   120     3.82    0.0002
                         The SAS System                       27
                               12:02 Saturday, February 16, 2013

                      The Mixed Procedure

                  Solution for Random Effects
 
                              Std Err
  Effect  subject  Estimate      Pred    DF  t Value  Pr > |t|

  X_4     20        -0.7989    0.2465   120    -3.24    0.0015
  X_5     20        -0.4962    0.1752   120    -2.83    0.0054
  X_6     20         0.8898    0.2357   120     3.78    0.0003
  X_1     21         0.3217    0.1935   120     1.66    0.0990
  X_2     21        -0.6120    0.2187   120    -2.80    0.0060
                         The SAS System                       28
                               12:02 Saturday, February 16, 2013

                      The Mixed Procedure

                  Solution for Random Effects
 
                              Std Err
  Effect  subject  Estimate      Pred    DF  t Value  Pr > |t|

  X_3     21        -0.4131    0.2378   120    -1.74    0.0850
  X_4     21         0.8336    0.2465   120     3.38    0.0010
  X_5     21        -0.1974    0.1752   120    -1.13    0.2622
  X_6     21        -1.0024    0.2357   120    -4.25    <.0001
  X_1     22         1.1751    0.1935   120     6.07    <.0001
                         The SAS System                       29
                               12:02 Saturday, February 16, 2013

                      The Mixed Procedure

                  Solution for Random Effects
 
                              Std Err
  Effect  subject  Estimate      Pred    DF  t Value  Pr > |t|

  X_2     22        -0.2355    0.2187   120    -1.08    0.2837
  X_3     22        -0.8901    0.2378   120    -3.74    0.0003
  X_4     22         1.5458    0.2465   120     6.27    <.0001
  X_5     22         0.2971    0.1752   120     1.70    0.0926
  X_6     22        -0.9948    0.2357   120    -4.22    <.0001
                         The SAS System                       30
                               12:02 Saturday, February 16, 2013

                      The Mixed Procedure

                  Solution for Random Effects
 
                              Std Err
  Effect  subject  Estimate      Pred    DF  t Value  Pr > |t|

  X_1     23         0.6336    0.1935   120     3.27    0.0014
  X_2     23        -0.5909    0.2187   120    -2.70    0.0079
  X_3     23        -0.5341    0.2378   120    -2.25    0.0266
  X_4     23         0.8702    0.2465   120     3.53    0.0006
  X_5     23        -0.1229    0.1752   120    -0.70    0.4845
                         The SAS System                       31
                               12:02 Saturday, February 16, 2013

                      The Mixed Procedure

                  Solution for Random Effects
 
                              Std Err
  Effect  subject  Estimate      Pred    DF  t Value  Pr > |t|

  X_6     23        -0.8384    0.2357   120    -3.56    0.0005
  X_1     24         0.5067    0.1935   120     2.62    0.0100
  X_2     24        -0.4801    0.2187   120    -2.19    0.0301
  X_3     24        -0.5022    0.2378   120    -2.11    0.0368
  X_4     24         0.9180    0.2465   120     3.72    0.0003
                         The SAS System                       32
                               12:02 Saturday, February 16, 2013

                      The Mixed Procedure

                  Solution for Random Effects
 
                              Std Err
  Effect  subject  Estimate      Pred    DF  t Value  Pr > |t|

  X_5     24       -0.00567    0.1752   120    -0.03    0.9743
  X_6     24        -0.7788    0.2357   120    -3.30    0.0013
  X_1     25         0.5553    0.1935   120     2.87    0.0048
  X_2     25        -0.6635    0.2187   120    -3.03    0.0030
  X_3     25        -0.8677    0.2378   120    -3.65    0.0004
                         The SAS System                       33
                               12:02 Saturday, February 16, 2013

                      The Mixed Procedure

                  Solution for Random Effects
 
                              Std Err
  Effect  subject  Estimate      Pred    DF  t Value  Pr > |t|

  X_4     25         1.0955    0.2465   120     4.44    <.0001
  X_5     25        -0.3160    0.1752   120    -1.80    0.0738
  X_6     25        -1.1507    0.2357   120    -4.88    <.0001
  X_1     26         0.6569    0.1935   120     3.40    0.0009
  X_2     26        -0.4438    0.2187   120    -2.03    0.0446
                         The SAS System                       34
                               12:02 Saturday, February 16, 2013

                      The Mixed Procedure

                  Solution for Random Effects
 
                              Std Err
  Effect  subject  Estimate      Pred    DF  t Value  Pr > |t|

  X_3     26        -0.5842    0.2378   120    -2.46    0.0155
  X_4     26         1.0680    0.2465   120     4.33    <.0001
  X_5     26         0.1919    0.1752   120     1.10    0.2756
  X_6     26        -0.8441    0.2357   120    -3.58    0.0005
  X_1     27         0.6329    0.1935   120     3.27    0.0014
                         The SAS System                       35
                               12:02 Saturday, February 16, 2013

                      The Mixed Procedure

                  Solution for Random Effects
 
                              Std Err
  Effect  subject  Estimate      Pred    DF  t Value  Pr > |t|

  X_2     27        -1.1057    0.2187   120    -5.06    <.0001
  X_3     27        -1.1149    0.2378   120    -4.69    <.0001
  X_4     27         1.2160    0.2465   120     4.93    <.0001
  X_5     27        -0.3053    0.1752   120    -1.74    0.0840
  X_6     27        -1.2135    0.2357   120    -5.15    <.0001
                         The SAS System                       36
                               12:02 Saturday, February 16, 2013

                      The Mixed Procedure

                  Solution for Random Effects
 
                              Std Err
  Effect  subject  Estimate      Pred    DF  t Value  Pr > |t|

  X_1     28         0.6042    0.1935   120     3.12    0.0022
  X_2     28        -0.6708    0.2187   120    -3.07    0.0027
  X_3     28        -0.5133    0.2378   120    -2.16    0.0329
  X_4     28         1.1528    0.2465   120     4.68    <.0001
  X_5     28        -0.1210    0.1752   120    -0.69    0.4912
                         The SAS System                       37
                               12:02 Saturday, February 16, 2013

                      The Mixed Procedure

                  Solution for Random Effects
 
                              Std Err
  Effect  subject  Estimate      Pred    DF  t Value  Pr > |t|

  X_6     28        -0.7885    0.2357   120    -3.35    0.0011
  X_1     29         0.4256    0.1935   120     2.20    0.0297
  X_2     29        -0.9972    0.2187   120    -4.56    <.0001
  X_3     29        -0.7393    0.2378   120    -3.11    0.0023
  X_4     29         0.8833    0.2465   120     3.58    0.0005
                         The SAS System                       38
                               12:02 Saturday, February 16, 2013

                      The Mixed Procedure

                  Solution for Random Effects
 
                              Std Err
  Effect  subject  Estimate      Pred    DF  t Value  Pr > |t|

  X_5     29        -0.2860    0.1752   120    -1.63    0.1053
  X_6     29        -0.9942    0.2357   120    -4.22    <.0001
  X_1     3         -0.4096    0.1935   120    -2.12    0.0363
  X_2     3          0.7266    0.2187   120     3.32    0.0012
  X_3     3         -0.3050    0.2378   120    -1.28    0.2022
                         The SAS System                       39
                               12:02 Saturday, February 16, 2013

                      The Mixed Procedure

                  Solution for Random Effects
 
                              Std Err
  Effect  subject  Estimate      Pred    DF  t Value  Pr > |t|

  X_4     3        -0.09766    0.2465   120    -0.40    0.6927
  X_5     3          0.2898    0.1752   120     1.65    0.1008
  X_6     3         -0.2583    0.2357   120    -1.10    0.2753
  X_1     30         0.4317    0.1935   120     2.23    0.0275
  X_2     30        -0.6932    0.2187   120    -3.17    0.0019
                         The SAS System                       40
                               12:02 Saturday, February 16, 2013

                      The Mixed Procedure

                  Solution for Random Effects
 
                              Std Err
  Effect  subject  Estimate      Pred    DF  t Value  Pr > |t|

  X_3     30        -0.5379    0.2378   120    -2.26    0.0255
  X_4     30         0.8730    0.2465   120     3.54    0.0006
  X_5     30        -0.1214    0.1752   120    -0.69    0.4898
  X_6     30        -1.0291    0.2357   120    -4.37    <.0001
  X_1     4         -0.1631    0.1935   120    -0.84    0.4009
                         The SAS System                       41
                               12:02 Saturday, February 16, 2013

                      The Mixed Procedure

                  Solution for Random Effects
 
                              Std Err
  Effect  subject  Estimate      Pred    DF  t Value  Pr > |t|

  X_2     4          0.8791    0.2187   120     4.02    0.0001
  X_3     4         -0.1723    0.2378   120    -0.72    0.4702
  X_4     4         -0.4182    0.2465   120    -1.70    0.0924
  X_5     4          0.3304    0.1752   120     1.89    0.0618
  X_6     4        -0.03046    0.2357   120    -0.13    0.8974
                         The SAS System                       42
                               12:02 Saturday, February 16, 2013

                      The Mixed Procedure

                  Solution for Random Effects
 
                              Std Err
  Effect  subject  Estimate      Pred    DF  t Value  Pr > |t|

  X_1     5         -0.5376    0.1935   120    -2.78    0.0063
  X_2     5          0.5660    0.2187   120     2.59    0.0108
  X_3     5         -0.5595    0.2378   120    -2.35    0.0203
  X_4     5         -0.5561    0.2465   120    -2.26    0.0259
  X_5     5          0.2048    0.1752   120     1.17    0.2448
                         The SAS System                       43
                               12:02 Saturday, February 16, 2013

                      The Mixed Procedure

                  Solution for Random Effects
 
                              Std Err
  Effect  subject  Estimate      Pred    DF  t Value  Pr > |t|

  X_6     5         -0.1165    0.2357   120    -0.49    0.6220
  X_1     6        -0.05660    0.1935   120    -0.29    0.7704
  X_2     6          0.8433    0.2187   120     3.86    0.0002
  X_3     6         0.07085    0.2378   120     0.30    0.7663
  X_4     6         -0.4943    0.2465   120    -2.01    0.0472
                         The SAS System                       44
                               12:02 Saturday, February 16, 2013

                      The Mixed Procedure

                  Solution for Random Effects
 
                              Std Err
  Effect  subject  Estimate      Pred    DF  t Value  Pr > |t|

  X_5     6          0.2247    0.1752   120     1.28    0.2022
  X_6     6        -0.05981    0.2357   120    -0.25    0.8001
  X_1     7         -0.2364    0.1935   120    -1.22    0.2241
  X_2     7          0.8917    0.2187   120     4.08    <.0001
  X_3     7         -0.2997    0.2378   120    -1.26    0.2101
                         The SAS System                       45
                               12:02 Saturday, February 16, 2013

                      The Mixed Procedure

                  Solution for Random Effects
 
                              Std Err
  Effect  subject  Estimate      Pred    DF  t Value  Pr > |t|

  X_4     7         -0.4973    0.2465   120    -2.02    0.0459
  X_5     7          0.3851    0.1752   120     2.20    0.0299
  X_6     7        -0.04493    0.2357   120    -0.19    0.8492
  X_1     8         -0.3526    0.1935   120    -1.82    0.0709
  X_2     8          0.7550    0.2187   120     3.45    0.0008
                         The SAS System                       46
                               12:02 Saturday, February 16, 2013

                      The Mixed Procedure

                  Solution for Random Effects
 
                              Std Err
  Effect  subject  Estimate      Pred    DF  t Value  Pr > |t|

  X_3     8         -0.4170    0.2378   120    -1.75    0.0821
  X_4     8         -0.2353    0.2465   120    -0.95    0.3417
  X_5     8          0.3502    0.1752   120     2.00    0.0479
  X_6     8         0.08858    0.2357   120     0.38    0.7077
  X_1     9         -0.1877    0.1935   120    -0.97    0.3339
                         The SAS System                       47
                               12:02 Saturday, February 16, 2013

                      The Mixed Procedure

                  Solution for Random Effects
 
                              Std Err
  Effect  subject  Estimate      Pred    DF  t Value  Pr > |t|

  X_2     9          1.0634    0.2187   120     4.86    <.0001
  X_3     9         -0.2741    0.2378   120    -1.15    0.2515
  X_4     9         -0.1244    0.2465   120    -0.50    0.6148
  X_5     9          0.4775    0.1752   120     2.72    0.0074
  X_6     9          0.1217    0.2357   120     0.52    0.6065
                         The SAS System                       48
                               12:02 Saturday, February 16, 2013

                      The Mixed Procedure

                 Type 3 Tests of Fixed Effects
 
                     Num     Den
          Effect      DF      DF    F Value    Pr > F

          X_1          1      29      20.03    0.0001
          X_2          1      29       0.68    0.4156
          X_3          1      29       6.72    0.0148
          X_4          1      29       4.38    0.0452
          X_5          1      29       6.78    0.0144
                         The SAS System                       49
                               12:02 Saturday, February 16, 2013

                      The Mixed Procedure

                 Type 3 Tests of Fixed Effects
 
                     Num     Den
          Effect      DF      DF    F Value    Pr > F

          X_6          1      29       0.00    0.9484
